{"meta": {"version": "7.2.7", "timestamp": "2023-07-09T22:32:30.518985", "branch_coverage": false, "show_contexts": false}, "files": {"RUFAS\\__init__.py": {"executed_lines": [1], "summary": {"covered_lines": 1, "num_statements": 1, "percent_covered": 100.0, "percent_covered_display": "100", "missing_lines": 0, "excluded_lines": 0}, "missing_lines": [], "excluded_lines": []}, "RUFAS\\classes.py": {"executed_lines": [1, 13, 15, 16, 17, 18, 19, 20, 21, 22, 25, 28, 29, 63, 73, 79, 81, 299, 318, 320, 486, 487, 515, 526, 540, 551, 567, 568, 581], "summary": {"covered_lines": 28, "num_statements": 296, "percent_covered": 9.45945945945946, "percent_covered_display": "9", "missing_lines": 268, "excluded_lines": 0}, "missing_lines": [52, 53, 54, 56, 57, 58, 59, 60, 61, 69, 70, 71, 74, 75, 76, 92, 98, 99, 100, 101, 102, 103, 106, 107, 110, 112, 113, 117, 119, 120, 123, 124, 127, 129, 130, 131, 132, 133, 134, 135, 136, 137, 138, 142, 143, 144, 146, 149, 150, 151, 153, 156, 159, 160, 162, 164, 165, 166, 167, 169, 170, 171, 173, 176, 177, 178, 179, 183, 185, 187, 188, 189, 190, 191, 193, 195, 197, 198, 199, 200, 201, 205, 206, 208, 209, 210, 211, 212, 213, 215, 217, 218, 220, 221, 223, 225, 226, 230, 231, 233, 234, 235, 236, 237, 238, 240, 241, 242, 244, 245, 247, 248, 249, 252, 257, 268, 270, 272, 273, 274, 275, 276, 277, 278, 281, 282, 283, 285, 286, 288, 290, 292, 293, 295, 296, 297, 304, 305, 306, 308, 309, 311, 313, 315, 335, 339, 340, 341, 342, 343, 346, 347, 348, 349, 350, 351, 352, 354, 355, 359, 360, 362, 366, 367, 368, 369, 371, 372, 373, 374, 375, 377, 378, 381, 382, 383, 384, 385, 386, 387, 390, 392, 393, 396, 397, 402, 403, 404, 407, 408, 409, 410, 412, 413, 416, 417, 418, 421, 422, 423, 426, 428, 430, 431, 432, 433, 434, 435, 436, 438, 439, 440, 442, 445, 446, 448, 451, 454, 455, 456, 458, 460, 464, 465, 467, 471, 472, 473, 475, 476, 479, 482, 483, 496, 498, 500, 501, 502, 503, 504, 505, 508, 509, 510, 512, 513, 524, 533, 534, 535, 536, 538, 549, 560, 561, 562, 563, 565, 575, 576, 578, 590, 591, 592, 593, 594, 595, 597], "excluded_lines": []}, "RUFAS\\database_reader.py": {"executed_lines": [1, 4, 5, 8, 11], "summary": {"covered_lines": 4, "num_statements": 35, "percent_covered": 11.428571428571429, "percent_covered_display": "11", "missing_lines": 31, "excluded_lines": 0}, "missing_lines": [9, 61, 63, 64, 65, 68, 71, 72, 77, 78, 80, 84, 87, 88, 91, 95, 101, 102, 104, 106, 113, 118, 119, 120, 121, 122, 124, 126, 128, 129, 132], "excluded_lines": []}, "RUFAS\\errors.py": {"executed_lines": [1, 9, 10, 12, 13, 16, 17, 19, 23, 24, 26], "summary": {"covered_lines": 7, "num_statements": 10, "percent_covered": 70.0, "percent_covered_display": "70", "missing_lines": 3, "excluded_lines": 0}, "missing_lines": [20, 27, 28], "excluded_lines": []}, "RUFAS\\general_constants.py": {"executed_lines": [1, 2, 19, 20, 23, 24, 25, 28, 29, 32, 33, 36, 37], "summary": {"covered_lines": 12, "num_statements": 12, "percent_covered": 100.0, "percent_covered_display": "100", "missing_lines": 0, "excluded_lines": 0}, "missing_lines": [], "excluded_lines": []}, "RUFAS\\input_manager.py": {"executed_lines": [3, 5, 6, 7, 10, 13, 14, 17, 19, 20, 21, 22, 24, 25, 26, 27, 28, 30, 45, 48, 49, 50, 51, 52, 53, 54, 56, 66, 67, 68, 71, 72, 73, 74, 75, 76, 77, 78, 79, 81, 82, 83, 84, 85, 86, 89], "summary": {"covered_lines": 45, "num_statements": 47, "percent_covered": 95.74468085106383, "percent_covered_display": "96", "missing_lines": 2, "excluded_lines": 0}, "missing_lines": [92, 93], "excluded_lines": []}, "RUFAS\\output_handler\\__init__.py": {"executed_lines": [1], "summary": {"covered_lines": 1, "num_statements": 1, "percent_covered": 100.0, "percent_covered_display": "100", "missing_lines": 0, "excluded_lines": 0}, "missing_lines": [], "excluded_lines": []}, "RUFAS\\output_handler\\graphics.py": {"executed_lines": [1, 11, 12, 13, 15, 16, 17, 21, 49, 81, 149, 201, 233], "summary": {"covered_lines": 12, "num_statements": 165, "percent_covered": 7.2727272727272725, "percent_covered_display": "7", "missing_lines": 153, "excluded_lines": 0}, "missing_lines": [22, 24, 25, 27, 28, 30, 31, 32, 33, 34, 35, 36, 37, 38, 40, 41, 42, 43, 44, 45, 50, 51, 52, 53, 55, 57, 58, 60, 62, 63, 64, 65, 67, 68, 69, 70, 71, 72, 73, 74, 75, 76, 77, 78, 82, 83, 84, 86, 87, 89, 90, 92, 99, 101, 102, 104, 106, 107, 108, 109, 111, 112, 114, 115, 116, 118, 119, 120, 121, 124, 125, 126, 128, 134, 135, 136, 138, 141, 143, 144, 146, 152, 153, 154, 155, 157, 158, 160, 162, 165, 166, 168, 170, 171, 173, 178, 179, 182, 184, 185, 186, 188, 189, 191, 192, 194, 196, 197, 202, 203, 204, 205, 207, 209, 210, 212, 214, 216, 218, 219, 220, 221, 222, 223, 224, 225, 226, 227, 228, 229, 230, 234, 235, 236, 237, 238, 240, 241, 243, 245, 246, 247, 248, 249, 250, 251, 252, 253, 254, 255, 256, 257, 258], "excluded_lines": []}, "RUFAS\\output_handler\\output_handler.py": {"executed_lines": [1, 8, 9, 10, 12, 13, 14, 16, 18, 19, 42, 56, 85, 104, 112, 120, 128, 136, 154], "summary": {"covered_lines": 17, "num_statements": 70, "percent_covered": 24.285714285714285, "percent_covered_display": "24", "missing_lines": 53, "excluded_lines": 0}, "missing_lines": [46, 70, 71, 74, 75, 76, 77, 79, 80, 82, 83, 88, 91, 92, 93, 94, 95, 100, 101, 102, 107, 108, 109, 110, 115, 116, 117, 118, 123, 124, 125, 126, 131, 132, 133, 134, 137, 138, 139, 140, 141, 142, 143, 144, 145, 147, 149, 150, 151, 152, 155, 156, 157], "excluded_lines": []}, "RUFAS\\output_handler\\reports\\__init__.py": {"executed_lines": [1, 2, 3, 4, 5, 6, 7, 8], "summary": {"covered_lines": 8, "num_statements": 8, "percent_covered": 100.0, "percent_covered_display": "100", "missing_lines": 0, "excluded_lines": 0}, "missing_lines": [], "excluded_lines": []}, "RUFAS\\output_handler\\reports\\base_report.py": {"executed_lines": [1, 8, 9, 11, 12, 15, 16, 20, 44, 53, 54, 70, 79, 90, 104, 134, 142, 146], "summary": {"covered_lines": 16, "num_statements": 76, "percent_covered": 21.05263157894737, "percent_covered_display": "21", "missing_lines": 60, "excluded_lines": 0}, "missing_lines": [27, 28, 29, 30, 31, 32, 33, 35, 40, 45, 46, 47, 49, 50, 51, 56, 58, 59, 62, 64, 65, 66, 68, 71, 73, 80, 81, 82, 83, 84, 86, 87, 92, 93, 94, 95, 97, 98, 107, 110, 112, 114, 115, 116, 117, 118, 120, 123, 124, 126, 127, 128, 129, 136, 137, 139, 140, 143, 144, 147], "excluded_lines": []}, "RUFAS\\output_handler\\reports\\base_report_driver.py": {"executed_lines": [1, 2, 4, 7, 8, 17, 33, 45, 51, 57, 63, 69, 74], "summary": {"covered_lines": 13, "num_statements": 59, "percent_covered": 22.033898305084747, "percent_covered_display": "22", "missing_lines": 46, "excluded_lines": 0}, "missing_lines": [10, 11, 12, 13, 14, 15, 18, 20, 21, 22, 23, 24, 29, 30, 31, 34, 35, 36, 37, 38, 39, 41, 42, 43, 46, 47, 48, 49, 52, 53, 54, 55, 58, 59, 60, 61, 64, 65, 66, 67, 70, 71, 72, 75, 76, 77], "excluded_lines": []}, "RUFAS\\output_handler\\reports\\custom_report.py": {"executed_lines": [1, 8, 11, 13], "summary": {"covered_lines": 3, "num_statements": 6, "percent_covered": 50.0, "percent_covered_display": "50", "missing_lines": 3, "excluded_lines": 0}, "missing_lines": [14, 26, 30], "excluded_lines": []}, "RUFAS\\output_handler\\reports\\feed_storage_report.py": {"executed_lines": [1, 7, 8, 11, 13, 24, 25, 53, 54, 59, 65, 72, 73], "summary": {"covered_lines": 12, "num_statements": 32, "percent_covered": 37.5, "percent_covered_display": "38", "missing_lines": 20, "excluded_lines": 0}, "missing_lines": [14, 16, 18, 19, 21, 26, 27, 40, 55, 56, 57, 60, 61, 62, 66, 67, 68, 74, 76, 97], "excluded_lines": []}, "RUFAS\\output_handler\\reports\\field_report.py": {"executed_lines": [1, 7, 8, 9, 12, 13, 21, 22, 69, 70, 84, 88, 92, 93, 97, 106, 115, 116, 134, 135, 152, 153, 157, 167, 177, 178, 183, 190, 197, 198, 240, 241, 275, 276, 316, 317, 332, 333, 358, 359, 384, 385, 407, 408, 448, 449, 452, 456, 457, 484, 485, 513, 514], "summary": {"covered_lines": 52, "num_statements": 150, "percent_covered": 34.666666666666664, "percent_covered_display": "35", "missing_lines": 98, "excluded_lines": 0}, "missing_lines": [14, 15, 16, 18, 23, 24, 48, 71, 72, 73, 74, 85, 86, 89, 90, 94, 95, 98, 99, 100, 101, 102, 103, 107, 108, 109, 110, 111, 112, 117, 118, 130, 136, 137, 139, 146, 147, 148, 150, 154, 155, 158, 159, 160, 161, 163, 164, 168, 169, 170, 171, 173, 174, 179, 180, 181, 184, 186, 187, 191, 193, 194, 199, 201, 231, 242, 244, 260, 277, 279, 301, 318, 320, 329, 334, 336, 352, 360, 361, 373, 386, 388, 403, 409, 411, 445, 450, 453, 454, 458, 460, 472, 486, 488, 501, 515, 517, 544], "excluded_lines": []}, "RUFAS\\output_handler\\reports\\life_cycle_report.py": {"executed_lines": [1, 8, 9, 10, 11, 12, 15, 16, 26, 27, 30, 37, 40, 43, 46, 49, 52, 53, 58, 65, 69, 72, 75, 78, 81, 82], "summary": {"covered_lines": 25, "num_statements": 65, "percent_covered": 38.46153846153846, "percent_covered_display": "38", "missing_lines": 40, "excluded_lines": 0}, "missing_lines": [17, 18, 28, 31, 33, 35, 38, 41, 44, 47, 50, 54, 55, 56, 59, 61, 63, 67, 70, 73, 76, 79, 83, 85, 104, 105, 107, 109, 111, 114, 115, 117, 120, 128, 132, 148, 156, 157, 160, 168], "excluded_lines": []}, "RUFAS\\output_handler\\reports\\manure_storage_report.py": {"executed_lines": [1, 7, 8, 11, 13, 28, 29, 64, 65, 70, 76, 83, 84, 89, 95, 102, 103, 108, 114, 121, 122, 146, 147, 174, 175], "summary": {"covered_lines": 24, "num_statements": 71, "percent_covered": 33.80281690140845, "percent_covered_display": "34", "missing_lines": 47, "excluded_lines": 0}, "missing_lines": [14, 16, 17, 19, 20, 22, 23, 25, 30, 32, 48, 66, 67, 68, 71, 72, 73, 77, 78, 79, 85, 86, 87, 90, 91, 92, 96, 97, 98, 104, 105, 106, 109, 110, 111, 115, 116, 117, 123, 125, 141, 148, 149, 169, 176, 177, 197], "excluded_lines": []}, "RUFAS\\output_handler\\reports\\mass_balance_report.py": {"executed_lines": [1, 8, 9, 10, 13, 14, 18, 19, 22], "summary": {"covered_lines": 8, "num_statements": 13, "percent_covered": 61.53846153846154, "percent_covered_display": "62", "missing_lines": 5, "excluded_lines": 0}, "missing_lines": [15, 16, 20, 23, 24], "excluded_lines": []}, "RUFAS\\output_handler\\reports\\pen_report.py": {"executed_lines": [1, 9, 10, 11, 12, 15, 16, 24, 25, 38, 39, 49, 50, 54, 65, 77, 78, 93, 94, 119, 120, 146], "summary": {"covered_lines": 21, "num_statements": 62, "percent_covered": 33.87096774193548, "percent_covered_display": "34", "missing_lines": 41, "excluded_lines": 0}, "missing_lines": [17, 18, 19, 21, 26, 28, 33, 40, 41, 42, 43, 51, 52, 55, 56, 57, 59, 62, 66, 67, 68, 70, 73, 79, 81, 90, 95, 97, 115, 117, 121, 122, 124, 130, 132, 133, 134, 136, 142, 147, 148], "excluded_lines": []}, "RUFAS\\output_manager.py": {"executed_lines": [3, 4, 5, 6, 7, 8, 10, 13, 14, 35, 36, 38, 39, 40, 41, 43, 44, 45, 46, 47, 48, 49, 50, 59, 61, 62, 63, 65, 73, 74, 75, 79, 82, 83, 85, 109, 110, 112, 136, 137, 138, 140, 164, 165, 166, 168, 192, 193, 194, 196, 217, 218, 219, 221, 232, 233, 234, 237, 238, 239, 240, 241, 245, 249, 251, 267, 269, 310, 325, 328, 329, 330, 331, 332, 333, 334, 336, 340, 341, 343, 352, 353, 354, 355, 356, 358, 360, 363, 364, 365, 366, 367, 368, 369, 370, 371, 373, 375, 377, 396, 399, 400, 401, 402, 403, 404, 405, 406, 407, 409, 436, 439, 440, 441, 442, 443, 445, 448, 450, 452, 453, 455, 456, 458, 476, 479, 480, 481, 482, 483, 484, 485, 486, 487, 488, 490, 503, 504, 507, 508, 510, 514, 515, 517, 521, 522, 524, 528, 529, 531, 569, 570, 601, 604, 606, 610, 611, 612, 613, 614, 616, 620, 621, 622, 623], "summary": {"covered_lines": 164, "num_statements": 195, "percent_covered": 84.1025641025641, "percent_covered_display": "84", "missing_lines": 31, "excluded_lines": 0}, "missing_lines": [235, 295, 298, 299, 300, 301, 306, 307, 308, 505, 571, 572, 573, 575, 577, 578, 580, 581, 582, 584, 586, 587, 589, 590, 591, 593, 594, 595, 596, 598, 599], "excluded_lines": []}, "RUFAS\\routines\\__init__.py": {"executed_lines": [1, 2, 3, 4, 5], "summary": {"covered_lines": 5, "num_statements": 5, "percent_covered": 100.0, "percent_covered_display": "100", "missing_lines": 0, "excluded_lines": 0}, "missing_lines": [], "excluded_lines": []}, "RUFAS\\routines\\animal\\__init__.py": {"executed_lines": [1], "summary": {"covered_lines": 1, "num_statements": 1, "percent_covered": 100.0, "percent_covered_display": "100", "missing_lines": 0, "excluded_lines": 0}, "missing_lines": [], "excluded_lines": []}, "RUFAS\\routines\\animal\\animal_grouping_scenarios.py": {"executed_lines": [1, 2, 4, 5, 6, 7, 8, 9, 10, 13, 14, 22, 29, 36, 47, 49, 50, 51, 52, 55, 73, 91, 109, 127, 152, 176], "summary": {"covered_lines": 25, "num_statements": 34, "percent_covered": 73.52941176470588, "percent_covered_display": "74", "missing_lines": 9, "excluded_lines": 0}, "missing_lines": [71, 89, 107, 125, 143, 150, 168, 192, 193], "excluded_lines": []}, "RUFAS\\routines\\animal\\animal_manager.py": {"executed_lines": [1, 17, 18, 19, 20, 21, 23, 24, 25, 26, 27, 28, 29, 30, 31, 32, 33, 34, 35, 36, 37, 38, 39, 40, 41, 44, 45, 46, 48, 51, 68, 69, 76, 84, 87, 88, 105, 106, 107, 108, 109, 110, 111, 112, 113, 114, 115, 116, 117, 118, 120, 133, 136, 138, 141, 143, 144, 147, 150, 151, 152, 153, 154, 155, 156, 159, 162, 166, 177, 185, 189, 192, 194, 197, 199, 202, 204, 206, 207, 209, 211, 213, 215, 216, 225, 235, 236, 237, 239, 240, 243, 244, 245, 246, 248, 250, 252, 254, 261, 262, 264, 272, 273, 277, 278, 281, 283, 298, 301, 311, 313, 320, 322, 324, 325, 326, 329, 330, 334, 338, 375, 382, 385, 408, 416, 417, 418, 419, 423, 428, 433, 442, 443, 444, 445, 446, 447, 449, 459, 461, 462, 464, 466, 476, 477, 478, 479, 481, 495, 497, 499, 501, 515, 516, 518, 519, 520, 522, 524, 525, 526, 528, 529, 531, 532, 534, 535, 538, 540, 541, 559, 561, 562, 578, 580, 581, 597, 598, 599, 600, 602, 603, 633, 634, 636, 638, 639, 656, 657, 658, 659, 661, 662, 702, 717, 742, 743, 745, 746, 747, 749, 753, 754, 755, 762, 764, 765, 793, 794, 796, 797, 799, 801, 802, 824, 830, 836, 837, 872, 873, 874, 875, 877, 878, 879, 880, 882, 883, 946, 947, 949, 952, 953, 955, 958, 959, 960, 961, 962, 964, 966, 979, 982, 989, 990, 996, 997, 998, 1000, 1002, 1013, 1014, 1015, 1016, 1020, 1031, 1033, 1035, 1038, 1044, 1045, 1047, 1063, 1079, 1086, 1087, 1089, 1102, 1104, 1118, 1128, 1129, 1138, 1139, 1141, 1144, 1157, 1169, 1179, 1233, 1240, 1243, 1307, 1405, 1415, 1416, 1444, 1460, 1523, 1524, 1555, 1556, 1577, 1601, 1609, 1610, 1612, 1614, 1641, 1644, 1645, 1646, 1649, 1650, 1652, 1684, 1685, 1686, 1687, 1689, 1690, 1691, 1693, 1695, 1696, 1697, 1699, 1702, 1703, 1704, 1706, 1707, 1709, 1710, 1711, 1712, 1714, 1715, 1716, 1717, 1719, 1720, 1721, 1723, 1726, 1728], "summary": {"covered_lines": 334, "num_statements": 576, "percent_covered": 57.986111111111114, "percent_covered_display": "58", "missing_lines": 242, "excluded_lines": 0}, "missing_lines": [65, 103, 217, 354, 355, 356, 357, 359, 360, 361, 363, 364, 365, 367, 368, 369, 371, 372, 373, 393, 394, 396, 397, 399, 400, 402, 403, 405, 406, 429, 430, 431, 950, 1017, 1018, 1021, 1027, 1028, 1029, 1055, 1056, 1057, 1058, 1059, 1060, 1061, 1073, 1074, 1075, 1077, 1113, 1114, 1115, 1116, 1122, 1123, 1124, 1125, 1126, 1150, 1151, 1152, 1153, 1165, 1166, 1167, 1175, 1176, 1177, 1192, 1193, 1194, 1196, 1197, 1199, 1206, 1207, 1210, 1212, 1213, 1214, 1215, 1216, 1217, 1218, 1219, 1220, 1221, 1224, 1226, 1228, 1229, 1231, 1238, 1241, 1259, 1260, 1262, 1263, 1264, 1265, 1266, 1267, 1268, 1269, 1270, 1271, 1272, 1273, 1274, 1275, 1276, 1277, 1279, 1280, 1282, 1283, 1284, 1285, 1287, 1289, 1322, 1328, 1333, 1334, 1340, 1342, 1354, 1355, 1356, 1357, 1359, 1361, 1362, 1363, 1365, 1367, 1368, 1369, 1371, 1373, 1374, 1375, 1377, 1379, 1380, 1381, 1383, 1385, 1387, 1388, 1390, 1392, 1394, 1395, 1397, 1399, 1400, 1401, 1403, 1410, 1432, 1433, 1435, 1436, 1437, 1438, 1439, 1441, 1454, 1455, 1456, 1477, 1478, 1479, 1480, 1481, 1482, 1484, 1485, 1487, 1488, 1489, 1490, 1491, 1493, 1497, 1498, 1499, 1502, 1503, 1504, 1505, 1506, 1508, 1509, 1510, 1512, 1513, 1514, 1515, 1516, 1518, 1520, 1521, 1548, 1549, 1550, 1551, 1553, 1574, 1575, 1749, 1750, 1751, 1752, 1753, 1755, 1760, 1762, 1765, 1769, 1773, 1775, 1776, 1777, 1778, 1779, 1781, 1782, 1785, 1786, 1787, 1788, 1789, 1790, 1791, 1792, 1793, 1794, 1795, 1797], "excluded_lines": []}, "RUFAS\\routines\\animal\\animal_module_constants.py": {"executed_lines": [1, 2, 9, 10, 11, 12, 13, 14, 15, 17, 18, 19, 20, 21, 22, 23, 24, 26, 28, 29], "summary": {"covered_lines": 19, "num_statements": 19, "percent_covered": 100.0, "percent_covered_display": "100", "missing_lines": 0, "excluded_lines": 0}, "missing_lines": [], "excluded_lines": []}, "RUFAS\\routines\\animal\\animal_typed_dicts.py": {"executed_lines": [1, 2, 3, 4, 5, 8, 9, 10, 11, 12, 13, 14, 15, 16, 17, 18, 21, 22, 23, 24, 25, 26, 27, 28, 29, 30, 31, 32, 33, 34, 37, 38, 40, 41, 42, 43, 44, 45, 46, 47, 48, 49, 52, 53, 54, 55, 56, 57, 58, 59, 60, 61, 62, 63, 66, 67, 68, 69, 70, 71, 72, 73, 74, 75, 76, 79, 80, 81, 82, 83, 84, 85, 86, 87, 88, 90, 91, 92, 93, 94, 95, 96, 97, 98, 99, 100, 101, 102, 103, 104, 105, 108, 109, 119, 120, 121, 122, 123, 124, 125, 126, 127, 128, 129, 132, 133, 134, 135, 136, 137, 140, 141, 142, 143, 144, 145, 146, 147, 150, 151, 152, 153, 154, 155, 156, 157, 158, 159, 160, 161, 162, 163, 164, 166, 167, 170, 171, 172, 173, 174, 177, 178, 179, 180, 181, 182, 183, 186, 187, 188, 189, 190, 191, 192, 193, 194, 195, 196, 197, 198, 199, 200, 201, 204, 205, 206, 207, 208, 209, 212, 213, 214, 215, 216, 217, 218, 219, 220, 221, 224, 227, 228, 229, 230, 231, 232, 233, 235, 236, 237, 238, 239, 240, 242, 243, 244, 245], "summary": {"covered_lines": 191, "num_statements": 191, "percent_covered": 100.0, "percent_covered_display": "100", "missing_lines": 0, "excluded_lines": 0}, "missing_lines": [], "excluded_lines": []}, "RUFAS\\routines\\animal\\animal_types.py": {"executed_lines": [1, 4, 5, 7, 8, 9, 10, 11, 12], "summary": {"covered_lines": 8, "num_statements": 8, "percent_covered": 100.0, "percent_covered_display": "100", "missing_lines": 0, "excluded_lines": 0}, "missing_lines": [], "excluded_lines": []}, "RUFAS\\routines\\animal\\clustering_pen_grouping.py": {"executed_lines": [2, 13, 16, 17, 18, 19, 22, 38, 53], "summary": {"covered_lines": 9, "num_statements": 82, "percent_covered": 10.975609756097562, "percent_covered_display": "11", "missing_lines": 73, "excluded_lines": 0}, "missing_lines": [30, 31, 32, 33, 35, 46, 47, 48, 49, 50, 73, 75, 77, 79, 80, 81, 82, 85, 86, 87, 88, 89, 94, 95, 97, 98, 99, 102, 103, 104, 107, 108, 109, 110, 113, 114, 117, 119, 120, 121, 126, 128, 131, 132, 134, 135, 136, 137, 140, 141, 144, 145, 146, 148, 149, 152, 153, 154, 161, 163, 164, 165, 166, 167, 168, 169, 172, 173, 175, 176, 177, 178, 181], "excluded_lines": []}, "RUFAS\\routines\\animal\\life_cycle\\__init__.py": {"executed_lines": [1], "summary": {"covered_lines": 0, "num_statements": 0, "percent_covered": 100.0, "percent_covered_display": "100", "missing_lines": 0, "excluded_lines": 0}, "missing_lines": [], "excluded_lines": []}, "RUFAS\\routines\\animal\\life_cycle\\animal_base.py": {"executed_lines": [1, 12, 15, 16, 17, 18, 19, 20, 23, 24, 25, 26, 27, 30, 31, 32, 34, 35, 36, 38, 39, 40, 42, 57, 58, 59, 60, 61, 63, 64, 65, 66, 67, 68, 69, 70, 71, 72, 73, 74, 76, 77, 78, 79, 80, 81, 82, 83, 84, 85, 86, 87, 88, 89, 90, 91, 93, 96, 98, 99, 101, 105, 106, 108, 119, 130, 135, 138, 140, 142, 143, 145, 148, 151, 180, 188, 200, 202, 203, 206, 207, 209, 217], "summary": {"covered_lines": 82, "num_statements": 99, "percent_covered": 82.82828282828282, "percent_covered_display": "83", "missing_lines": 17, "excluded_lines": 0}, "missing_lines": [94, 95, 97, 116, 117, 127, 128, 141, 161, 164, 168, 169, 170, 172, 175, 178, 185], "excluded_lines": []}, "RUFAS\\routines\\animal\\life_cycle\\animal_constants.py": {"executed_lines": [1, 10, 11, 14, 16, 17, 20, 21, 22, 23, 24, 25, 26, 27, 30, 31, 34, 35, 38, 39, 40, 44, 45, 46, 47, 49, 50, 51, 52, 53, 54, 55, 58, 59, 60, 61, 62, 63, 66, 67, 68, 69, 70, 71, 72, 73, 74, 77], "summary": {"covered_lines": 47, "num_statements": 47, "percent_covered": 100.0, "percent_covered_display": "100", "missing_lines": 0, "excluded_lines": 0}, "missing_lines": [], "excluded_lines": []}, "RUFAS\\routines\\animal\\life_cycle\\animal_events.py": {"executed_lines": [1, 11, 12, 16, 18, 36, 45, 46, 48, 51, 54, 61, 74, 75, 76, 77, 78], "summary": {"covered_lines": 16, "num_statements": 28, "percent_covered": 57.142857142857146, "percent_covered_display": "57", "missing_lines": 12, "excluded_lines": 0}, "missing_lines": [25, 28, 29, 30, 31, 33, 34, 49, 55, 56, 57, 59], "excluded_lines": []}, "RUFAS\\routines\\animal\\life_cycle\\animal_initialization.py": {"executed_lines": [1, 9, 10, 11, 12, 13, 14, 15, 16, 19, 20, 21, 22, 23, 24, 25, 26, 27, 28, 29, 30, 31, 32, 33, 34, 35, 36, 37, 38, 39, 40, 41, 42, 43, 44, 45, 46, 47, 48, 49, 50, 53, 54, 56, 60, 64, 71, 154, 161, 348, 355, 385, 392, 421, 428, 473, 480, 525, 532, 583, 590, 638, 639], "summary": {"covered_lines": 62, "num_statements": 320, "percent_covered": 19.375, "percent_covered_display": "19", "missing_lines": 258, "excluded_lines": 0}, "missing_lines": [61, 62, 72, 76, 78, 79, 80, 81, 82, 83, 84, 85, 86, 87, 88, 92, 96, 106, 116, 128, 140, 141, 142, 143, 144, 147, 148, 149, 150, 151, 152, 162, 163, 164, 165, 166, 167, 169, 170, 172, 173, 181, 182, 183, 185, 186, 187, 188, 189, 190, 192, 193, 194, 196, 197, 198, 199, 201, 202, 203, 204, 206, 207, 208, 210, 211, 212, 213, 214, 215, 216, 218, 219, 220, 222, 223, 224, 225, 227, 228, 229, 230, 231, 233, 235, 236, 237, 238, 239, 241, 243, 244, 245, 246, 247, 248, 256, 258, 259, 261, 262, 263, 265, 266, 270, 271, 276, 277, 293, 294, 310, 311, 327, 328, 344, 345, 346, 356, 357, 358, 359, 360, 362, 363, 365, 367, 368, 380, 381, 382, 383, 393, 394, 395, 396, 397, 399, 400, 402, 404, 405, 416, 417, 418, 419, 429, 430, 431, 432, 433, 435, 436, 438, 440, 441, 468, 469, 470, 471, 481, 482, 483, 484, 485, 487, 488, 490, 492, 493, 520, 521, 522, 523, 533, 534, 535, 536, 537, 539, 540, 542, 544, 545, 578, 579, 580, 581, 591, 592, 593, 594, 595, 597, 598, 600, 602, 603, 633, 634, 635, 636, 644, 645, 646, 647, 649, 650, 651, 653, 654, 655, 657, 658, 659, 661, 662, 663, 665, 666, 667, 669, 670, 671, 673, 674, 675, 677, 678, 679, 681, 682, 683, 685, 686, 687, 689, 690, 691, 693, 694, 695, 697, 698, 699, 701, 702, 703, 705, 706, 707, 709, 710, 711, 713, 733, 735, 736, 740], "excluded_lines": []}, "RUFAS\\routines\\animal\\life_cycle\\calf.py": {"executed_lines": [1, 13, 14, 15, 16, 17, 18, 19, 21, 23, 26, 27, 43, 45, 46, 47, 48, 49, 50, 52, 55, 57, 60, 99, 112, 129, 141, 154, 179], "summary": {"covered_lines": 28, "num_statements": 80, "percent_covered": 35.0, "percent_covered_display": "35", "missing_lines": 52, "excluded_lines": 0}, "missing_lines": [53, 65, 66, 69, 70, 71, 73, 76, 77, 78, 86, 88, 90, 92, 93, 94, 96, 97, 103, 104, 105, 106, 107, 108, 109, 110, 116, 127, 134, 135, 136, 137, 139, 149, 151, 162, 165, 168, 174, 177, 188, 190, 192, 194, 195, 196, 197, 198, 199, 201, 203, 205], "excluded_lines": []}, "RUFAS\\routines\\animal\\life_cycle\\cow.py": {"executed_lines": [1, 19, 20, 21, 23, 24, 25, 26, 27, 29, 31, 32, 33, 35, 38, 39, 46, 47, 95, 99, 100, 101, 102, 104, 105, 106, 107, 108, 109, 110, 111, 112, 113, 114, 115, 116, 117, 118, 119, 120, 121, 122, 123, 125, 126, 127, 128, 129, 131, 132, 133, 135, 136, 137, 138, 139, 143, 145, 147, 155, 156, 169, 170, 183, 184, 196, 197, 212, 213, 227, 229, 230, 231, 232, 234, 236, 238, 243, 244, 247, 250, 254, 256, 257, 265, 277, 278, 288, 290, 370, 390, 419, 469, 482, 546, 617, 636, 645, 654, 663, 672, 681, 718, 726, 752, 772, 793, 813, 836, 847, 857, 873, 892, 908, 917, 952, 1004, 1034, 1048, 1059, 1172, 1197, 1217], "summary": {"covered_lines": 122, "num_statements": 622, "percent_covered": 19.614147909967844, "percent_covered_display": "20", "missing_lines": 500, "excluded_lines": 0}, "missing_lines": [40, 41, 42, 43, 148, 149, 150, 151, 152, 153, 167, 181, 193, 208, 224, 259, 260, 263, 274, 307, 308, 309, 310, 311, 312, 314, 315, 317, 319, 321, 322, 324, 326, 327, 329, 330, 331, 334, 335, 338, 340, 341, 343, 345, 347, 352, 353, 354, 355, 356, 357, 358, 359, 360, 362, 367, 378, 380, 381, 386, 395, 408, 409, 410, 411, 412, 413, 414, 415, 416, 417, 426, 429, 430, 435, 438, 441, 442, 443, 445, 448, 450, 453, 454, 456, 459, 462, 463, 467, 479, 480, 495, 496, 497, 498, 500, 501, 502, 503, 504, 506, 509, 510, 511, 513, 515, 516, 517, 520, 523, 525, 526, 527, 531, 532, 534, 538, 539, 541, 544, 563, 564, 566, 567, 569, 570, 571, 572, 573, 574, 575, 576, 578, 579, 580, 581, 582, 583, 584, 585, 586, 589, 590, 593, 596, 597, 600, 601, 602, 603, 604, 605, 606, 607, 609, 610, 611, 612, 614, 631, 632, 633, 634, 640, 649, 658, 667, 676, 691, 692, 694, 695, 696, 697, 698, 701, 702, 703, 706, 707, 710, 712, 714, 715, 724, 733, 734, 735, 737, 738, 739, 741, 742, 744, 745, 746, 747, 748, 749, 758, 759, 760, 761, 762, 763, 764, 765, 766, 767, 768, 769, 770, 778, 779, 780, 781, 782, 783, 784, 785, 786, 787, 788, 789, 790, 799, 800, 801, 802, 803, 804, 805, 806, 807, 808, 809, 810, 819, 820, 821, 822, 823, 824, 825, 826, 827, 828, 829, 830, 831, 832, 833, 840, 841, 843, 844, 855, 863, 864, 865, 866, 867, 868, 869, 870, 871, 879, 880, 881, 882, 883, 884, 885, 886, 887, 888, 889, 890, 898, 899, 900, 901, 902, 903, 904, 905, 906, 913, 914, 924, 925, 926, 928, 930, 931, 932, 933, 934, 935, 936, 937, 938, 940, 941, 942, 943, 944, 945, 946, 947, 948, 949, 959, 961, 963, 964, 966, 967, 970, 971, 972, 975, 976, 979, 981, 983, 984, 986, 988, 989, 991, 993, 994, 995, 996, 997, 998, 999, 1000, 1001, 1002, 1010, 1011, 1012, 1014, 1015, 1016, 1018, 1019, 1021, 1022, 1023, 1024, 1025, 1026, 1028, 1041, 1042, 1043, 1044, 1045, 1046, 1052, 1053, 1054, 1055, 1057, 1071, 1072, 1074, 1075, 1078, 1079, 1080, 1081, 1082, 1083, 1084, 1086, 1087, 1091, 1092, 1095, 1096, 1100, 1102, 1103, 1104, 1105, 1106, 1108, 1109, 1110, 1111, 1112, 1115, 1116, 1117, 1118, 1119, 1120, 1121, 1122, 1125, 1126, 1127, 1129, 1131, 1132, 1133, 1134, 1137, 1138, 1139, 1140, 1141, 1142, 1143, 1144, 1146, 1148, 1149, 1150, 1151, 1154, 1155, 1156, 1157, 1158, 1159, 1160, 1161, 1163, 1166, 1167, 1168, 1169, 1178, 1181, 1182, 1183, 1184, 1185, 1186, 1187, 1189, 1190, 1191, 1192, 1193, 1194, 1195, 1198, 1199, 1201, 1202, 1203, 1204, 1205, 1206, 1207, 1209, 1210, 1211, 1212, 1213, 1214, 1225, 1226, 1228, 1230, 1231, 1232, 1234, 1235, 1236, 1237, 1238, 1239, 1240, 1241, 1242, 1243, 1244, 1245, 1246, 1247, 1248, 1250, 1251, 1253, 1254, 1255, 1256, 1257, 1258, 1259, 1260, 1261, 1262], "excluded_lines": []}, "RUFAS\\routines\\animal\\life_cycle\\heiferI.py": {"executed_lines": [1, 12, 13, 14, 15, 17, 18, 20, 23, 24, 40, 42, 48, 69, 82, 107, 122], "summary": {"covered_lines": 16, "num_statements": 47, "percent_covered": 34.04255319148936, "percent_covered_display": "34", "missing_lines": 31, "excluded_lines": 0}, "missing_lines": [46, 52, 60, 61, 62, 63, 64, 65, 66, 67, 77, 78, 90, 93, 96, 102, 105, 115, 117, 118, 119, 133, 134, 136, 138, 140, 141, 142, 143, 145, 147], "excluded_lines": []}, "RUFAS\\routines\\animal\\life_cycle\\heiferII.py": {"executed_lines": [1, 15, 16, 17, 18, 19, 20, 22, 23, 24, 25, 27, 30, 31, 67, 69, 72, 74, 75, 76, 78, 79, 80, 81, 82, 83, 85, 119, 123, 126, 127, 130, 131, 134, 135, 136, 137, 139, 140, 141, 142, 143, 145, 146, 147, 149, 177, 210, 230, 244, 281, 339, 357, 364, 371, 378, 413, 422, 428, 447, 463, 472, 488, 497, 514, 520, 560, 590, 607, 620], "summary": {"covered_lines": 69, "num_statements": 327, "percent_covered": 21.10091743119266, "percent_covered_display": "21", "missing_lines": 258, "excluded_lines": 0}, "missing_lines": [70, 94, 96, 97, 98, 99, 103, 104, 105, 106, 107, 108, 109, 110, 112, 114, 117, 153, 156, 157, 160, 161, 164, 165, 166, 167, 169, 170, 171, 172, 173, 174, 175, 181, 208, 214, 221, 222, 223, 224, 225, 226, 227, 228, 238, 240, 252, 255, 258, 264, 265, 266, 268, 271, 273, 276, 279, 297, 298, 299, 301, 303, 305, 307, 310, 311, 314, 315, 316, 317, 318, 319, 320, 321, 323, 325, 326, 327, 329, 331, 333, 335, 351, 353, 354, 355, 361, 368, 375, 385, 386, 391, 392, 394, 395, 398, 399, 400, 402, 403, 406, 408, 410, 420, 426, 432, 433, 434, 435, 436, 437, 438, 439, 440, 441, 442, 443, 444, 445, 451, 452, 453, 454, 455, 456, 457, 458, 459, 460, 461, 467, 469, 470, 476, 477, 480, 481, 482, 483, 484, 485, 495, 508, 509, 510, 511, 512, 518, 525, 526, 527, 528, 530, 531, 532, 533, 535, 536, 537, 538, 539, 542, 545, 548, 549, 554, 555, 557, 558, 565, 566, 567, 568, 569, 570, 572, 573, 574, 575, 577, 578, 579, 580, 581, 584, 585, 587, 588, 594, 595, 598, 599, 600, 601, 612, 613, 614, 615, 616, 617, 631, 632, 635, 636, 639, 640, 641, 642, 643, 646, 647, 649, 650, 652, 654, 656, 658, 660, 661, 662, 663, 666, 667, 668, 669, 670, 671, 672, 673, 676, 677, 678, 681, 683, 684, 685, 687, 690, 691, 692, 693, 694, 695, 696, 697, 700, 702, 703, 704, 705, 708, 709, 710, 711, 712, 713, 714, 715], "excluded_lines": []}, "RUFAS\\routines\\animal\\life_cycle\\heiferIII.py": {"executed_lines": [1, 12, 13, 14, 16, 18, 19, 21, 24, 27, 62, 63, 65, 66, 68, 74, 94, 108], "summary": {"covered_lines": 17, "num_statements": 44, "percent_covered": 38.63636363636363, "percent_covered_display": "39", "missing_lines": 27, "excluded_lines": 0}, "missing_lines": [64, 72, 78, 85, 86, 87, 88, 89, 90, 91, 92, 102, 104, 119, 120, 121, 123, 124, 126, 128, 130, 133, 134, 137, 138, 139, 140], "excluded_lines": []}, "RUFAS\\routines\\animal\\life_cycle\\life_cycle.py": {"executed_lines": [1, 11, 12, 13, 14, 15, 16, 17, 18, 19, 21, 22, 23, 24, 25, 26, 27, 28, 29, 30, 31, 32, 36, 38, 41, 42, 47, 53, 59, 70, 78, 79, 80, 81, 83, 84, 85, 87, 88, 89, 90, 91, 92, 94, 95, 96, 97, 98, 100, 101, 102, 103, 104, 106, 107, 108, 109, 110, 111, 112, 114, 115, 116, 117, 118, 120, 121, 122, 123, 124, 126, 127, 128, 129, 131, 132, 133, 134, 135, 137, 138, 139, 140, 141, 143, 144, 146, 152, 158, 168, 175, 176, 179, 196, 200, 201, 203, 204, 205, 206, 207, 208, 210, 212, 213, 214, 216, 217, 219, 231, 238, 239, 240, 241, 243, 331, 334, 335, 336, 337, 338, 340, 341, 342, 343, 344, 346, 347, 348, 349, 350, 353, 354, 355, 356, 357, 358, 359, 360, 361, 362, 363, 364, 366, 367, 368, 369, 370, 372, 373, 374, 375, 377, 378, 379, 380, 381, 383, 384, 385, 386, 387, 389, 391, 392, 393, 394, 395, 396, 398, 400, 401, 402, 404, 421, 423, 424, 425, 426, 427, 429, 430, 433, 434, 436, 437, 445, 446, 450, 451, 453, 471, 473, 474, 475, 476, 477, 479, 480, 483, 484, 486, 487, 495, 496, 500, 501, 502, 503, 504, 506, 525, 527, 528, 529, 530, 532, 533, 534, 535, 536, 538, 540, 542, 543, 545, 546, 554, 555, 561, 562, 564, 578, 579, 582, 583, 586, 588, 596, 597, 598, 599, 600, 601, 603, 617, 619, 620, 621, 622, 623, 625, 626, 628, 630, 631, 633, 634, 642, 643, 649, 650, 651, 652, 653, 654, 656, 658, 671, 672, 673, 674, 675, 676, 677, 679, 693, 694, 696, 698, 699, 700, 701, 702, 704, 719, 720, 726, 732, 735, 736, 739, 740, 741, 742, 744, 745, 746, 747, 748, 749, 751, 752, 754, 755, 757, 764, 765, 766, 768, 769, 770, 773, 784, 786, 789, 791, 793, 800, 801, 804, 805, 807, 809, 816, 817, 818, 819, 822, 824, 825, 827, 829, 830, 833, 834, 835, 838, 839, 840, 843, 854, 855, 857, 859, 866, 867, 868, 869, 870, 872, 873, 885, 886, 887, 888, 889, 893, 894, 896, 906, 907, 908, 909, 910, 911, 912, 914, 916, 917, 918, 919, 920, 921, 923, 925, 926, 927, 928, 930, 932, 933, 934, 935], "summary": {"covered_lines": 382, "num_statements": 415, "percent_covered": 92.04819277108433, "percent_covered_display": "92", "missing_lines": 33, "excluded_lines": 0}, "missing_lines": [273, 274, 275, 276, 277, 279, 280, 281, 283, 284, 286, 290, 293, 295, 296, 298, 299, 300, 301, 303, 307, 318, 320, 321, 322, 323, 324, 326, 328, 655, 697, 890, 892], "excluded_lines": []}, "RUFAS\\routines\\animal\\manure\\__init__.py": {"executed_lines": [1], "summary": {"covered_lines": 0, "num_statements": 0, "percent_covered": 100.0, "percent_covered_display": "100", "missing_lines": 0, "excluded_lines": 0}, "missing_lines": [], "excluded_lines": []}, "RUFAS\\routines\\animal\\manure\\calf_manure_excretion.py": {"executed_lines": [1, 9, 11, 12, 13, 14, 17, 50, 52, 53, 57, 60, 64, 67, 70, 73, 77, 81, 84, 85, 86, 88, 95, 98, 117], "summary": {"covered_lines": 24, "num_statements": 24, "percent_covered": 100.0, "percent_covered_display": "100", "missing_lines": 0, "excluded_lines": 0}, "missing_lines": [], "excluded_lines": []}, "RUFAS\\routines\\animal\\manure\\dry_cow_manure_excretion.py": {"executed_lines": [1, 9, 10, 12, 13, 14, 15, 18, 60, 62, 63, 64, 65, 66, 67, 68, 69, 70, 73, 81, 85, 92, 96, 97, 98, 102, 108, 114, 117, 123, 129, 132, 135, 139, 140, 141, 145, 148, 152, 156, 157, 159, 163, 165, 168, 175, 178, 196], "summary": {"covered_lines": 47, "num_statements": 47, "percent_covered": 100.0, "percent_covered_display": "100", "missing_lines": 0, "excluded_lines": 0}, "missing_lines": [], "excluded_lines": []}, "RUFAS\\routines\\animal\\manure\\general_manure.py": {"executed_lines": [1, 2, 4, 7, 8, 11, 12, 14, 15, 17, 18, 20, 21, 23, 24, 26, 27, 29, 30, 32, 33, 35, 36, 38, 39, 41, 42, 44, 45, 47, 48, 50, 51, 53, 54, 57, 87, 112, 120, 154, 155, 162, 167, 170, 173, 176, 178], "summary": {"covered_lines": 46, "num_statements": 56, "percent_covered": 82.14285714285714, "percent_covered_display": "82", "missing_lines": 10, "excluded_lines": 0}, "missing_lines": [68, 106, 107, 108, 109, 114, 115, 116, 117, 158], "excluded_lines": []}, "RUFAS\\routines\\animal\\manure\\growing_heifer_manure_excretion.py": {"executed_lines": [1, 9, 11, 12, 13, 14, 17, 51, 53, 54, 55, 56, 57, 58, 61, 65, 69, 73, 76, 79, 82, 85, 91, 97, 100, 103, 107, 108, 109, 113, 116, 120, 124, 125, 127, 129, 132, 139, 142, 160], "summary": {"covered_lines": 39, "num_statements": 39, "percent_covered": 100.0, "percent_covered_display": "100", "missing_lines": 0, "excluded_lines": 0}, "missing_lines": [], "excluded_lines": []}, "RUFAS\\routines\\animal\\manure\\lactating_cow_manure_excretion.py": {"executed_lines": [1, 9, 10, 12, 13, 14, 15, 18, 66, 68, 69, 70, 71, 72, 73, 74, 75, 76, 77, 78, 81, 89, 95, 102, 105, 111, 117, 120, 123, 130, 137, 140, 143, 147, 148, 149, 153, 156, 160, 164, 165, 166, 172, 173, 175, 177, 179, 181, 183, 187, 191, 198, 201, 219], "summary": {"covered_lines": 53, "num_statements": 53, "percent_covered": 100.0, "percent_covered_display": "100", "missing_lines": 0, "excluded_lines": 0}, "missing_lines": [], "excluded_lines": []}, "RUFAS\\routines\\animal\\pen.py": {"executed_lines": [1, 12, 13, 14, 15, 17, 18, 19, 20, 21, 22, 23, 24, 26, 27, 28, 30, 33, 34, 168, 169, 172, 173, 174, 175, 177, 178, 180, 214, 216, 218, 219, 220, 221, 222, 223, 225, 226, 227, 228, 229, 230, 232, 233, 235, 236, 238, 239, 240, 242, 243, 244, 245, 247, 248, 249, 252, 255, 257, 259, 260, 263, 282, 283, 284, 285, 286, 288, 291, 294, 297, 298, 311, 312, 324, 325, 328, 337, 339, 350, 351, 352, 354, 363, 365, 369, 371, 375, 377, 386, 389, 398, 411, 412, 413, 414, 415, 416, 418, 499, 566, 567, 569, 570, 571, 572, 573, 574, 576, 581, 582, 584, 585, 586, 587, 590, 600, 614, 626, 720, 736, 738, 739, 741, 748, 749, 750, 752, 761, 767, 799, 867, 892, 916], "summary": {"covered_lines": 131, "num_statements": 322, "percent_covered": 40.683229813664596, "percent_covered_display": "41", "missing_lines": 191, "excluded_lines": 0}, "missing_lines": [309, 322, 326, 393, 394, 395, 396, 430, 436, 437, 438, 441, 444, 448, 450, 454, 456, 460, 461, 463, 464, 467, 469, 470, 471, 472, 474, 477, 478, 479, 480, 481, 482, 483, 484, 488, 489, 490, 491, 492, 495, 497, 509, 510, 511, 513, 515, 516, 517, 518, 519, 522, 523, 524, 525, 526, 527, 528, 533, 534, 535, 536, 537, 538, 539, 540, 541, 542, 543, 544, 545, 546, 547, 548, 549, 550, 552, 553, 554, 555, 556, 558, 564, 594, 595, 596, 597, 605, 606, 608, 609, 610, 611, 612, 618, 619, 620, 621, 622, 623, 624, 642, 646, 650, 651, 653, 654, 661, 662, 663, 664, 665, 666, 667, 668, 669, 671, 673, 675, 676, 677, 680, 684, 685, 686, 691, 692, 696, 697, 699, 701, 702, 703, 704, 707, 708, 713, 714, 716, 718, 737, 782, 784, 785, 787, 788, 789, 791, 793, 794, 818, 819, 820, 828, 829, 830, 831, 832, 833, 834, 835, 836, 838, 840, 842, 843, 844, 846, 847, 848, 849, 851, 853, 854, 856, 858, 859, 861, 862, 865, 883, 884, 885, 886, 888, 889, 912, 913, 914, 931, 932], "excluded_lines": []}, "RUFAS\\routines\\animal\\ration\\animal_requirements.py": {"executed_lines": [1, 11, 12, 13, 14, 15, 16, 17, 18, 19, 21, 134, 177, 178, 179, 182, 183, 185, 186, 187, 190, 193, 237, 238, 239, 240, 242, 243, 245, 246, 247, 249, 251, 254, 301, 304, 310, 313, 314, 315, 316, 319, 322, 323, 326, 329, 332, 333, 336, 380, 381, 382, 383, 384, 387, 388, 389, 392, 393, 394, 395, 397, 399, 400, 401, 402, 403, 406, 436, 437, 438, 442, 445, 446, 449, 490, 491, 493, 494, 496, 498, 499, 502, 534, 537, 541, 543, 544, 547, 581, 582, 584, 586, 587, 590, 654, 657, 661, 669, 672, 676, 677, 682, 687, 688, 689, 693, 696, 698, 702, 704, 705, 707, 708, 711, 764, 765, 766, 773, 774, 775, 776, 777, 778, 779, 780, 783, 785, 788, 829, 832, 833, 835, 836, 839, 842, 846, 847, 848, 853, 854, 857, 860, 861, 864, 865, 868, 907, 908, 909, 912, 913, 914, 916, 919, 920, 921, 924, 961, 963, 964, 965, 970, 971, 972, 973, 974, 975, 976, 977, 980, 1022, 1023, 1024, 1025, 1028, 1029, 1032, 1033, 1034, 1036, 1039, 1042, 1043, 1044, 1047, 1086, 1088, 1089, 1091, 1094, 1097, 1100, 1103, 1109, 1110, 1111, 1115, 1156, 1157, 1158, 1160, 1164, 1166, 1173, 1174, 1175, 1179], "summary": {"covered_lines": 207, "num_statements": 258, "percent_covered": 80.23255813953489, "percent_covered_display": "80", "missing_lines": 51, "excluded_lines": 0}, "missing_lines": [77, 78, 81, 84, 86, 88, 90, 93, 96, 99, 100, 102, 105, 108, 110, 112, 115, 118, 122, 125, 126, 129, 180, 317, 385, 391, 439, 670, 679, 690, 849, 966, 1027, 1040, 1104, 1105, 1159, 1213, 1218, 1219, 1221, 1224, 1225, 1226, 1227, 1228, 1230, 1232, 1233, 1236, 1237], "excluded_lines": []}, "RUFAS\\routines\\animal\\ration\\calf_ration.py": {"executed_lines": [2, 5, 9, 13], "summary": {"covered_lines": 4, "num_statements": 72, "percent_covered": 5.555555555555555, "percent_covered_display": "6", "missing_lines": 68, "excluded_lines": 0}, "missing_lines": [6, 10, 26, 27, 28, 29, 31, 32, 33, 35, 37, 38, 39, 41, 43, 44, 45, 47, 49, 50, 52, 56, 58, 62, 63, 65, 69, 71, 74, 75, 77, 80, 82, 85, 89, 91, 94, 95, 96, 99, 101, 105, 106, 107, 108, 109, 111, 113, 114, 115, 116, 118, 121, 123, 126, 129, 131, 134, 138, 140, 143, 144, 146, 149, 151, 153, 170, 184], "excluded_lines": []}, "RUFAS\\routines\\animal\\ration\\ration_NLP.py": {"executed_lines": [1, 11, 12, 13, 15, 18, 94, 104, 105, 106, 107, 108, 109, 112, 128, 201, 233, 263, 288, 326, 391, 405, 419, 440, 454, 465, 475, 492, 506, 521, 523, 525], "summary": {"covered_lines": 31, "num_statements": 222, "percent_covered": 13.963963963963964, "percent_covered_display": "14", "missing_lines": 191, "excluded_lines": 0}, "missing_lines": [64, 65, 66, 67, 68, 69, 70, 71, 72, 73, 74, 75, 76, 77, 78, 79, 80, 81, 82, 83, 84, 85, 86, 87, 88, 89, 90, 91, 125, 142, 144, 145, 148, 149, 151, 152, 155, 156, 158, 161, 162, 164, 167, 170, 173, 174, 175, 176, 177, 178, 179, 180, 182, 185, 186, 187, 188, 190, 192, 193, 194, 195, 196, 198, 212, 214, 215, 216, 217, 218, 219, 220, 222, 224, 225, 226, 227, 228, 230, 244, 246, 247, 248, 249, 250, 252, 254, 255, 256, 257, 258, 260, 274, 275, 276, 277, 278, 279, 280, 281, 283, 285, 300, 302, 303, 304, 305, 306, 307, 308, 309, 311, 316, 318, 321, 323, 336, 338, 339, 340, 341, 343, 345, 346, 348, 351, 352, 353, 354, 355, 356, 357, 358, 360, 363, 364, 365, 366, 368, 371, 372, 373, 375, 377, 380, 383, 386, 388, 400, 401, 402, 414, 415, 416, 429, 430, 431, 432, 434, 435, 436, 437, 449, 450, 451, 462, 473, 483, 484, 485, 486, 487, 488, 489, 490, 501, 502, 503, 538, 539, 540, 541, 544, 546, 547, 548, 551, 552, 553, 555, 557], "excluded_lines": []}, "RUFAS\\routines\\animal\\ration\\ration_constants.py": {"executed_lines": [1, 11, 12, 13, 14], "summary": {"covered_lines": 4, "num_statements": 4, "percent_covered": 100.0, "percent_covered_display": "100", "missing_lines": 0, "excluded_lines": 0}, "missing_lines": [], "excluded_lines": []}, "RUFAS\\routines\\animal\\ration\\ration_driver.py": {"executed_lines": [1, 11, 12, 13, 14, 15, 16, 17, 18, 19, 20, 21, 23, 26, 89, 102, 103, 104, 105, 106, 108, 111, 130, 133, 204, 257, 258, 263, 270, 272, 274, 276, 278, 280, 282, 284, 286, 288, 290, 291, 293, 330, 331, 333, 334, 335, 336, 337, 338, 339, 340, 341, 342, 343, 344, 345, 365, 506, 507, 512, 514, 516, 518, 520, 522, 524, 526, 528, 530, 532, 534, 536, 538, 540, 543, 545, 547, 549, 551, 553, 555, 557, 559, 561, 563, 565, 605, 622, 623, 625, 626, 627, 628, 629, 630, 631, 632, 633, 635, 636, 637], "summary": {"covered_lines": 98, "num_statements": 306, "percent_covered": 32.02614379084967, "percent_covered_display": "32", "missing_lines": 208, "excluded_lines": 0}, "missing_lines": [36, 37, 38, 39, 40, 41, 42, 43, 44, 45, 46, 47, 48, 49, 50, 52, 53, 54, 56, 57, 58, 65, 66, 67, 68, 69, 70, 71, 73, 74, 77, 78, 79, 82, 83, 85, 86, 148, 150, 152, 154, 155, 158, 159, 160, 161, 162, 163, 164, 173, 174, 175, 176, 178, 179, 180, 184, 185, 186, 187, 188, 189, 190, 191, 192, 193, 194, 195, 196, 197, 201, 215, 218, 219, 220, 221, 222, 223, 227, 228, 229, 231, 232, 233, 235, 236, 239, 240, 242, 245, 246, 247, 248, 249, 250, 253, 254, 348, 349, 350, 351, 352, 353, 354, 355, 356, 357, 358, 359, 360, 361, 376, 377, 378, 379, 380, 381, 382, 383, 384, 385, 386, 387, 388, 390, 394, 396, 397, 398, 404, 405, 411, 412, 423, 424, 425, 426, 427, 428, 429, 430, 432, 433, 434, 437, 439, 442, 443, 444, 446, 448, 449, 450, 451, 452, 453, 454, 455, 456, 457, 460, 461, 462, 464, 466, 469, 470, 471, 473, 475, 476, 477, 478, 479, 480, 481, 482, 483, 484, 488, 492, 498, 500, 575, 577, 579, 580, 581, 582, 583, 584, 585, 586, 587, 588, 589, 590, 591, 592, 593, 594, 595, 596, 597, 598, 599, 602, 603], "excluded_lines": []}, "RUFAS\\routines\\feed\\__init__.py": {"executed_lines": [1], "summary": {"covered_lines": 1, "num_statements": 1, "percent_covered": 100.0, "percent_covered_display": "100", "missing_lines": 0, "excluded_lines": 0}, "missing_lines": [], "excluded_lines": []}, "RUFAS\\routines\\feed\\carbon_loss.py": {"executed_lines": [1, 17, 36, 51, 66, 81], "summary": {"covered_lines": 5, "num_statements": 18, "percent_covered": 27.77777777777778, "percent_covered_display": "28", "missing_lines": 13, "excluded_lines": 0}, "missing_lines": [27, 29, 31, 33, 46, 48, 61, 63, 76, 78, 91, 95, 97], "excluded_lines": []}, "RUFAS\\routines\\feed\\feed.py": {"executed_lines": [1, 18, 19, 20, 21, 22, 23, 24, 26, 29, 51, 55, 56, 124, 153, 154, 246, 350, 369, 407, 418, 437, 438, 529, 530, 670, 753, 811, 831, 845, 900, 928, 940, 941, 942, 943, 945, 946, 947, 949, 951, 989, 1008, 1034, 1048, 1059, 1089], "summary": {"covered_lines": 46, "num_statements": 506, "percent_covered": 9.090909090909092, "percent_covered_display": "9", "missing_lines": 460, "excluded_lines": 0}, "missing_lines": [45, 48, 52, 65, 66, 67, 68, 69, 71, 72, 73, 75, 85, 90, 92, 94, 95, 98, 101, 103, 104, 106, 107, 110, 111, 112, 113, 114, 115, 116, 118, 119, 122, 130, 131, 132, 133, 134, 135, 137, 138, 140, 141, 143, 144, 145, 146, 147, 148, 149, 150, 151, 164, 165, 166, 167, 169, 170, 171, 172, 174, 176, 178, 180, 182, 183, 185, 187, 188, 190, 198, 199, 200, 201, 202, 203, 205, 206, 207, 209, 210, 211, 212, 214, 215, 217, 218, 220, 221, 223, 225, 227, 228, 229, 231, 233, 234, 236, 237, 239, 240, 242, 243, 244, 257, 258, 259, 261, 262, 263, 264, 265, 266, 267, 268, 269, 270, 271, 272, 273, 274, 275, 276, 277, 278, 279, 280, 281, 282, 283, 284, 285, 286, 287, 288, 289, 290, 291, 292, 293, 294, 296, 297, 298, 299, 300, 301, 302, 303, 304, 305, 306, 307, 308, 309, 310, 311, 312, 313, 314, 315, 316, 317, 318, 319, 320, 321, 322, 323, 324, 325, 326, 327, 328, 329, 330, 331, 332, 333, 334, 335, 336, 337, 338, 339, 340, 341, 342, 343, 344, 345, 346, 347, 348, 359, 360, 362, 363, 364, 366, 367, 382, 383, 387, 388, 389, 390, 391, 392, 393, 394, 396, 399, 402, 404, 405, 413, 414, 416, 423, 435, 454, 459, 460, 461, 462, 463, 465, 466, 467, 469, 471, 472, 473, 474, 475, 476, 477, 478, 480, 484, 494, 495, 496, 499, 502, 509, 510, 512, 520, 521, 523, 524, 525, 526, 527, 550, 553, 554, 557, 563, 564, 566, 567, 568, 571, 572, 573, 578, 579, 580, 582, 583, 584, 586, 588, 589, 593, 595, 597, 599, 600, 601, 603, 604, 606, 607, 610, 611, 618, 621, 622, 624, 625, 626, 627, 629, 630, 631, 637, 638, 639, 640, 641, 642, 644, 645, 646, 650, 652, 655, 657, 658, 659, 660, 662, 665, 666, 667, 687, 688, 690, 691, 693, 694, 697, 698, 699, 700, 703, 704, 705, 706, 707, 708, 709, 710, 713, 714, 715, 726, 727, 728, 729, 731, 733, 735, 737, 738, 739, 740, 741, 744, 745, 746, 747, 749, 767, 768, 769, 770, 771, 773, 774, 776, 777, 778, 779, 780, 781, 782, 783, 786, 789, 790, 792, 793, 794, 795, 797, 799, 800, 802, 806, 807, 808, 809, 818, 819, 820, 821, 822, 823, 824, 826, 827, 840, 841, 843, 868, 869, 870, 874, 880, 882, 883, 884, 886, 889, 890, 892, 893, 894, 895, 898, 914, 915, 917, 919, 920, 921, 923, 925, 926, 969, 970, 971, 972, 976, 978, 979, 980, 987, 1001, 1002, 1006, 1024, 1025, 1026, 1027, 1030, 1031, 1032, 1046, 1056, 1057, 1073, 1076, 1077, 1078, 1081, 1083, 1084, 1086, 1087, 1090, 1091, 1092, 1097, 1098], "excluded_lines": []}, "RUFAS\\routines\\feed\\feed_typed_dicts.py": {"executed_lines": [1, 4, 5, 11, 12, 13, 14, 15, 16, 17, 18, 19, 22, 23, 29, 30, 31, 32, 34, 35, 36, 37, 39, 40, 41, 43], "summary": {"covered_lines": 24, "num_statements": 24, "percent_covered": 100.0, "percent_covered_display": "100", "missing_lines": 0, "excluded_lines": 0}, "missing_lines": [], "excluded_lines": []}, "RUFAS\\routines\\feed\\nitrogen_loss.py": {"executed_lines": [1, 16, 32, 47, 60], "summary": {"covered_lines": 4, "num_statements": 13, "percent_covered": 30.76923076923077, "percent_covered_display": "31", "missing_lines": 9, "excluded_lines": 0}, "missing_lines": [25, 27, 29, 42, 44, 57, 69, 71, 72], "excluded_lines": []}, "RUFAS\\routines\\feed\\protein_degradation.py": {"executed_lines": [1, 16, 23], "summary": {"covered_lines": 2, "num_statements": 4, "percent_covered": 50.0, "percent_covered_display": "50", "missing_lines": 2, "excluded_lines": 0}, "missing_lines": [20, 27], "excluded_lines": []}, "RUFAS\\routines\\field\\__init__.py": {"executed_lines": [1, 2, 3], "summary": {"covered_lines": 3, "num_statements": 3, "percent_covered": 100.0, "percent_covered_display": "100", "missing_lines": 0, "excluded_lines": 0}, "missing_lines": [], "excluded_lines": []}, "RUFAS\\routines\\field\\crop\\__init__.py": {"executed_lines": [1], "summary": {"covered_lines": 1, "num_statements": 1, "percent_covered": 100.0, "percent_covered_display": "100", "missing_lines": 0, "excluded_lines": 0}, "missing_lines": [], "excluded_lines": []}, "RUFAS\\routines\\field\\crop\\biomass.py": {"executed_lines": [1, 44, 47, 68, 95, 115, 128], "summary": {"covered_lines": 6, "num_statements": 21, "percent_covered": 28.571428571428573, "percent_covered_display": "29", "missing_lines": 15, "excluded_lines": 0}, "missing_lines": [61, 63, 65, 80, 83, 86, 89, 92, 111, 112, 125, 139, 140, 142, 143], "excluded_lines": []}, "RUFAS\\routines\\field\\crop\\crop.py": {"executed_lines": [1, 11, 12, 13, 14, 17, 20, 112, 132, 148, 165, 207, 225, 226, 289, 337, 343, 350, 446, 470, 491, 527, 551], "summary": {"covered_lines": 22, "num_statements": 239, "percent_covered": 9.205020920502092, "percent_covered_display": "9", "missing_lines": 217, "excluded_lines": 0}, "missing_lines": [35, 37, 39, 48, 52, 53, 54, 56, 57, 58, 59, 62, 65, 66, 68, 70, 72, 74, 76, 78, 81, 82, 83, 86, 87, 88, 92, 94, 96, 99, 103, 104, 105, 106, 107, 109, 121, 122, 123, 124, 126, 127, 128, 129, 142, 143, 144, 145, 160, 161, 162, 185, 186, 187, 189, 191, 192, 193, 197, 198, 199, 200, 202, 203, 204, 217, 220, 221, 222, 242, 246, 247, 248, 249, 250, 251, 252, 253, 254, 255, 256, 257, 258, 259, 260, 261, 262, 263, 264, 266, 268, 269, 277, 279, 281, 284, 285, 286, 287, 300, 303, 304, 306, 307, 310, 311, 314, 315, 316, 319, 320, 321, 322, 323, 325, 329, 330, 333, 335, 338, 339, 340, 341, 344, 345, 347, 368, 369, 371, 372, 374, 375, 376, 377, 378, 379, 380, 381, 383, 384, 386, 388, 389, 390, 391, 392, 393, 394, 396, 397, 398, 399, 400, 403, 404, 405, 406, 407, 408, 409, 410, 413, 414, 416, 419, 421, 422, 423, 424, 425, 426, 427, 429, 430, 431, 432, 435, 436, 438, 439, 440, 441, 443, 460, 461, 462, 464, 467, 483, 484, 485, 486, 488, 507, 510, 512, 513, 515, 518, 521, 522, 524, 539, 541, 542, 543, 544, 545, 546, 548, 568, 569, 572, 573, 576, 577, 579], "excluded_lines": []}, "RUFAS\\routines\\field\\crop\\crop_types\\__init__.py": {"executed_lines": [1], "summary": {"covered_lines": 0, "num_statements": 0, "percent_covered": 100.0, "percent_covered_display": "100", "missing_lines": 0, "excluded_lines": 0}, "missing_lines": [], "excluded_lines": []}, "RUFAS\\routines\\field\\crop\\crop_types\\alfalfa.py": {"executed_lines": [1, 4, 6], "summary": {"covered_lines": 3, "num_statements": 110, "percent_covered": 2.727272727272727, "percent_covered_display": "3", "missing_lines": 107, "excluded_lines": 0}, "missing_lines": [7, 9, 10, 11, 12, 13, 14, 19, 21, 22, 23, 24, 25, 27, 28, 29, 30, 31, 33, 36, 39, 40, 41, 44, 45, 46, 49, 50, 53, 56, 57, 58, 59, 60, 61, 62, 63, 66, 67, 70, 71, 74, 77, 80, 83, 86, 89, 90, 91, 94, 95, 96, 99, 100, 103, 105, 106, 108, 109, 112, 114, 116, 118, 119, 121, 122, 123, 124, 126, 127, 128, 129, 132, 134, 136, 137, 139, 140, 141, 142, 143, 144, 146, 147, 148, 149, 152, 154, 155, 156, 157, 159, 161, 163, 164, 165, 167, 168, 169, 170, 171, 172, 173, 175, 176, 177, 178], "excluded_lines": []}, "RUFAS\\routines\\field\\crop\\crop_types\\base_crop.py": {"executed_lines": [1, 2], "summary": {"covered_lines": 2, "num_statements": 33, "percent_covered": 6.0606060606060606, "percent_covered_display": "6", "missing_lines": 31, "excluded_lines": 0}, "missing_lines": [4, 5, 6, 7, 8, 10, 11, 12, 14, 16, 17, 18, 19, 20, 25, 26, 27, 28, 29, 30, 31, 32, 33, 34, 35, 36, 37, 38, 39, 40, 41], "excluded_lines": []}, "RUFAS\\routines\\field\\crop\\crop_types\\corn.py": {"executed_lines": [1, 4, 5], "summary": {"covered_lines": 3, "num_statements": 110, "percent_covered": 2.727272727272727, "percent_covered_display": "3", "missing_lines": 107, "excluded_lines": 0}, "missing_lines": [6, 8, 10, 11, 12, 13, 14, 15, 17, 18, 19, 20, 21, 23, 24, 25, 26, 27, 29, 32, 35, 36, 37, 40, 41, 42, 45, 46, 49, 52, 53, 54, 55, 56, 57, 58, 59, 62, 63, 66, 67, 70, 73, 76, 79, 82, 85, 86, 87, 90, 91, 92, 95, 96, 99, 101, 102, 104, 105, 108, 110, 112, 114, 115, 117, 118, 119, 120, 122, 123, 124, 125, 128, 130, 132, 133, 135, 136, 137, 138, 139, 140, 142, 143, 144, 145, 148, 150, 151, 152, 153, 155, 157, 159, 160, 161, 163, 164, 165, 166, 167, 168, 169, 171, 172, 173, 174], "excluded_lines": []}, "RUFAS\\routines\\field\\crop\\crop_types\\potato.py": {"executed_lines": [1, 4, 6], "summary": {"covered_lines": 3, "num_statements": 109, "percent_covered": 2.7522935779816513, "percent_covered_display": "3", "missing_lines": 106, "excluded_lines": 0}, "missing_lines": [7, 9, 11, 12, 13, 14, 15, 16, 18, 19, 20, 21, 22, 24, 25, 26, 27, 29, 32, 35, 36, 37, 40, 41, 42, 45, 46, 49, 52, 53, 54, 55, 56, 57, 58, 59, 62, 63, 66, 67, 70, 73, 76, 79, 82, 85, 86, 87, 90, 91, 92, 95, 96, 99, 101, 102, 104, 105, 108, 110, 112, 114, 115, 117, 118, 119, 120, 122, 123, 124, 125, 126, 129, 131, 133, 134, 136, 137, 138, 139, 140, 141, 143, 144, 145, 146, 149, 151, 152, 153, 154, 156, 158, 160, 161, 162, 164, 165, 166, 167, 168, 169, 171, 172, 173, 174], "excluded_lines": []}, "RUFAS\\routines\\field\\crop\\crop_types\\soybean.py": {"executed_lines": [1, 4, 6], "summary": {"covered_lines": 3, "num_statements": 110, "percent_covered": 2.727272727272727, "percent_covered_display": "3", "missing_lines": 107, "excluded_lines": 0}, "missing_lines": [7, 8, 10, 11, 12, 13, 14, 15, 17, 18, 19, 20, 21, 23, 24, 25, 26, 27, 29, 32, 35, 36, 37, 40, 41, 42, 45, 46, 49, 52, 53, 54, 55, 56, 57, 58, 59, 62, 63, 66, 67, 70, 73, 76, 79, 82, 85, 86, 87, 90, 91, 92, 95, 96, 99, 101, 102, 105, 106, 109, 111, 113, 115, 116, 118, 119, 120, 121, 123, 124, 125, 126, 129, 131, 133, 134, 136, 137, 138, 139, 140, 141, 143, 144, 145, 146, 149, 151, 152, 153, 154, 156, 158, 160, 161, 162, 164, 165, 166, 167, 168, 169, 170, 172, 173, 174, 175], "excluded_lines": []}, "RUFAS\\routines\\field\\crop\\crop_types\\spring_barley.py": {"executed_lines": [1, 4, 6], "summary": {"covered_lines": 3, "num_statements": 109, "percent_covered": 2.7522935779816513, "percent_covered_display": "3", "missing_lines": 106, "excluded_lines": 0}, "missing_lines": [7, 9, 11, 12, 13, 14, 15, 16, 18, 19, 20, 21, 22, 24, 25, 26, 27, 29, 32, 35, 36, 37, 40, 41, 42, 45, 46, 49, 52, 53, 54, 55, 56, 57, 58, 59, 62, 63, 66, 67, 70, 73, 76, 79, 82, 85, 86, 87, 90, 91, 92, 95, 96, 99, 101, 102, 104, 105, 108, 110, 112, 114, 115, 117, 118, 119, 120, 122, 123, 124, 125, 126, 129, 131, 133, 134, 136, 137, 138, 139, 140, 141, 143, 144, 145, 146, 149, 151, 152, 153, 154, 156, 158, 160, 161, 162, 164, 165, 166, 167, 168, 169, 171, 172, 173, 174], "excluded_lines": []}, "RUFAS\\routines\\field\\crop\\crop_types\\spring_wheat.py": {"executed_lines": [1, 4, 6], "summary": {"covered_lines": 3, "num_statements": 109, "percent_covered": 2.7522935779816513, "percent_covered_display": "3", "missing_lines": 106, "excluded_lines": 0}, "missing_lines": [7, 9, 11, 12, 13, 14, 15, 16, 18, 19, 20, 21, 22, 24, 25, 26, 27, 29, 32, 35, 36, 37, 40, 41, 42, 45, 46, 49, 52, 53, 54, 55, 56, 57, 58, 59, 62, 63, 66, 67, 70, 73, 76, 79, 82, 85, 86, 87, 90, 91, 92, 95, 96, 99, 101, 102, 104, 105, 108, 110, 112, 114, 115, 117, 118, 119, 120, 122, 123, 124, 125, 126, 129, 131, 133, 134, 136, 137, 138, 139, 140, 141, 143, 144, 145, 146, 149, 151, 152, 153, 154, 156, 158, 160, 161, 162, 164, 165, 166, 167, 168, 169, 171, 172, 173, 174], "excluded_lines": []}, "RUFAS\\routines\\field\\crop\\crop_types\\sugar_beet.py": {"executed_lines": [1, 4, 6], "summary": {"covered_lines": 3, "num_statements": 109, "percent_covered": 2.7522935779816513, "percent_covered_display": "3", "missing_lines": 106, "excluded_lines": 0}, "missing_lines": [7, 9, 11, 12, 13, 14, 15, 16, 18, 19, 20, 22, 23, 25, 26, 27, 28, 30, 33, 36, 37, 38, 41, 42, 43, 46, 47, 50, 53, 54, 55, 56, 57, 58, 59, 60, 63, 64, 67, 68, 71, 74, 77, 80, 83, 86, 87, 88, 91, 92, 93, 96, 97, 100, 102, 103, 105, 106, 109, 111, 113, 115, 116, 118, 119, 120, 121, 123, 124, 125, 126, 127, 130, 132, 134, 135, 137, 138, 139, 140, 141, 142, 144, 145, 146, 147, 150, 152, 153, 154, 155, 157, 159, 161, 162, 163, 165, 166, 167, 168, 169, 170, 172, 173, 174, 175], "excluded_lines": []}, "RUFAS\\routines\\field\\crop\\crop_types\\tall_fescue.py": {"executed_lines": [1, 2, 4, 7, 9], "summary": {"covered_lines": 5, "num_statements": 116, "percent_covered": 4.310344827586207, "percent_covered_display": "4", "missing_lines": 111, "excluded_lines": 0}, "missing_lines": [10, 12, 13, 14, 15, 16, 17, 19, 24, 25, 26, 27, 29, 31, 32, 33, 35, 36, 38, 39, 40, 41, 43, 46, 49, 50, 51, 54, 55, 56, 59, 60, 63, 66, 67, 68, 69, 70, 71, 72, 73, 76, 77, 80, 81, 84, 87, 90, 93, 96, 99, 100, 101, 104, 105, 106, 109, 110, 113, 115, 116, 118, 119, 122, 124, 126, 128, 129, 131, 132, 133, 134, 136, 137, 138, 139, 140, 143, 145, 147, 148, 150, 151, 152, 153, 154, 155, 157, 158, 159, 160, 163, 165, 166, 167, 168, 170, 172, 174, 175, 176, 178, 179, 180, 181, 182, 183, 185, 186, 187, 188], "excluded_lines": []}, "RUFAS\\routines\\field\\crop\\growth_constraints.py": {"executed_lines": [1, 48, 51, 71, 93, 101, 123, 165, 184, 203, 222], "summary": {"covered_lines": 10, "num_statements": 56, "percent_covered": 17.857142857142858, "percent_covered_display": "18", "missing_lines": 46, "excluded_lines": 0}, "missing_lines": [68, 84, 85, 86, 87, 90, 114, 115, 116, 117, 118, 120, 138, 139, 140, 141, 143, 144, 147, 148, 149, 150, 153, 154, 155, 156, 160, 162, 177, 178, 179, 180, 181, 196, 197, 199, 200, 215, 216, 217, 218, 219, 234, 235, 237, 238], "excluded_lines": []}, "RUFAS\\routines\\field\\crop\\heat_units.py": {"executed_lines": [1, 53, 69, 100, 119, 138], "summary": {"covered_lines": 5, "num_statements": 25, "percent_covered": 20.0, "percent_covered_display": "20", "missing_lines": 20, "excluded_lines": 0}, "missing_lines": [66, 82, 83, 85, 86, 87, 89, 91, 93, 97, 113, 114, 116, 132, 133, 135, 153, 156, 157, 159], "excluded_lines": []}, "RUFAS\\routines\\field\\crop\\leaf_area_index.py": {"executed_lines": [1, 48, 51, 65, 91, 110, 136], "summary": {"covered_lines": 6, "num_statements": 28, "percent_covered": 21.428571428571427, "percent_covered_display": "21", "missing_lines": 22, "excluded_lines": 0}, "missing_lines": [60, 61, 62, 77, 78, 80, 84, 86, 88, 104, 106, 107, 121, 122, 123, 124, 126, 128, 129, 132, 133, 150], "excluded_lines": []}, "RUFAS\\routines\\field\\crop\\nitrogen_fixation.py": {"executed_lines": [1, 27, 64, 92, 122, 148, 169], "summary": {"covered_lines": 6, "num_statements": 50, "percent_covered": 12.0, "percent_covered_display": "12", "missing_lines": 44, "excluded_lines": 0}, "missing_lines": [47, 48, 50, 51, 52, 53, 54, 56, 58, 59, 61, 79, 81, 82, 84, 85, 87, 88, 89, 104, 106, 107, 109, 110, 112, 113, 115, 116, 119, 135, 138, 139, 141, 142, 145, 160, 161, 163, 164, 166, 182, 184, 186, 188], "excluded_lines": []}, "RUFAS\\routines\\field\\crop\\nitrogen_uptake.py": {"executed_lines": [1, 50, 51, 54, 74, 98, 124, 144, 168, 181, 200, 251, 256, 291, 313], "summary": {"covered_lines": 14, "num_statements": 76, "percent_covered": 18.42105263157895, "percent_covered_display": "18", "missing_lines": 62, "excluded_lines": 0}, "missing_lines": [65, 66, 67, 68, 69, 70, 71, 84, 85, 87, 88, 90, 92, 93, 95, 111, 115, 119, 121, 138, 141, 162, 163, 165, 178, 191, 192, 194, 195, 197, 215, 216, 219, 222, 225, 227, 230, 233, 234, 237, 240, 243, 245, 246, 248, 252, 253, 274, 276, 277, 278, 281, 283, 286, 288, 306, 307, 308, 309, 310, 324, 325], "excluded_lines": []}, "RUFAS\\routines\\field\\crop\\phosphorus_uptake.py": {"executed_lines": [1, 53, 56, 76, 99, 125, 146, 167, 180, 198, 240, 269, 291, 305], "summary": {"covered_lines": 13, "num_statements": 71, "percent_covered": 18.309859154929576, "percent_covered_display": "18", "missing_lines": 58, "excluded_lines": 0}, "missing_lines": [68, 69, 70, 71, 72, 73, 86, 87, 88, 89, 91, 93, 94, 96, 112, 116, 120, 122, 139, 143, 162, 163, 164, 177, 190, 191, 193, 194, 195, 213, 216, 219, 222, 224, 226, 228, 232, 233, 235, 236, 237, 255, 256, 257, 258, 259, 261, 264, 266, 284, 285, 286, 287, 288, 301, 302, 306, 307], "excluded_lines": []}, "RUFAS\\routines\\field\\crop\\root_development.py": {"executed_lines": [1, 33, 47, 61], "summary": {"covered_lines": 3, "num_statements": 10, "percent_covered": 30.0, "percent_covered_display": "30", "missing_lines": 7, "excluded_lines": 0}, "missing_lines": [43, 44, 58, 72, 75, 76, 79], "excluded_lines": []}, "RUFAS\\routines\\field\\crop\\transpiration.py": {"executed_lines": [1, 38, 41, 63, 94, 118, 166, 202], "summary": {"covered_lines": 7, "num_statements": 53, "percent_covered": 13.20754716981132, "percent_covered_display": "13", "missing_lines": 46, "excluded_lines": 0}, "missing_lines": [51, 54, 57, 60, 79, 80, 83, 84, 85, 86, 89, 91, 110, 111, 113, 114, 115, 139, 142, 145, 148, 151, 152, 153, 157, 158, 159, 160, 161, 163, 183, 185, 189, 192, 193, 195, 196, 197, 199, 218, 222, 223, 225, 227, 229, 233], "excluded_lines": []}, "RUFAS\\routines\\field\\crop\\yields.py": {"executed_lines": [1, 63, 66, 99, 114, 131, 140, 153, 166, 189, 203, 236, 248, 292], "summary": {"covered_lines": 13, "num_statements": 88, "percent_covered": 14.772727272727273, "percent_covered_display": "15", "missing_lines": 75, "excluded_lines": 0}, "missing_lines": [81, 82, 84, 85, 87, 88, 89, 90, 91, 92, 109, 110, 111, 124, 125, 126, 128, 133, 150, 163, 175, 176, 177, 178, 179, 180, 181, 182, 183, 184, 185, 186, 199, 200, 217, 218, 220, 221, 223, 224, 225, 226, 228, 229, 231, 233, 245, 261, 262, 264, 265, 267, 268, 270, 271, 272, 274, 275, 277, 278, 280, 282, 283, 284, 287, 288, 289, 303, 304, 306, 307, 309, 311, 312, 314], "excluded_lines": []}, "RUFAS\\routines\\field\\field.py": {"executed_lines": [1, 9, 10, 11, 12, 14, 34, 39, 40, 91, 149, 170, 197, 198], "summary": {"covered_lines": 13, "num_statements": 151, "percent_covered": 8.609271523178808, "percent_covered_display": "9", "missing_lines": 138, "excluded_lines": 0}, "missing_lines": [15, 16, 17, 18, 19, 23, 24, 26, 27, 28, 30, 31, 35, 36, 41, 42, 43, 45, 46, 47, 48, 49, 51, 52, 53, 54, 56, 57, 58, 60, 61, 62, 64, 65, 67, 68, 70, 71, 73, 74, 76, 77, 78, 79, 80, 81, 83, 84, 85, 87, 88, 89, 92, 93, 94, 95, 96, 98, 99, 100, 102, 103, 105, 106, 108, 109, 111, 112, 114, 115, 116, 118, 119, 120, 121, 123, 124, 125, 126, 127, 129, 130, 131, 133, 134, 136, 137, 139, 140, 142, 143, 145, 146, 147, 150, 151, 152, 153, 155, 156, 157, 159, 160, 161, 162, 163, 164, 166, 167, 168, 171, 172, 173, 174, 176, 177, 178, 179, 181, 182, 183, 185, 186, 187, 188, 189, 190, 192, 193, 194, 213, 215, 217, 218, 219, 221, 222, 223], "excluded_lines": []}, "RUFAS\\routines\\field\\field_management\\__init__.py": {"executed_lines": [1], "summary": {"covered_lines": 1, "num_statements": 1, "percent_covered": 100.0, "percent_covered_display": "100", "missing_lines": 0, "excluded_lines": 0}, "missing_lines": [], "excluded_lines": []}, "RUFAS\\routines\\field\\field_management\\fertilizer_application.py": {"executed_lines": [1, 9, 27, 64, 118, 134], "summary": {"covered_lines": 5, "num_statements": 46, "percent_covered": 10.869565217391305, "percent_covered_display": "11", "missing_lines": 41, "excluded_lines": 0}, "missing_lines": [21, 22, 23, 24, 43, 46, 47, 48, 49, 50, 51, 54, 57, 58, 59, 61, 76, 77, 78, 80, 81, 82, 88, 89, 91, 92, 93, 94, 98, 100, 101, 103, 104, 108, 111, 114, 115, 128, 131, 144, 147], "excluded_lines": []}, "RUFAS\\routines\\field\\field_management\\field_management.py": {"executed_lines": [1, 13, 16, 51, 62, 64, 138, 139, 210, 220, 230, 231, 259, 269, 284, 303, 330, 331, 343, 344], "summary": {"covered_lines": 19, "num_statements": 136, "percent_covered": 13.970588235294118, "percent_covered_display": "14", "missing_lines": 117, "excluded_lines": 0}, "missing_lines": [32, 34, 35, 36, 39, 40, 41, 44, 45, 46, 48, 52, 53, 54, 55, 57, 58, 59, 76, 110, 112, 113, 114, 117, 120, 121, 122, 124, 125, 126, 128, 129, 130, 131, 133, 134, 135, 136, 158, 159, 161, 162, 164, 167, 168, 171, 172, 175, 177, 179, 180, 182, 185, 188, 189, 192, 194, 196, 197, 199, 202, 205, 206, 208, 211, 212, 213, 215, 216, 217, 218, 221, 222, 223, 224, 226, 227, 228, 247, 248, 250, 251, 253, 254, 256, 257, 260, 261, 262, 263, 264, 266, 271, 272, 273, 275, 276, 278, 279, 280, 281, 282, 292, 293, 295, 312, 313, 314, 322, 339, 340, 341, 345, 346, 348, 349, 350], "excluded_lines": []}, "RUFAS\\routines\\field\\field_management\\manure_application.py": {"executed_lines": [1, 9, 28, 165, 269], "summary": {"covered_lines": 4, "num_statements": 143, "percent_covered": 2.797202797202797, "percent_covered_display": "3", "missing_lines": 139, "excluded_lines": 0}, "missing_lines": [23, 24, 25, 42, 43, 44, 45, 46, 47, 48, 50, 51, 53, 54, 55, 57, 58, 61, 62, 63, 65, 66, 69, 70, 71, 72, 75, 76, 79, 82, 83, 84, 85, 88, 89, 91, 92, 93, 95, 96, 97, 99, 100, 102, 103, 105, 106, 108, 109, 110, 111, 113, 114, 115, 117, 118, 120, 121, 123, 124, 126, 127, 129, 130, 132, 134, 135, 137, 139, 140, 146, 147, 148, 149, 150, 152, 153, 154, 155, 160, 162, 174, 175, 176, 177, 178, 179, 180, 181, 182, 184, 185, 189, 191, 195, 196, 199, 200, 201, 205, 206, 207, 211, 212, 216, 217, 218, 219, 220, 221, 225, 226, 227, 228, 229, 233, 234, 235, 236, 237, 238, 242, 243, 244, 245, 246, 247, 249, 253, 254, 256, 257, 259, 264, 265, 266, 280, 283, 284], "excluded_lines": []}, "RUFAS\\routines\\field\\field_management\\tillage_application.py": {"executed_lines": [1, 9], "summary": {"covered_lines": 1, "num_statements": 33, "percent_covered": 3.0303030303030303, "percent_covered_display": "3", "missing_lines": 32, "excluded_lines": 0}, "missing_lines": [21, 22, 23, 24, 26, 27, 28, 31, 32, 33, 34, 35, 37, 41, 43, 44, 46, 50, 51, 56, 57, 59, 60, 61, 62, 63, 66, 67, 71, 72, 73, 75], "excluded_lines": []}, "RUFAS\\routines\\field\\soil\\__init__.py": {"executed_lines": [1], "summary": {"covered_lines": 1, "num_statements": 1, "percent_covered": 100.0, "percent_covered_display": "100", "missing_lines": 0, "excluded_lines": 0}, "missing_lines": [], "excluded_lines": []}, "RUFAS\\routines\\field\\soil\\carbon_cycling\\__init__.py": {"executed_lines": [1], "summary": {"covered_lines": 0, "num_statements": 0, "percent_covered": 100.0, "percent_covered_display": "100", "missing_lines": 0, "excluded_lines": 0}, "missing_lines": [], "excluded_lines": []}, "RUFAS\\routines\\field\\soil\\carbon_cycling\\carbon_cycle.py": {"executed_lines": [1, 11, 14, 36], "summary": {"covered_lines": 3, "num_statements": 25, "percent_covered": 12.0, "percent_covered_display": "12", "missing_lines": 22, "excluded_lines": 0}, "missing_lines": [27, 29, 31, 33, 46, 49, 50, 52, 53, 59, 60, 61, 64, 65, 69, 70, 71, 75, 77, 81, 84, 86], "excluded_lines": []}, "RUFAS\\routines\\field\\soil\\carbon_cycling\\decomp_factors.py": {"executed_lines": [1, 4, 19, 40], "summary": {"covered_lines": 4, "num_statements": 21, "percent_covered": 19.047619047619047, "percent_covered_display": "19", "missing_lines": 17, "excluded_lines": 0}, "missing_lines": [14, 16, 29, 30, 31, 32, 33, 36, 48, 49, 50, 51, 52, 54, 56, 57, 58], "excluded_lines": []}, "RUFAS\\routines\\field\\soil\\carbon_cycling\\pool_gas_partitioning.py": {"executed_lines": [1], "summary": {"covered_lines": 1, "num_statements": 39, "percent_covered": 2.5641025641025643, "percent_covered_display": "3", "missing_lines": 38, "excluded_lines": 0}, "missing_lines": [11, 15, 16, 17, 20, 21, 22, 24, 25, 26, 29, 30, 33, 34, 36, 37, 42, 44, 47, 50, 51, 54, 55, 58, 61, 62, 65, 67, 68, 71, 72, 73, 75, 78, 79, 85, 91, 96], "excluded_lines": []}, "RUFAS\\routines\\field\\soil\\carbon_cycling\\residue_partitioning.py": {"executed_lines": [1, 4, 20], "summary": {"covered_lines": 3, "num_statements": 41, "percent_covered": 7.317073170731708, "percent_covered_display": "7", "missing_lines": 38, "excluded_lines": 0}, "missing_lines": [17, 37, 40, 41, 42, 43, 46, 48, 50, 51, 53, 56, 59, 62, 66, 69, 72, 73, 76, 79, 86, 89, 90, 91, 94, 98, 99, 100, 104, 106, 107, 110, 113, 116, 117, 120, 121, 124], "excluded_lines": []}, "RUFAS\\routines\\field\\soil\\evapotranspiration.py": {"executed_lines": [1, 54, 57, 78, 102, 119, 139, 159, 177], "summary": {"covered_lines": 8, "num_statements": 51, "percent_covered": 15.686274509803921, "percent_covered_display": "16", "missing_lines": 43, "excluded_lines": 0}, "missing_lines": [69, 71, 73, 75, 89, 91, 92, 93, 95, 97, 99, 116, 132, 133, 134, 136, 150, 153, 156, 170, 171, 172, 174, 188, 189, 191, 192, 193, 197, 198, 199, 200, 202, 205, 206, 207, 209, 214, 219, 220, 221, 226, 228], "excluded_lines": []}, "RUFAS\\routines\\field\\soil\\infiltration.py": {"executed_lines": [1, 45, 48, 65, 94, 121, 139, 157, 174, 199, 226, 242, 261, 281], "summary": {"covered_lines": 13, "num_statements": 62, "percent_covered": 20.967741935483872, "percent_covered_display": "21", "missing_lines": 49, "excluded_lines": 0}, "missing_lines": [60, 62, 77, 78, 82, 83, 84, 85, 87, 88, 89, 91, 108, 110, 111, 112, 114, 116, 118, 134, 135, 136, 152, 153, 154, 170, 171, 190, 192, 194, 196, 214, 216, 218, 220, 221, 223, 239, 255, 256, 257, 258, 275, 276, 277, 278, 293, 294, 295], "excluded_lines": []}, "RUFAS\\routines\\field\\soil\\nitrogen_cycling\\__init__.py": {"executed_lines": [1], "summary": {"covered_lines": 0, "num_statements": 0, "percent_covered": 100.0, "percent_covered_display": "100", "missing_lines": 0, "excluded_lines": 0}, "missing_lines": [], "excluded_lines": []}, "RUFAS\\routines\\field\\soil\\nitrogen_cycling\\denitrification.py": {"executed_lines": [1, 10, 13], "summary": {"covered_lines": 2, "num_statements": 15, "percent_covered": 13.333333333333334, "percent_covered_display": "13", "missing_lines": 13, "excluded_lines": 0}, "missing_lines": [21, 22, 23, 24, 25, 27, 30, 31, 32, 33, 35, 36, 38], "excluded_lines": []}, "RUFAS\\routines\\field\\soil\\nitrogen_cycling\\humus_mineralization.py": {"executed_lines": [1, 11], "summary": {"covered_lines": 1, "num_statements": 9, "percent_covered": 11.11111111111111, "percent_covered_display": "11", "missing_lines": 8, "excluded_lines": 0}, "missing_lines": [22, 23, 24, 25, 28, 30, 31, 33], "excluded_lines": []}, "RUFAS\\routines\\field\\soil\\nitrogen_cycling\\leaching_runoff_erosion.py": {"executed_lines": [1, 12, 15], "summary": {"covered_lines": 2, "num_statements": 80, "percent_covered": 2.5, "percent_covered_display": "2", "missing_lines": 78, "excluded_lines": 0}, "missing_lines": [26, 28, 29, 31, 32, 35, 36, 38, 39, 40, 43, 44, 45, 47, 50, 51, 56, 57, 58, 59, 62, 63, 64, 65, 67, 68, 69, 70, 72, 74, 76, 79, 80, 81, 82, 84, 85, 87, 88, 90, 91, 93, 94, 96, 97, 98, 99, 103, 105, 107, 109, 112, 113, 114, 115, 117, 119, 120, 123, 126, 127, 128, 130, 131, 132, 135, 136, 137, 138, 139, 141, 142, 143, 144, 145, 147, 148, 149], "excluded_lines": []}, "RUFAS\\routines\\field\\soil\\nitrogen_cycling\\mineralization_decomp.py": {"executed_lines": [1, 12, 15], "summary": {"covered_lines": 2, "num_statements": 50, "percent_covered": 4.0, "percent_covered_display": "4", "missing_lines": 48, "excluded_lines": 0}, "missing_lines": [25, 26, 27, 28, 29, 32, 33, 34, 36, 37, 38, 42, 44, 45, 46, 47, 48, 51, 52, 53, 55, 56, 59, 60, 61, 63, 66, 67, 68, 69, 70, 71, 72, 73, 75, 76, 77, 78, 81, 84, 87, 89, 90, 92, 93, 96, 98, 100], "excluded_lines": []}, "RUFAS\\routines\\field\\soil\\nitrogen_cycling\\nitrification_volatilization.py": {"executed_lines": [1, 12, 15], "summary": {"covered_lines": 2, "num_statements": 31, "percent_covered": 6.451612903225806, "percent_covered_display": "6", "missing_lines": 29, "excluded_lines": 0}, "missing_lines": [25, 26, 28, 30, 33, 34, 36, 38, 39, 42, 43, 47, 48, 50, 53, 54, 56, 57, 60, 63, 66, 67, 68, 71, 73, 76, 77, 78, 80], "excluded_lines": []}, "RUFAS\\routines\\field\\soil\\nitrogen_cycling\\nitrogen_cycling.py": {"executed_lines": [1, 15, 16, 20, 49, 69, 94, 133], "summary": {"covered_lines": 7, "num_statements": 67, "percent_covered": 10.447761194029852, "percent_covered_display": "10", "missing_lines": 60, "excluded_lines": 0}, "missing_lines": [32, 34, 36, 38, 40, 42, 44, 46, 60, 61, 63, 64, 66, 80, 81, 82, 83, 84, 86, 87, 89, 91, 95, 96, 97, 98, 99, 100, 101, 102, 103, 104, 105, 106, 107, 108, 109, 110, 111, 112, 114, 116, 118, 120, 123, 125, 128, 130, 134, 135, 136, 137, 138, 139, 140, 141, 142, 143, 144, 145], "excluded_lines": []}, "RUFAS\\routines\\field\\soil\\percolation.py": {"executed_lines": [1, 25, 28, 41], "summary": {"covered_lines": 3, "num_statements": 19, "percent_covered": 15.789473684210526, "percent_covered_display": "16", "missing_lines": 16, "excluded_lines": 0}, "missing_lines": [38, 51, 52, 54, 55, 56, 58, 59, 60, 62, 66, 67, 69, 71, 72, 73], "excluded_lines": []}, "RUFAS\\routines\\field\\soil\\phosphorus_cycling\\P_mineralization.py": {"executed_lines": [1, 15, 18], "summary": {"covered_lines": 2, "num_statements": 44, "percent_covered": 4.545454545454546, "percent_covered_display": "5", "missing_lines": 42, "excluded_lines": 0}, "missing_lines": [29, 30, 32, 33, 34, 35, 37, 40, 41, 44, 45, 48, 51, 54, 55, 56, 59, 62, 63, 64, 67, 68, 69, 72, 74, 75, 78, 79, 80, 83, 85, 86, 89, 90, 93, 95, 96, 99, 100, 102, 103, 105], "excluded_lines": []}, "RUFAS\\routines\\field\\soil\\phosphorus_cycling\\__init__.py": {"executed_lines": [1], "summary": {"covered_lines": 0, "num_statements": 0, "percent_covered": 100.0, "percent_covered_display": "100", "missing_lines": 0, "excluded_lines": 0}, "missing_lines": [], "excluded_lines": []}, "RUFAS\\routines\\field\\soil\\phosphorus_cycling\\erosion.py": {"executed_lines": [1, 14], "summary": {"covered_lines": 1, "num_statements": 14, "percent_covered": 7.142857142857143, "percent_covered_display": "7", "missing_lines": 13, "excluded_lines": 0}, "missing_lines": [24, 25, 26, 28, 31, 34, 35, 37, 41, 43, 46, 49, 50], "excluded_lines": []}, "RUFAS\\routines\\field\\soil\\phosphorus_cycling\\fert_leach.py": {"executed_lines": [1, 15, 18], "summary": {"covered_lines": 2, "num_statements": 43, "percent_covered": 4.651162790697675, "percent_covered_display": "5", "missing_lines": 41, "excluded_lines": 0}, "missing_lines": [31, 32, 33, 34, 40, 41, 42, 45, 47, 48, 50, 56, 57, 59, 60, 61, 63, 64, 65, 66, 69, 70, 73, 74, 75, 77, 80, 85, 89, 90, 91, 92, 95, 97, 98, 101, 102, 103, 104, 107, 109], "excluded_lines": []}, "RUFAS\\routines\\field\\soil\\phosphorus_cycling\\manure_leach.py": {"executed_lines": [1, 15, 18], "summary": {"covered_lines": 2, "num_statements": 86, "percent_covered": 2.3255813953488373, "percent_covered_display": "2", "missing_lines": 84, "excluded_lines": 0}, "missing_lines": [32, 33, 34, 35, 36, 42, 48, 49, 50, 51, 52, 53, 54, 55, 59, 60, 61, 67, 68, 71, 73, 76, 86, 97, 98, 100, 101, 103, 106, 107, 108, 109, 111, 113, 114, 116, 118, 120, 126, 127, 131, 132, 133, 134, 137, 140, 141, 144, 147, 150, 151, 152, 155, 158, 161, 162, 163, 164, 166, 167, 168, 169, 173, 174, 178, 182, 183, 185, 186, 187, 189, 192, 193, 194, 197, 199, 201, 205, 206, 207, 209, 210, 213, 214], "excluded_lines": []}, "RUFAS\\routines\\field\\soil\\phosphorus_cycling\\phosphorus_cycling.py": {"executed_lines": [1, 10, 13, 44, 81], "summary": {"covered_lines": 4, "num_statements": 45, "percent_covered": 8.88888888888889, "percent_covered_display": "9", "missing_lines": 41, "excluded_lines": 0}, "missing_lines": [27, 30, 33, 36, 39, 41, 45, 46, 47, 48, 49, 50, 52, 53, 54, 55, 56, 57, 58, 60, 62, 65, 67, 69, 71, 73, 76, 78, 82, 83, 84, 85, 86, 87, 88, 89, 90, 91, 92, 93, 94], "excluded_lines": []}, "RUFAS\\routines\\field\\soil\\phosphorus_cycling\\soluble_P.py": {"executed_lines": [1, 15, 18], "summary": {"covered_lines": 2, "num_statements": 20, "percent_covered": 10.0, "percent_covered_display": "10", "missing_lines": 18, "excluded_lines": 0}, "missing_lines": [27, 29, 30, 33, 36, 37, 41, 42, 44, 47, 48, 49, 52, 54, 55, 57, 60, 62], "excluded_lines": []}, "RUFAS\\routines\\field\\soil\\soil.py": {"executed_lines": [1, 12, 13, 14, 15, 16, 17, 20, 67, 72, 78, 80, 341, 342, 520, 617, 626, 635, 646, 665], "summary": {"covered_lines": 19, "num_statements": 448, "percent_covered": 4.241071428571429, "percent_covered_display": "4", "missing_lines": 429, "excluded_lines": 0}, "missing_lines": [31, 34, 37, 40, 44, 47, 50, 53, 57, 59, 61, 64, 68, 69, 73, 74, 75, 90, 91, 92, 93, 94, 95, 96, 97, 100, 101, 104, 105, 106, 109, 112, 113, 115, 116, 118, 119, 121, 122, 123, 124, 125, 128, 129, 130, 131, 132, 135, 136, 137, 139, 141, 142, 143, 144, 147, 148, 150, 151, 153, 154, 157, 158, 159, 160, 161, 162, 163, 164, 167, 168, 170, 172, 173, 175, 177, 178, 180, 181, 183, 184, 186, 189, 190, 191, 192, 193, 196, 197, 199, 200, 202, 204, 205, 206, 208, 209, 210, 211, 214, 215, 216, 218, 219, 220, 221, 224, 225, 227, 228, 229, 230, 232, 233, 234, 235, 237, 238, 239, 240, 242, 243, 245, 246, 247, 248, 250, 251, 252, 253, 254, 256, 257, 260, 262, 263, 265, 266, 268, 269, 270, 272, 273, 274, 276, 277, 278, 279, 281, 282, 283, 284, 286, 287, 289, 290, 291, 294, 296, 297, 299, 300, 302, 303, 305, 308, 309, 311, 312, 313, 315, 316, 317, 318, 321, 322, 323, 325, 326, 327, 328, 330, 332, 333, 334, 336, 337, 339, 351, 354, 355, 357, 358, 360, 361, 363, 366, 369, 370, 371, 372, 374, 375, 376, 377, 380, 381, 382, 383, 386, 387, 388, 392, 393, 394, 395, 398, 400, 401, 404, 405, 406, 407, 408, 409, 410, 413, 416, 419, 421, 422, 423, 425, 426, 427, 428, 429, 430, 432, 433, 434, 437, 439, 441, 442, 444, 445, 446, 448, 449, 450, 451, 452, 454, 455, 456, 457, 458, 460, 461, 462, 465, 467, 468, 469, 470, 472, 474, 475, 476, 478, 479, 480, 481, 482, 483, 485, 486, 487, 488, 489, 490, 492, 493, 494, 495, 496, 498, 499, 500, 501, 502, 504, 505, 506, 508, 509, 510, 511, 512, 514, 515, 516, 518, 521, 522, 523, 524, 526, 528, 529, 530, 531, 533, 534, 535, 537, 538, 539, 540, 541, 544, 546, 547, 550, 552, 555, 556, 559, 560, 563, 565, 568, 570, 573, 574, 577, 578, 581, 582, 585, 588, 591, 592, 593, 595, 596, 597, 598, 599, 601, 604, 607, 609, 610, 611, 612, 613, 614, 615, 622, 623, 624, 627, 629, 633, 636, 638, 640, 644, 647, 648, 649, 650, 651, 652, 654, 655, 657, 659, 663, 673, 675, 676, 677, 678, 679, 680, 683, 685, 686, 687, 688, 691, 693, 694, 695, 696, 699, 700, 703, 704, 706, 707, 708, 709, 711, 712, 713, 716, 717, 719, 720, 722, 723, 725, 727, 728, 730, 731, 732, 734, 735, 736, 737, 738, 739, 741, 742], "excluded_lines": []}, "RUFAS\\routines\\field\\soil\\soil_erosion.py": {"executed_lines": [1, 15, 18, 33, 65, 97, 118, 138, 159, 183, 205, 226, 248, 268, 289, 310, 338, 364], "summary": {"covered_lines": 17, "num_statements": 90, "percent_covered": 18.88888888888889, "percent_covered_display": "19", "missing_lines": 73, "excluded_lines": 0}, "missing_lines": [30, 46, 47, 48, 49, 50, 51, 53, 58, 59, 60, 62, 80, 82, 83, 86, 87, 89, 90, 92, 94, 112, 113, 115, 131, 132, 133, 135, 153, 154, 156, 174, 175, 177, 178, 180, 198, 200, 202, 218, 219, 220, 221, 223, 240, 241, 243, 245, 262, 263, 265, 282, 284, 286, 303, 305, 307, 327, 328, 329, 331, 332, 333, 335, 353, 354, 355, 357, 358, 360, 377, 379, 381], "excluded_lines": []}, "RUFAS\\routines\\field\\soil\\soil_temp.py": {"executed_lines": [1, 65, 68, 85, 125, 149, 169, 187, 207, 228, 249, 271, 295], "summary": {"covered_lines": 12, "num_statements": 65, "percent_covered": 18.46153846153846, "percent_covered_display": "18", "missing_lines": 53, "excluded_lines": 0}, "missing_lines": [80, 82, 97, 98, 99, 101, 103, 104, 106, 110, 113, 116, 117, 120, 122, 139, 140, 142, 143, 144, 146, 162, 163, 164, 166, 182, 183, 184, 199, 201, 202, 204, 222, 223, 225, 243, 244, 246, 265, 266, 268, 286, 289, 292, 309, 310, 312, 314, 316, 317, 318, 320, 322], "excluded_lines": []}, "RUFAS\\routines\\field\\soil\\soil_water.py": {"executed_lines": [1, 16, 31, 100], "summary": {"covered_lines": 3, "num_statements": 49, "percent_covered": 6.122448979591836, "percent_covered_display": "6", "missing_lines": 46, "excluded_lines": 0}, "missing_lines": [28, 45, 46, 47, 49, 50, 51, 52, 54, 55, 56, 58, 59, 60, 61, 63, 64, 66, 68, 70, 71, 72, 73, 74, 75, 77, 78, 79, 80, 82, 84, 86, 88, 89, 90, 92, 94, 95, 97, 101, 103, 104, 105, 106, 107, 109], "excluded_lines": []}, "RUFAS\\routines\\manure\\__init__.py": {"executed_lines": [1], "summary": {"covered_lines": 0, "num_statements": 0, "percent_covered": 100.0, "percent_covered_display": "100", "missing_lines": 0, "excluded_lines": 0}, "missing_lines": [], "excluded_lines": []}, "RUFAS\\routines\\manure\\beddings\\__init__.py": {"executed_lines": [1], "summary": {"covered_lines": 0, "num_statements": 0, "percent_covered": 100.0, "percent_covered_display": "100", "missing_lines": 0, "excluded_lines": 0}, "missing_lines": [], "excluded_lines": []}, "RUFAS\\routines\\manure\\beddings\\bedding_classes.py": {"executed_lines": [1, 3, 4, 5, 6, 7, 8, 10, 13, 14, 15, 16, 17, 18, 21, 22, 33, 41, 42, 43, 44, 45, 47, 57, 59, 60, 72, 82, 84, 94, 97, 98, 100, 110, 113, 114, 120, 123, 124, 130, 133, 134, 143, 150, 151, 153, 163, 164, 167, 168, 169, 180, 181, 182, 183, 184, 185, 188, 189, 191, 199, 207, 216, 217, 228, 233, 236, 237, 239, 240, 255, 261, 262, 264, 265, 267, 268, 270], "summary": {"covered_lines": 69, "num_statements": 70, "percent_covered": 98.57142857142857, "percent_covered_display": "99", "missing_lines": 1, "excluded_lines": 0}, "missing_lines": [70], "excluded_lines": []}, "RUFAS\\routines\\manure\\constants\\__init__.py
[...]
238, 239, 245, 248, 259, 264, 265, 271, 274, 275, 278, 285, 289, 290, 291, 292, 293, 295, 296, 297, 298, 300, 304, 310, 311, 313, 314, 315, 316, 317, 319, 321, 322, 323, 324, 327, 336, 337, 340, 341, 347, 349, 350, 356, 359, 361, 362, 363, 364, 365, 367, 368, 369, 370, 372, 376, 382, 383, 385, 387, 388, 390, 391, 393, 394, 396, 399, 406, 413, 414, 415, 418, 425, 428, 429, 430, 431, 432, 434, 439, 440, 441, 442, 443, 445, 453, 460, 461, 462, 463, 464, 468, 476, 485, 486, 487, 493, 494, 495, 497, 503, 504, 505, 508, 511, 512, 513, 514, 515, 520, 522, 523, 524, 526, 527, 528, 530, 531, 532, 533, 541, 550, 551, 552, 553, 554, 558, 564, 565, 566, 567, 568, 569, 570, 572, 577, 583, 584, 589, 594, 600, 601, 605, 609, 615, 619, 620, 621, 622, 623, 625, 626, 627, 628, 629, 630, 634, 640, 645, 646, 647, 648, 649, 652, 655, 656, 658, 659, 660, 662, 663, 666, 677, 686, 689, 697, 707, 708, 709, 710, 715, 722, 725, 726, 727, 730, 739, 740, 743, 745, 746, 747, 748, 749, 750, 752, 753, 755, 756, 758, 759, 765, 768, 769, 770, 779, 788, 789, 791, 792, 793, 794, 795, 798, 801, 802], "summary": {"covered_lines": 327, "num_statements": 327, "percent_covered": 100.0, "percent_covered_display": "100", "missing_lines": 0, "excluded_lines": 0}, "missing_lines": [], "excluded_lines": []}, "tests\\test_manure_module\\test_manure_manager_config_handler.py": {"executed_lines": [1, 3, 4, 5, 6, 7, 10, 13, 38, 47, 53, 56, 57, 58, 63, 64, 88, 89, 90, 93, 96, 117, 126, 132, 137, 138, 139, 144, 145, 162, 163, 164, 167, 170, 193, 201, 207, 212, 213, 214, 218, 219, 239, 240, 243, 245, 301, 311, 317, 322, 323, 324, 330, 331, 382, 383, 384, 385, 386, 390, 396, 401, 402, 403, 407, 408, 414, 418, 419, 422, 425, 430, 433, 434, 440, 441, 442, 446, 447, 453, 457, 460, 465, 468, 469, 472, 477, 478, 479, 483, 484, 490, 494, 495, 498, 501, 506, 509, 510, 516, 517, 518, 522, 523, 529, 533, 536, 541, 544, 545, 548, 553, 554, 555, 559, 560, 566, 570, 571, 574, 577, 582, 585, 586, 592, 593, 594, 598, 599, 605, 609, 612, 617, 620, 621, 624, 629, 630, 631, 635, 636, 642, 646, 647, 650, 653, 658, 661, 662, 668, 669, 670, 674, 675, 681, 685, 688, 693, 696, 697, 700, 703, 704, 705, 706, 707, 714, 715, 716, 717, 718, 723, 728, 733, 740, 745, 746, 747, 748, 749, 750, 751, 752], "summary": {"covered_lines": 183, "num_statements": 183, "percent_covered": 100.0, "percent_covered_display": "100", "missing_lines": 0, "excluded_lines": 0}, "missing_lines": [], "excluded_lines": []}, "tests\\test_manure_module\\test_manure_manager_constants.py": {"executed_lines": [1, 3, 4, 7, 9, 10, 11, 12, 13, 14, 15, 16, 17, 20, 22, 23, 24, 25, 26, 27, 29, 30, 31, 32, 34, 35, 36, 37, 39, 40, 41, 43, 44, 45], "summary": {"covered_lines": 34, "num_statements": 34, "percent_covered": 100.0, "percent_covered_display": "100", "missing_lines": 0, "excluded_lines": 0}, "missing_lines": [], "excluded_lines": []}, "tests\\test_manure_module\\test_manure_manager_output_handler.py": {"executed_lines": [1, 2, 3, 5, 6, 8, 9, 10, 11, 12, 13, 14, 17, 20, 27, 30, 31, 34, 37, 42, 43, 46, 49, 52, 55, 56, 57, 59, 60, 61, 62, 63, 64, 65, 66, 67, 68, 69, 71, 73, 79, 84, 87, 95, 96, 97, 98, 101, 104, 105, 106, 107, 108, 109, 110, 111, 112, 113, 115, 121, 122, 123, 124, 127, 128, 129, 130, 142, 146, 149, 152, 153, 156, 159, 160, 161, 163, 169, 171, 172, 178, 179, 184, 185, 186, 189, 190, 191, 193, 194, 195, 198, 205, 206, 207, 215, 216, 217, 220, 222, 223, 224, 225, 226, 227, 228, 229, 230, 231, 232, 241, 242, 243, 246, 249, 252, 255, 259, 265, 278, 283, 285, 286, 292, 305, 311, 312, 320, 321, 324, 331, 335, 336, 337, 342, 343, 348, 353, 354, 355, 356, 358, 361, 364, 365, 366, 367, 369, 372, 379, 383, 388, 390, 391, 392, 394, 396, 397, 400, 403, 404, 406, 409, 416, 420, 425, 427, 428, 429, 430, 431, 432, 434, 436, 438, 441, 444, 445, 449, 454, 457, 460, 465, 467, 473, 480, 483, 484, 487, 494, 498, 503, 504, 505, 506, 508, 509, 510, 511, 518, 521, 522, 523, 524, 526, 527, 530, 541, 546, 549, 552, 555, 556, 557, 564, 567, 568, 569, 572, 575, 576, 581, 587, 589, 594, 597, 600, 601, 602, 605, 608, 609, 614, 615, 620, 621, 623, 628, 631, 634, 635, 636, 639, 642, 643, 648, 653, 658, 661, 664, 665, 668, 674, 679, 680, 682, 683, 684, 685, 687, 688, 689, 690, 696, 697, 700, 703, 704, 706, 707, 709, 710, 711, 713, 715, 716, 718, 719, 720, 723, 726, 727, 732, 733, 736, 739, 740], "summary": {"covered_lines": 287, "num_statements": 287, "percent_covered": 100.0, "percent_covered_display": "100", "missing_lines": 0, "excluded_lines": 0}, "missing_lines": [], "excluded_lines": []}, "tests\\test_manure_module\\test_manure_manager_pen.py": {"executed_lines": [1, 2, 4, 5, 6, 7, 10, 14, 15, 16, 17, 19, 20, 22, 23, 24, 26, 27, 28, 30, 31, 32, 35, 40, 43, 44, 45, 46, 47, 48, 49, 50, 51, 52, 53, 54, 55, 56, 60, 65, 70, 71, 74, 77, 80, 91, 99, 102, 103, 104, 107], "summary": {"covered_lines": 51, "num_statements": 51, "percent_covered": 100.0, "percent_covered_display": "100", "missing_lines": 0, "excluded_lines": 0}, "missing_lines": [], "excluded_lines": []}, "tests\\test_manure_module\\test_manure_separators.py": {"executed_lines": [1, 3, 4, 5, 6, 8, 9, 10, 11, 12, 13, 14, 15, 16, 17, 18, 19, 20, 21, 22, 28, 32, 33, 35, 36, 37, 38, 39, 41, 42, 43, 44, 45, 46, 48, 49, 50, 51, 53, 54, 55, 56, 57, 58, 59, 60, 61, 62, 63, 64, 65, 66, 67, 68, 69, 70, 71, 78, 97, 103, 122, 125, 131, 135, 136, 137, 138, 139, 140, 141, 144, 155, 156, 157, 159, 160, 162, 163, 169, 180, 183, 184, 186, 188, 189, 191, 192, 198, 201, 202, 203, 204, 205, 206, 207, 213, 235, 240, 246, 247, 252, 295, 304, 308, 315, 319, 320, 321, 322, 323, 331, 334, 335, 337, 338, 340, 342, 344, 346, 349, 351, 352, 353, 354, 355, 356, 358, 359, 360, 361, 365, 368, 369, 370, 371, 374, 376, 378, 380, 382, 385, 387, 389, 391, 393, 395], "summary": {"covered_lines": 146, "num_statements": 147, "percent_covered": 99.31972789115646, "percent_covered_display": "99", "missing_lines": 1, "excluded_lines": 0}, "missing_lines": [249], "excluded_lines": []}, "tests\\test_manure_module\\test_manure_treatments.py": {"executed_lines": [1, 2, 3, 5, 6, 7, 8, 9, 11, 12, 13, 14, 15, 16, 17, 18, 19, 20, 21, 22, 23, 24, 31, 34, 66, 67, 68, 69, 70, 71, 72, 73, 76, 77, 79, 80, 82, 83, 84, 85, 86, 87, 89, 90, 91, 92, 93, 94, 95, 98, 102, 105, 106, 115, 143, 172, 175, 176, 177, 178, 179, 180, 181, 182, 185, 186, 188, 189, 190, 191, 192, 193, 194, 195, 198, 202, 205, 208, 209, 212, 215, 216, 219, 222, 251, 254, 255, 261, 264, 288, 289, 290, 291, 292, 293, 295, 296, 297, 298, 299, 300, 302, 303, 304, 306, 307, 313, 316, 319, 320, 321, 322, 323, 324, 325, 328, 331, 334, 335, 336, 337, 338, 339, 340, 341, 344, 347, 350, 351, 352, 353, 354, 355, 357, 358, 359, 360, 361, 362, 364, 365, 366, 369, 371, 374, 375, 376, 377, 378, 379, 381, 382, 383, 385, 386, 389, 407, 411, 414, 420, 439, 442, 448, 477, 484, 485, 488, 494, 495, 496, 497, 499, 500, 501, 502, 503, 504, 505, 507, 513, 523, 526, 532, 533, 534, 535, 536, 539, 548, 549, 550, 551, 552, 555, 563, 568, 569, 570, 571, 572, 573, 575, 585, 591, 592, 593, 594, 595, 596, 597, 598, 599, 600, 602, 620, 625, 628, 638, 643, 644, 645, 646, 647, 648, 649, 650, 651, 652, 654, 661, 662, 665, 666, 669, 679, 684, 689, 690, 691, 692, 693, 696, 699, 702, 705, 715, 720, 721, 722, 723, 724, 726, 731, 734, 735, 741, 750, 754, 761, 768, 772, 777, 778, 779, 780, 781, 782, 786, 787, 788, 789, 791, 792, 794, 799, 800, 801, 806, 807, 808, 814, 817, 818, 820, 821, 823, 825, 831, 833, 836, 843, 848, 853, 854, 855, 859, 860, 865, 869, 875, 876, 881, 882, 885, 892, 896, 902, 903, 904, 905, 906, 907, 911, 912, 917, 921, 930, 931, 938, 939, 946, 949, 950, 951, 952, 954, 955, 956, 957, 959, 965, 972, 978, 981, 982, 983, 984, 985, 987, 988, 989, 990, 992, 998, 1005, 1006, 1009, 1013, 1018, 1019, 1020, 1023, 1026, 1032, 1037, 1040, 1043, 1046, 1049, 1054, 1055, 1059, 1062, 1065, 1066, 1069, 1073, 1078, 1079, 1080, 1081, 1085, 1086, 1090, 1091, 1095, 1098, 1101, 1102, 1103, 1104, 1110, 1115, 1118, 1121, 1124, 1127, 1132, 1135, 1138, 1141, 1144, 1149, 1152, 1155, 1158, 1161, 1166, 1167, 1171, 1172, 1176, 1177, 1181, 1182, 1183, 1186, 1189, 1190, 1191, 1192, 1193, 1194, 1197, 1201, 1206, 1207, 1208, 1209, 1212, 1215, 1218, 1219, 1225, 1230, 1233, 1236, 1239, 1242, 1247, 1248, 1252, 1255, 1258, 1259, 1262, 1265, 1270, 1271, 1275, 1276, 1280, 1283, 1286, 1287, 1288, 1291, 1294, 1299, 1300, 1304, 1305, 1309, 1310, 1314, 1315, 1319, 1324, 1327, 1328, 1329, 1330, 1331, 1334, 1337, 1342, 1343, 1347, 1348, 1352, 1355, 1358, 1359, 1360, 1363, 1366, 1371, 1372, 1373, 1377, 1380, 1383, 1384, 1390, 1396, 1400, 1401, 1403, 1405, 1407, 1409, 1412, 1417, 1418, 1419, 1420, 1421, 1422, 1424, 1426, 1427, 1429, 1430, 1431, 1432, 1435, 1440, 1441, 1442, 1444, 1445, 1446, 1447, 1450, 1453, 1458, 1459, 1460, 1465, 1466, 1470, 1477, 1480, 1481, 1485, 1488, 1494, 1495, 1496, 1497, 1498, 1499, 1503, 1504, 1509, 1513, 1522, 1523, 1530, 1531, 1535, 1538, 1543, 1544, 1545, 1546, 1548, 1549, 1551, 1552, 1556, 1560, 1562, 1567, 1568, 1573, 1574, 1575, 1577, 1578, 1580, 1585, 1586, 1592, 1593, 1595, 1596, 1597, 1602, 1603, 1604, 1610, 1613, 1614, 1615, 1616, 1618, 1619, 1620, 1622, 1626, 1628, 1630, 1636, 1638, 1641, 1649, 1654, 1659, 1660, 1661, 1662, 1663, 1669, 1670, 1678, 1683, 1684, 1691, 1692, 1695, 1698, 1703, 1704, 1705, 1708, 1711, 1714, 1717, 1722, 1723, 1724, 1727, 1730, 1733, 1742, 1747, 1752, 1753, 1754, 1755, 1756, 1757, 1758, 1761, 1765, 1766, 1768, 1769, 1772, 1775, 1780, 1781, 1782, 1784, 1785, 1793, 1796, 1797, 1800, 1803, 1808, 1811, 1814, 1817, 1820, 1825, 1828, 1831, 1834, 1837, 1842, 1843, 1844, 1845, 1846, 1847, 1849, 1855, 1861, 1869, 1872, 1873, 1874, 1876, 1877, 1878, 1881, 1884, 1889, 1890, 1895, 1898, 1901, 1902, 1905, 1908, 1913, 1914, 1920, 1923, 1926, 1927, 1930, 1933, 1938, 1939, 1940, 1946, 1952, 1955, 1958, 1959, 1960, 1963, 1965, 1970, 1971, 1972, 1973, 1974, 1980, 1986, 1992, 1998, 2003, 2006, 2007, 2008, 2009, 2010, 2013, 2016, 2021, 2022, 2027, 2028, 2034, 2037, 2040, 2041, 2042, 2045, 2048, 2053, 2054, 2055, 2061, 2064, 2067, 2068, 2071, 2074, 2079, 2080, 2081, 2082, 2083, 2089, 2094, 2101, 2102, 2108, 2111, 2116, 2117, 2118, 2119, 2124, 2125, 2130, 2131, 2136, 2142, 2145, 2146, 2148, 2149, 2150, 2153, 2156, 2157, 2158, 2159, 2160, 2161, 2166, 2167, 2168, 2169, 2171, 2172, 2173, 2175, 2176, 2182, 2183, 2189, 2190, 2196, 2197, 2203, 2204, 2210, 2211, 2213, 2214, 2215, 2216, 2219, 2224, 2225, 2229, 2230, 2231, 2235, 2237, 2238, 2239, 2240, 2241, 2242, 2245, 2254, 2257, 2258, 2259, 2261, 2264, 2270, 2273, 2276, 2277, 2279, 2284, 2285, 2286, 2287, 2292, 2293, 2294, 2299, 2300, 2304, 2310, 2311, 2315, 2318, 2325, 2328, 2329, 2331, 2334, 2339, 2342, 2345, 2346, 2347, 2351, 2357, 2363, 2366, 2367, 2368, 2370, 2371, 2372, 2373, 2375, 2380, 2384, 2390, 2397, 2398, 2399, 2402, 2405, 2410, 2415, 2417, 2419, 2420, 2421, 2422, 2423, 2424, 2427, 2430, 2436, 2439, 2446, 2450, 2455, 2460, 2461, 2467, 2468, 2469, 2472, 2473, 2474, 2476, 2477, 2479, 2481, 2483, 2484, 2487, 2490, 2491, 2493, 2494, 2497, 2499, 2500, 2507, 2514], "summary": {"covered_lines": 897, "num_statements": 901, "percent_covered": 99.55604883462819, "percent_covered_display": "99", "missing_lines": 4, "excluded_lines": 0}, "missing_lines": [108, 1685, 1686, 1689], "excluded_lines": []}, "tests\\test_manure_module\\test_milking_parlor.py": {"executed_lines": [1, 2, 3, 5, 6, 7, 10, 11, 14, 23, 27, 28, 29, 30, 31, 34, 43, 44, 45, 46, 47, 50, 54, 58, 61, 64, 69, 70, 71, 76, 79, 80, 84, 88, 89, 92, 95, 98, 102, 106, 109, 112, 117, 118, 119, 124, 127, 128, 132, 136, 137, 140, 143, 146, 150, 154, 157, 160, 164, 169, 172, 176, 181, 182, 183, 184, 188, 192, 196, 200, 201, 202, 205, 206, 211, 214, 218, 219, 222, 225, 230, 231, 232, 233, 237, 241, 245, 246, 249, 253, 254, 257, 260], "summary": {"covered_lines": 93, "num_statements": 93, "percent_covered": 100.0, "percent_covered_display": "100", "missing_lines": 0, "excluded_lines": 0}, "missing_lines": [], "excluded_lines": []}, "tests\\test_manure_module\\test_pen_manure.py": {"executed_lines": [1, 3, 5, 6, 7, 8, 11, 17, 20, 23, 24, 25, 33, 52, 55, 56, 57, 58, 59, 60, 61, 62, 63, 64, 65, 66, 67, 68, 69, 70, 78, 79, 80, 81, 82, 83, 84, 85, 86, 87, 88, 89, 90, 91, 92, 93, 110, 111, 116, 119, 122, 123, 124, 125, 126, 127, 128, 129, 130, 131, 132, 133, 134, 135, 136, 137], "summary": {"covered_lines": 66, "num_statements": 66, "percent_covered": 100.0, "percent_covered_display": "100", "missing_lines": 0, "excluded_lines": 0}, "missing_lines": [], "excluded_lines": []}, "tests\\test_manure_module\\test_reception_pits.py": {"executed_lines": [1, 2, 4, 5, 6, 7, 8, 14, 18, 21, 22, 23, 24, 25, 26, 27, 28, 29, 30, 31, 32, 33, 39, 55, 56, 57, 58, 59, 60, 61, 62, 63, 64, 65, 66, 67, 73, 89, 92, 93, 94, 95, 96, 97, 98, 99, 100, 101, 102, 103, 104, 110, 113, 114, 115, 116, 117, 118, 119, 120, 121, 122, 123, 124, 125, 127, 128, 130, 131, 133, 136, 143, 144, 145, 146, 147, 148, 149, 150, 151, 152, 153, 154, 155, 157], "summary": {"covered_lines": 85, "num_statements": 85, "percent_covered": 100.0, "percent_covered_display": "100", "missing_lines": 0, "excluded_lines": 0}, "missing_lines": [], "excluded_lines": []}, "tests\\test_manure_storage.py": {"executed_lines": [1, 8, 11, 16, 18, 21, 23, 26, 31, 33, 36, 38, 41, 43, 46, 48, 51, 53, 56, 58, 61, 63, 66, 68, 71, 73, 76, 78, 81, 83, 86, 88, 91, 93, 96, 98, 101, 103, 106, 108, 111, 116, 118, 121, 123, 126, 128, 131, 133, 136, 138, 141, 143, 146, 148, 151, 153], "summary": {"covered_lines": 56, "num_statements": 59, "percent_covered": 94.91525423728814, "percent_covered_display": "95", "missing_lines": 3, "excluded_lines": 0}, "missing_lines": [13, 28, 113], "excluded_lines": []}, "tests\\test_misc.py": {"executed_lines": [1, 8, 9, 10, 11, 12, 14, 15, 16, 17, 19, 20, 21, 22, 25, 27, 30, 32, 35, 37, 40, 42, 45, 47, 50, 52, 55, 57, 60, 62, 63, 64, 65, 66, 67, 68, 69, 72, 74, 77, 78, 80, 82, 83, 84, 85, 86, 87, 89, 92, 94, 97, 101, 102, 103, 104, 105, 106, 109, 112, 116, 117, 118, 121, 125, 126, 127, 128, 129, 130, 131, 132, 133, 136, 140, 141, 142, 143, 144, 145, 146, 147, 150, 152, 155, 157, 160, 162, 165, 167, 170, 172, 175, 177, 180, 182, 185, 187, 190, 192, 195, 197, 200, 202, 205, 207, 210, 213, 214, 215, 216, 220, 221, 222, 223, 226, 230, 231, 232, 233, 237, 238, 239, 240, 244, 245, 246, 247, 251, 252, 253, 254, 256, 257, 258, 259, 263, 264, 265, 266, 268, 269, 270, 271, 273, 274, 275, 276, 280, 281, 282, 283, 286, 291, 292, 293, 294, 295, 296, 300, 301, 302, 303, 306, 307, 308, 311, 313, 314, 317, 318, 319, 320, 323, 325, 326, 327, 329, 330, 331, 333, 334, 335, 337, 338, 339, 341, 342, 344, 345, 346, 348, 349, 350, 352, 353, 354, 356, 358, 360, 362, 364, 365, 367, 372, 373, 374, 375, 376, 377, 378, 379, 381, 383, 385, 386, 390, 393, 396, 400, 405, 406, 407, 408, 409, 410, 411, 412, 414, 416, 418, 419, 423, 426, 429, 433, 438, 439, 440, 441, 442, 443, 444, 445, 447, 449, 451, 452, 456, 459, 462, 466, 471, 472, 473, 474, 475, 476, 478, 480, 481, 485, 488, 493, 495, 500, 501, 502, 503, 507, 508, 509, 518, 520, 521, 522, 523, 524, 529, 530, 536, 538, 539, 540, 541, 542, 543, 544, 545, 546, 547, 548, 551, 552, 556, 580, 585, 586, 587, 588, 589, 590, 592, 594, 595, 596, 597, 600, 602, 603, 604, 605, 606, 607, 610, 613, 614, 617, 620, 624, 626, 627, 628, 629, 631, 632, 633, 638, 643, 644, 646, 648, 649, 654, 657, 662, 667, 668, 670, 672, 673, 678, 681, 686, 691, 692, 694, 696, 697, 702, 705, 710, 715, 716, 718, 720, 721, 726, 729, 734, 739, 740, 741, 743, 745, 746, 751, 754, 759, 765, 766, 768, 769, 770, 771, 773, 774, 777, 779, 780, 784, 789, 795, 796, 797, 800, 810, 818, 821, 826, 832, 833, 835, 837, 838, 840, 841, 842, 845, 850, 856, 857, 858, 860, 862, 863, 864, 865, 867, 868, 871, 876, 881, 886, 887, 888, 890, 893, 896, 899, 905, 910, 911, 912, 918, 921, 924, 927, 932, 937, 938, 939, 944, 947, 950, 953, 959, 964, 965, 966, 970, 973, 976, 979, 985, 990, 991, 992, 996, 999, 1002, 1005, 1011, 1016, 1017, 1018, 1023, 1026, 1032, 1037, 1038, 1039, 1043, 1046, 1049, 1052, 1058, 1063, 1064, 1065, 1070, 1073, 1076, 1078, 1079, 1080, 1089, 1092, 1099, 1100, 1103, 1104, 1109, 1112, 1113, 1118, 1121, 1122, 1127, 1130, 1131, 1138, 1141, 1144, 1147, 1154, 1155, 1158, 1159, 1167, 1170, 1171, 1179, 1182, 1183, 1191, 1194, 1195, 1201, 1204, 1207, 1210, 1215, 1216, 1217, 1218, 1219, 1222, 1223, 1224, 1225, 1226, 1227, 1228, 1231, 1232, 1233, 1234, 1235, 1236, 1237, 1242, 1243, 1244, 1245, 1246, 1247, 1248, 1253, 1258, 1259, 1260, 1263, 1264, 1265, 1268, 1300, 1309, 1314, 1317], "summary": {"covered_lines": 549, "num_statements": 551, "percent_covered": 99.63702359346642, "percent_covered_display": "99", "missing_lines": 2, "excluded_lines": 0}, "missing_lines": [775, 781], "excluded_lines": []}, "tests\\test_output_handler.py": {"executed_lines": [1, 8, 11, 13, 16, 18, 21, 23, 26, 28, 31, 33, 36, 38, 41, 46, 48, 51, 56, 58, 61, 63, 66, 68, 71, 73, 76, 81, 86, 88, 91, 96, 101, 106, 111, 116, 121, 126, 131, 133, 136, 141, 146, 151, 153, 156, 161, 166, 171, 176, 181, 186, 191, 196, 201, 206, 211, 216, 221, 226, 231, 236, 241, 246, 251, 253, 256, 261, 263, 266, 271, 276, 278, 281, 286, 291, 296, 301, 306, 311, 316, 318, 321, 323, 326, 328], "summary": {"covered_lines": 85, "num_statements": 129, "percent_covered": 65.89147286821705, "percent_covered_display": "66", "missing_lines": 44, "excluded_lines": 0}, "missing_lines": [43, 53, 78, 83, 93, 98, 103, 108, 113, 118, 123, 128, 138, 143, 148, 158, 163, 168, 173, 178, 183, 188, 193, 198, 203, 208, 213, 218, 223, 228, 233, 238, 243, 248, 258, 268, 273, 283, 288, 293, 298, 303, 308, 313], "excluded_lines": []}, "tests\\test_pen.py": {"executed_lines": [1, 8, 9, 10, 11, 12, 13, 15, 16, 17, 18, 19, 20, 21, 24, 25, 26, 27, 28, 29, 30, 31, 32, 33, 34, 35, 36, 37, 39, 42, 45, 46, 47, 48, 49, 51, 54, 55, 56, 57, 58, 60, 63, 64, 65, 68, 69, 70, 72, 75, 77, 88, 90, 93, 95, 96, 97, 99, 101, 104, 110, 115, 117, 120, 125, 127, 129, 132, 137, 139, 141, 144, 152, 154, 156, 159, 162, 163, 164, 165, 166, 167, 169, 171, 172, 173, 174, 175, 176, 179, 181, 184, 186, 189, 191, 194, 196, 199, 201, 204, 206, 207, 208, 209, 210, 212, 230, 232, 233, 234, 235, 236, 239, 240, 241, 243, 244, 246, 249, 250, 251, 257, 258, 259, 262, 268, 270, 271, 272, 274, 276, 279, 281, 284, 286, 289, 293, 295, 298, 300, 301, 302, 303, 305, 307, 308, 309, 312, 313, 314, 315, 316, 318, 327, 328, 331, 333, 338, 339, 341, 342, 343], "summary": {"covered_lines": 161, "num_statements": 161, "percent_covered": 100.0, "percent_covered_display": "100", "missing_lines": 0, "excluded_lines": 0}, "missing_lines": [], "excluded_lines": []}, "tests\\test_user_prompt.py": {"executed_lines": [1, 2, 3, 5, 6, 8, 9, 10, 11, 12, 13, 14, 15, 16, 17, 18, 19, 20, 21, 22, 24, 25, 28, 29, 32, 33, 34, 39, 42, 43, 44, 46, 47, 50, 60, 69, 70, 71, 72, 73, 74, 75, 76, 79, 82, 85, 88, 91, 92, 93, 94, 97, 98, 100, 102, 105, 106, 107, 108, 109, 110, 111, 112, 113, 114, 115, 116, 117, 118, 119, 122, 123, 126, 129, 134, 137, 138, 139, 142, 144, 148, 149, 153, 154, 161, 162, 163, 166, 167, 171, 172, 178, 179, 180, 181, 184, 187, 188, 189, 190, 193, 199, 200, 201, 204, 205, 212, 213, 214, 217, 220, 221, 222, 223, 226, 227, 233, 234, 236, 240, 245, 246, 247, 252, 255, 257, 258, 259, 260, 261, 262, 263, 264, 265, 266, 267, 268, 270, 271, 274, 287, 297, 298, 299, 302, 305, 308, 311, 312, 313, 316, 317, 319, 322, 325, 328, 329, 332, 335, 336, 339, 340, 343, 346, 347, 348, 349, 350, 351, 352, 353, 354, 355, 356, 361, 364, 365, 369, 370, 371, 372, 375, 376, 381, 384, 385, 386, 389, 392, 395, 396, 429, 430], "summary": {"covered_lines": 193, "num_statements": 198, "percent_covered": 97.47474747474747, "percent_covered_display": "97", "missing_lines": 5, "excluded_lines": 0}, "missing_lines": [95, 99, 155, 168, 206], "excluded_lines": []}}, "totals": {"covered_lines": 11715, "num_statements": 19268, "percent_covered": 60.800290637326135, "percent_covered_display": "61", "missing_lines": 7553, "excluded_lines": 0}}