<?xml version="1.0" encoding="utf-8"?><testsuites><testsuite name="pytest" errors="0" failures="0" skipped="0" tests="1156" time="13.100" timestamp="2023-07-07T19:35:24.720515" hostname="fv-az247-691"><testcase classname="tests.test_animal" name="test_calculate_NRC_energy_maintenance_requirements" time="0.003" /><testcase classname="tests.test_animal" name="test_calculate_NRC_energy_growth_requirements" time="0.001" /><testcase classname="tests.test_animal" name="test_calculate_NRC_energy_pregnancy_requirements" time="0.001" /><testcase classname="tests.test_animal" name="test_calculate_NRC_energy_lactation_requirements" time="0.001" /><testcase classname="tests.test_animal" name="test_calculate_NRC_protein_requirements" time="0.001" /><testcase classname="tests.test_animal" name="test_calculate_NRC_calcium_requirements" time="0.001" /><testcase classname="tests.test_animal" name="test_calculate_NRC_phosphorus_requirements" time="0.001" /><testcase classname="tests.test_animal" name="test_calculate_NRC_DMI" time="0.001" /><testcase classname="tests.test_animal" name="test_calculate_NASEM_energy_lactation_requirements" time="0.001" /><testcase classname="tests.test_animal" name="test_calculate_NASEM_DMI" time="0.001" /><testcase classname="tests.test_animal" name="test_calculate_NASEM_energy_maintenance_requirements" time="0.001" /><testcase classname="tests.test_animal" name="test_calculate_NASEM_energy_growth_requirements" time="0.001" /><testcase classname="tests.test_animal" name="test_calculate_NASEM_energy_pregnancy_requirements" time="0.001" /><testcase classname="tests.test_animal" name="test_calculate_NASEM_protein_requirements" time="0.001" /><testcase classname="tests.test_animal" name="test_calculate_NASEM_calcium_requirements" time="0.001" /><testcase classname="tests.test_animal" name="test_calculate_NASEM_phosphorus_requirements" time="0.001" /><testcase classname="tests.test_animal" name="test_norm" time="0.001" /><testcase classname="tests.test_animal" name="test_percentile_list" time="0.001" /><testcase classname="tests.test_animal" name="test_grouping" time="0.001" /><testcase classname="tests.test_animal" name="test_update_animals" time="0.001" /><testcase classname="tests.test_animal" name="test_call_animal_nutrient_rqmts" time="0.001" /><testcase classname="tests.test_animal" name="test_calc_avg_nutrient_rqmts" time="0.001" /><testcase classname="tests.test_animal" name="test_calc_ration" time="0.001" /><testcase classname="tests.test_animal" name="test_calc_manure" time="0.001" /><testcase classname="tests.test_animal" name="test_reset_manure" time="0.001" /><testcase classname="tests.test_animal" name="test_calc_avg_growth" time="0.001" /><testcase classname="tests.test_animal" name="test_calc_daily_walking_dist" time="0.001" /><testcase classname="tests.test_animal" name="test_call_p_rqmts" time="0.001" /><testcase classname="tests.test_animal" name="test_daily_p_update[0-1-0-0]" time="0.001" /><testcase classname="tests.test_animal" name="test_daily_p_update[-10-10-1--3.7]" time="0.001" /><testcase classname="tests.test_animal" name="test_daily_p_update[10-10-1-0]" time="0.001" /><testcase classname="tests.test_animal" name="test_set_up_new_animal" time="0.001" /><testcase classname="tests.test_animal" name="test_clear" time="0.001" /><testcase classname="tests.test_animal" name="test_set_nutrient_list" time="0.001" /><testcase classname="tests.test_animal" name="test_set_config" time="0.001" /><testcase classname="tests.test_animal" name="test_set_default_nutrient_rqmts" time="0.001" /><testcase classname="tests.test_animal" name="test_set_ration" time="0.001" /><testcase classname="tests.test_animal" name="test_set_p_intake" time="0.001" /><testcase classname="tests.test_animal" name="test_calc_base_manure" time="0.001" /><testcase classname="tests.test_animal" name="test_set_p_purchased" time="0.001" /><testcase classname="tests.test_animal" name="test_update_pen_history" time="0.001" /><testcase classname="tests.test_animal" name="test_update_body_weight_history" time="0.001" /><testcase classname="tests.test_animal" name="test_init_from_string" time="0.001" /><testcase classname="tests.test_animal" name="test_add_event" time="0.001" /><testcase classname="tests.test_animal" name="test___str__" time="0.001" /><testcase classname="tests.test_animal" name="test_get_most_recent_date[events_list0-event_descriptions0-expected_days0]" time="0.001" /><testcase classname="tests.test_animal" name="test_get_most_recent_date[events_list1-event_descriptions1-expected_days1]" time="0.001" /><testcase classname="tests.test_animal" name="test_next_id" time="0.001" /><testcase classname="tests.test_animal" name="test_init_animals" time="0.001" /><testcase classname="tests.test_animal" name="test_get_calves" time="0.001" /><testcase classname="tests.test_animal" name="test_get_heiferIs" time="0.001" /><testcase classname="tests.test_animal" name="test_get_heiferIIs" time="0.001" /><testcase classname="tests.test_animal" name="test_get_heiferIIIs" time="0.001" /><testcase classname="tests.test_animal" name="test_get_cows" time="0.001" /><testcase classname="tests.test_animal" name="test_get_replacement_cows" time="0.001" /><testcase classname="tests.test_animal" name="test_initialization_db_summary" time="0.001" /><testcase classname="tests.test_animal" name="test_init_values" time="0.001" /><testcase classname="tests.test_animal" name="test_assign_calf_values" time="0.001" /><testcase classname="tests.test_animal" name="test_get_calf_values" time="0.001" /><testcase classname="tests.test_animal" name="test_calc_nutrient_rqmts" time="0.001" /><testcase classname="tests.test_animal" name="test_calc_manure_excretion" time="0.001" /><testcase classname="tests.test_animal" name="test_phosphorus_rqmts" time="0.001" /><testcase classname="tests.test_animal" name="test_update" time="0.001" /><testcase classname="tests.test_animal" name="test_update_milk_production_history" time="0.001" /><testcase classname="tests.test_animal" name="test__determine_param_value" time="0.001" /><testcase classname="tests.test_animal" name="test__milking_update" time="0.001" /><testcase classname="tests.test_animal" name="test_get_bw_change" time="0.001" /><testcase classname="tests.test_animal" name="test__determine_estrus_day" time="0.001" /><testcase classname="tests.test_animal" name="test__restart_estrus" time="0.001" /><testcase classname="tests.test_animal" name="test__later_estrus" time="0.001" /><testcase classname="tests.test_animal" name="test__return_estrus" time="0.001" /><testcase classname="tests.test_animal" name="test__after_ai_estrus" time="0.001" /><testcase classname="tests.test_animal" name="test__after_abortion_estrus" time="0.001" /><testcase classname="tests.test_animal" name="test__ed_update" time="0.001" /><testcase classname="tests.test_animal" name="test__determine_tai_program_day" time="0.001" /><testcase classname="tests.test_animal" name="test__tai_program_day_after_preg_check" time="0.001" /><testcase classname="tests.test_animal" name="test__OvSynch56_update" time="0.001" /><testcase classname="tests.test_animal" name="test__OvSynch48_update" time="0.001" /><testcase classname="tests.test_animal" name="test__CoSynch72_update" time="0.001" /><testcase classname="tests.test_animal" name="test__5dCoSynch_update" time="0.001" /><testcase classname="tests.test_animal" name="test__user_defined_update" time="0.001" /><testcase classname="tests.test_animal" name="test__determine_presynch_program_day" time="0.001" /><testcase classname="tests.test_animal" name="test__presynch_update" time="0.001" /><testcase classname="tests.test_animal" name="test__doubleovsynch_update" time="0.001" /><testcase classname="tests.test_animal" name="test__g6g_update" time="0.001" /><testcase classname="tests.test_animal" name="test__user_defined_presynch_update" time="0.001" /><testcase classname="tests.test_animal" name="test__tai_update" time="0.001" /><testcase classname="tests.test_animal" name="test__ed_tai_update" time="0.001" /><testcase classname="tests.test_animal" name="test__resynch_ed_tai" time="0.001" /><testcase classname="tests.test_animal" name="test__open" time="0.001" /><testcase classname="tests.test_animal" name="test__adjust_conception" time="0.001" /><testcase classname="tests.test_animal" name="test__preg_update" time="0.001" /><testcase classname="tests.test_animal" name="test__cull_update" time="0.001" /><testcase classname="tests.test_animal" name="test_death_update" time="0.001" /><testcase classname="tests.test_animal" name="test__health_cull_update" time="0.001" /><testcase classname="tests.test_animal" name="test_get_heiferI_values" time="0.001" /><testcase classname="tests.test_animal" name="test_get_non_preg_bw_change" time="0.001" /><testcase classname="tests.test_animal" name="test_assign_heiferII_values" time="0.001" /><testcase classname="tests.test_animal" name="test_get_heiferII_values" time="0.001" /><testcase classname="tests.test_animal" name="test__tai_program_day_after_abortion" time="0.001" /><testcase classname="tests.test_animal" name="test__5dCG2P_update" time="0.001" /><testcase classname="tests.test_animal" name="test__5dCGP_update" time="0.001" /><testcase classname="tests.test_animal" name="test__determine_synch_ed_program_day" time="0.001" /><testcase classname="tests.test_animal" name="test__determine_synch_ed_estrus_day" time="0.001" /><testcase classname="tests.test_animal" name="test__synch_ed_program_day_after_abortion" time="0.001" /><testcase classname="tests.test_animal" name="test__2P_update" time="0.001" /><testcase classname="tests.test_animal" name="test__CP_update" time="0.001" /><testcase classname="tests.test_animal" name="test__synch_ed_update" time="0.001" /><testcase classname="tests.test_animal" name="test_get_heiferIII_values" time="0.001" /><testcase classname="tests.test_animal" name="test_initialize_herd" time="0.001" /><testcase classname="tests.test_animal" name="test_daily_update" time="0.001" /><testcase classname="tests.test_animal" name="test__calc_average" time="0.001" /><testcase classname="tests.test_animal" name="test_manure_calculations" time="0.001" /><testcase classname="tests.test_animal" name="test_optimize" time="0.001" /><testcase classname="tests.test_animal" name="test_calc_requirements" time="0.001" /><testcase classname="tests.test_animal" name="test_set_globals" time="0.001" /><testcase classname="tests.test_animal" name="test_list_reconfig[input0-expected0]" time="0.001" /><testcase classname="tests.test_animal" name="test_list_reconfig[input1-expected1]" time="0.001" /><testcase classname="tests.test_animal" name="test_objective" time="0.001" /><testcase classname="tests.test_animal" name="test_NEmact_constraint" time="0.001" /><testcase classname="tests.test_animal" name="test_NEl_constraint" time="0.001" /><testcase classname="tests.test_animal" name="test_NEgact_constraint" time="0.001" /><testcase classname="tests.test_animal" name="test_calcium_constraint" time="0.001" /><testcase classname="tests.test_animal" name="test_phosphorus_constraint" time="0.001" /><testcase classname="tests.test_animal" name="test_protein_constraint" time="0.001" /><testcase classname="tests.test_animal" name="test_NDF_constraint_1" time="0.001" /><testcase classname="tests.test_animal" name="test_NDF_constraint_2" time="0.001" /><testcase classname="tests.test_animal" name="test_forage_NDF_constraint" time="0.001" /><testcase classname="tests.test_animal" name="test_fat_constraint" time="0.001" /><testcase classname="tests.test_animal" name="test_DMI_constraint" time="0.001" /><testcase classname="tests.test_animal" name="test_energy_req_limit_constraint" time="0.001" /><testcase classname="tests.test_animal" name="test_get_ration_vals" time="0.001" /><testcase classname="tests.test_animal" name="test_calc_rqmts" time="0.001" /><testcase classname="tests.test_animal" name="test_energy_activity_rqmts" time="0.001" /><testcase classname="tests.test_animal" name="test_calculate_rqmts" time="0.001" /><testcase classname="tests.test_animal" name="test_get_ration" time="0.001" /><testcase classname="tests.test_animal" name="test_get_nutrient_rqmts" time="0.001" /><testcase classname="tests.test_animal" name="test_optimization" time="0.001" /><testcase classname="tests.test_animal" name="test_ration_formulation" time="0.001" /><testcase classname="tests.test_animal" name="test_ration_report" time="0.001" /><testcase classname="tests.test_animal" name="test_set_requirements" time="0.001" /><testcase classname="tests.test_animal" name="test_is_constraint_violated[solution_x0-constraint0-False]" time="0.001" /><testcase classname="tests.test_animal" name="test_is_constraint_violated[solution_x1-constraint1-True]" time="0.001" /><testcase classname="tests.test_animal" name="test_is_constraint_violated[solution_x2-constraint2-True]" time="0.001" /><testcase classname="tests.test_animal" name="test_is_constraint_violated[solution_x3-constraint3-False]" time="0.001" /><testcase classname="tests.test_animal" name="test_find_failed_constraints[mock_results0-expected_result0]" time="0.005" /><testcase classname="tests.test_animal" name="test_find_failed_constraints[mock_results1-expected_result1]" time="0.003" /><testcase classname="tests.test_animal" name="test_find_failed_constraints[mock_results2-expected_result2]" time="0.004" /><testcase classname="tests.test_animal" name="test_calc_pen_requirements" time="0.001" /><testcase classname="tests.test_animal" name="test_feed_nutrients" time="0.001" /><testcase classname="tests.test_animal" name="test_set_breed_index" time="0.004" /><testcase classname="tests.test_animal" name="test_set_parity_index" time="0.005" /><testcase classname="tests.test_animal" name="test_set_lactation_curve_params[25.0-0.24-0.0035]" time="0.002" /><testcase classname="tests.test_animal" name="test_calculate_daily_milk_produced[wood-16.13-0.235-0.0019-100-39.366]" time="0.003" /><testcase classname="tests.test_animal" name="test_calculate_daily_milk_produced[wood-23.81-0.244-0.0036-150-47.12]" time="0.003" /><testcase classname="tests.test_animal" name="test_get_feed_data_from_feed_ids" time="0.001" /><testcase classname="tests.test_animal_allocation" name="test_get_dry_cows" time="0.011" /><testcase classname="tests.test_animal_allocation" name="test_get_lactating_cows" time="0.011" /><testcase classname="tests.test_animal_allocation" name="test_group_pens_by_animal_combination" time="0.021" /><testcase classname="tests.test_animal_allocation" name="test_calc_max_animal_spaces_per_pen[1-1-1]" time="0.001" /><testcase classname="tests.test_animal_allocation" name="test_calc_max_animal_spaces_per_pen[1-0-0]" time="0.001" /><testcase classname="tests.test_animal_allocation" name="test_calc_max_animal_spaces_per_pen[0-1-0]" time="0.001" /><testcase classname="tests.test_animal_allocation" name="test_calc_max_animal_spaces_per_pen[1--1-None]" time="0.001" /><testcase classname="tests.test_animal_allocation" name="test_calc_max_animal_spaces_per_pen[-1-1-None]" time="0.001" /><testcase classname="tests.test_animal_allocation" name="test_calc_max_animal_spaces_per_pen[1-1.5-1]" time="0.001" /><testcase classname="tests.test_animal_allocation" name="test_calc_max_animal_spaces_per_pen[2-1.5-3]" time="0.001" /><testcase classname="tests.test_animal_allocation" name="test_calc_animal_space_shortage" time="0.009" /><testcase classname="tests.test_animal_allocation" name="test_create_default_pen[AnimalCombination.CALF]" time="0.003" /><testcase classname="tests.test_animal_allocation" name="test_create_default_pen[AnimalCombination.GROWING]" time="0.003" /><testcase classname="tests.test_animal_allocation" name="test_create_default_pen[AnimalCombination.CLOSE_UP]" time="0.003" /><testcase classname="tests.test_animal_allocation" name="test_create_default_pen[AnimalCombination.LAC_COW]" time="0.003" /><testcase classname="tests.test_animal_allocation" name="test_create_default_pens_for_potential_space_shortage[AnimalCombination.CALF]" time="0.009" /><testcase classname="tests.test_animal_allocation" name="test_create_default_pens_for_potential_space_shortage[AnimalCombination.GROWING]" time="0.010" /><testcase classname="tests.test_animal_allocation" name="test_create_default_pens_for_potential_space_shortage[AnimalCombination.CLOSE_UP]" time="0.059" /><testcase classname="tests.test_animal_allocation" name="test_create_default_pens_for_potential_space_shortage[AnimalCombination.LAC_COW]" time="0.009" /><testcase classname="tests.test_animal_allocation" name="test_calc_density[0-1]" time="0.001" /><testcase classname="tests.test_animal_allocation" name="test_calc_density[-1-1]" time="0.001" /><testcase classname="tests.test_animal_allocation" name="test_calc_density[1-1]" time="0.001" /><testcase classname="tests.test_animal_allocation" name="test_calc_density[1--1]" time="0.001" /><testcase classname="tests.test_animal_allocation" name="test_calc_density[1-0]" time="0.001" /><testcase classname="tests.test_animal_allocation" name="test_calc_density[1-2]" time="0.001" /><testcase classname="tests.test_animal_allocation" name="test_calc_density[2-1]" time="0.001" /><testcase classname="tests.test_animal_allocation" name="test_plan_animal_allocation[90-max_spaces_in_pens0-expected_allocation0]" time="0.001" /><testcase classname="tests.test_animal_allocation" name="test_plan_animal_allocation[70-max_spaces_in_pens1-expected_allocation1]" time="0.001" /><testcase classname="tests.test_animal_allocation" name="test_plan_animal_allocation[47-max_spaces_in_pens2-expected_allocation2]" time="0.001" /><testcase classname="tests.test_animal_allocation" name="test_plan_animal_allocation[0-max_spaces_in_pens3-expected_allocation3]" time="0.001" /><testcase classname="tests.test_animal_allocation" name="test_plan_animal_allocation[100-max_spaces_in_pens4-expected_allocation4]" time="0.001" /><testcase classname="tests.test_animal_allocation" name="test_execute_allocation_plan[90-allocation_plan0]" time="0.031" /><testcase classname="tests.test_animal_allocation" name="test_execute_allocation_plan[70-allocation_plan1]" time="0.025" /><testcase classname="tests.test_animal_allocation" name="test_execute_allocation_plan[47-allocation_plan2]" time="0.018" /><testcase classname="tests.test_animal_allocation" name="test_execute_allocation_plan[0-allocation_plan3]" time="0.006" /><testcase classname="tests.test_animal_allocation" name="test_execute_allocation_plan[100-allocation_plan4]" time="0.030" /><testcase classname="tests.test_animal_allocation" name="test_execute_allocation_plan_error_cases[allocation_plan0-30-3]" time="0.010" /><testcase classname="tests.test_animal_allocation" name="test_execute_allocation_plan_error_cases[allocation_plan1-31-2]" time="0.011" /><testcase classname="tests.test_animal_allocation" name="test_allocate_animals_to_pens_helper[20-4-5-1.2]" time="0.011" /><testcase classname="tests.test_animal_allocation" name="test_allocate_animals_to_pens_helper[10-4-5-1.2]" time="0.008" /><testcase classname="tests.test_animal_allocation" name="test_allocate_animals_to_pens" time="0.146" /><testcase classname="tests.test_animal_life_cycle" name="test_set_avg_CI[True-400.0--1.0]" time="0.004" /><testcase classname="tests.test_animal_life_cycle" name="test_set_avg_CI[False--1.0-500.0]" time="0.004" /><testcase classname="tests.test_animal_life_cycle" name="test_get_animals[Calf]" time="0.017" /><testcase classname="tests.test_animal_life_cycle" name="test_get_animals[HeiferI]" time="0.017" /><testcase classname="tests.test_animal_life_cycle" name="test_get_animals[HeiferII]" time="0.017" /><testcase classname="tests.test_animal_life_cycle" name="test_get_animals[HeiferIII]" time="0.018" /><testcase classname="tests.test_animal_life_cycle" name="test_get_animals[Cow]" time="0.018" /><testcase classname="tests.test_animal_life_cycle" name="test_initialize_herd" time="2.053" /><testcase classname="tests.test_animal_life_cycle" name="test_reset_parity" time="0.002" /><testcase classname="tests.test_animal_life_cycle" name="test_reset_cull_reason_stats" time="0.002" /><testcase classname="tests.test_animal_life_cycle" name="test_convert_calf_to_heiferI" time="0.005" /><testcase classname="tests.test_animal_life_cycle" name="test_evaluate_calves_for_weaning" time="0.004" /><testcase classname="tests.test_animal_life_cycle" name="test_convert_heiferI_to_heiferII" time="0.005" /><testcase classname="tests.test_animal_life_cycle" name="test_evaluate_heiferIs_for_transitioning_to_heiferIIs" time="0.004" /><testcase classname="tests.test_animal_life_cycle" name="test_convert_heiferII_to_heiferIII" time="0.006" /><testcase classname="tests.test_animal_life_cycle" name="test_extract_repro_stats_from_heiferII" time="0.003" /><testcase classname="tests.test_animal_life_cycle" name="test_remain_heiferII" time="0.002" /><testcase classname="tests.test_animal_life_cycle" name="test_evaluate_heiferIIs_for_transitioning_to_heiferIIIs" time="0.011" /><testcase classname="tests.test_animal_life_cycle" name="test_move_heiferIII_to_cow_stage" time="0.006" /><testcase classname="tests.test_animal_life_cycle" name="test_transition_heiferIII_to_cow" time="0.004" /><testcase classname="tests.test_animal_life_cycle" name="test_check_if_heifers_need_to_be_sold" time="0.034" /><testcase classname="tests.test_animal_life_cycle" name="test_check_if_replacement_heifers_needed" time="0.015" /><testcase classname="tests.test_animal_life_cycle" name="test_cull_cow" time="0.002" /><testcase classname="tests.test_animal_life_cycle" name="test_handle_cow_body_weight_and_parity" time="0.003" /><testcase classname="tests.test_animal_life_cycle" name="test_handle_cow_milking[True]" time="0.003" /><testcase classname="tests.test_animal_life_cycle" name="test_handle_cow_milking[False]" time="0.003" /><testcase classname="tests.test_animal_life_cycle" name="test_handle_cow_days_in_preg[0]" time="0.003" /><testcase classname="tests.test_animal_life_cycle" name="test_handle_cow_days_in_preg[1]" time="0.003" /><testcase classname="tests.test_animal_life_cycle" name="test_handle_cow_days_in_preg[8]" time="0.003" /><testcase classname="tests.test_animal_life_cycle" name="test_handle_cow_CI[0]" time="0.003" /><testcase classname="tests.test_animal_life_cycle" name="test_handle_cow_CI[1]" time="0.003" /><testcase classname="tests.test_animal_life_cycle" name="test_extract_repro_stats_from_cow" time="0.004" /><testcase classname="tests.test_animal_life_cycle" name="test_handle_new_born[True-True]" time="0.004" /><testcase classname="tests.test_animal_life_cycle" name="test_handle_new_born[True-False]" time="0.004" /><testcase classname="tests.test_animal_life_cycle" name="test_handle_new_born[False-True0]" time="0.004" /><testcase classname="tests.test_animal_life_cycle" name="test_handle_new_born[False-True1]" time="0.004" /><testcase classname="tests.test_animal_life_cycle" name="test_handle_cow_calves[1]" time="0.004" /><testcase classname="tests.test_animal_life_cycle" name="test_handle_cow_calves[2]" time="0.004" /><testcase classname="tests.test_animal_life_cycle" name="test_handle_cow_calves[3]" time="0.004" /><testcase classname="tests.test_animal_life_cycle" name="test_handle_cow_calves[4]" time="0.005" /><testcase classname="tests.test_animal_life_cycle" name="test_calculate_herd_percentages[0]" time="0.003" /><testcase classname="tests.test_animal_life_cycle" name="test_calculate_herd_percentages[50]" time="0.003" /><testcase classname="tests.test_animal_life_cycle" name="test_calculate_herd_percentages[100]" time="0.003" /><testcase classname="tests.test_animal_life_cycle" name="test_calc_cow_percentages[0]" time="0.003" /><testcase classname="tests.test_animal_life_cycle" name="test_calc_cow_percentages[50]" time="0.003" /><testcase classname="tests.test_animal_life_cycle" name="test_calc_cow_percentages[100]" time="0.003" /><testcase classname="tests.test_animal_life_cycle" name="test_calc_cull_reason_stats_percent[0]" time="0.003" /><testcase classname="tests.test_animal_life_cycle" name="test_calc_cull_reason_stats_percent[50]" time="0.003" /><testcase classname="tests.test_animal_life_cycle" name="test_calc_cull_reason_stats_percent[100]" time="0.003" /><testcase classname="tests.test_animal_life_cycle" name="test_calc_percent_cow_per_parity[0]" time="0.003" /><testcase classname="tests.test_animal_life_cycle" name="test_calc_percent_cow_per_parity[50]" time="0.003" /><testcase classname="tests.test_animal_life_cycle" name="test_calc_percent_cow_per_parity[100]" time="0.003" /><testcase classname="tests.test_animal_life_cycle" name="test_cull_cows_and_record_stats" time="0.024" /><testcase classname="tests.test_animal_life_cycle" name="test_reset_daily_stats" time="0.002" /><testcase classname="tests.test_animal_manager" name="test_daily_animal_routine" time="0.001" /><testcase classname="tests.test_animal_manager" name="test_get_animal_config" time="0.001" /><testcase classname="tests.test_animal_manager" name="test_init_pens" time="0.016" /><testcase classname="tests.test_animal_manager" name="test_init_default_pens" time="0.015" /><testcase classname="tests.test_animal_manager" name="test_init_animals" time="0.016" /><testcase classname="tests.test_animal_manager" name="test_print_animal_num_warnings" time="0.015" /><testcase classname="tests.test_animal_manager" name="test_init_nutrient_rqmts" time="0.001" /><testcase classname="tests.test_animal_manager" name="test_avg_pen_dist" time="0.015" /><testcase classname="tests.test_animal_manager" name="test_calc_nutrient_rqmts" time="0.001" /><testcase classname="tests.test_animal_manager" name="test_fully_update_animal_to_pen_id_map" time="0.001" /><testcase classname="tests.test_animal_manager" name="test_remove_animals_from_herd[info_dict0]" time="0.021" /><testcase classname="tests.test_animal_manager" name="test_remove_animals_from_herd[info_dict1]" time="0.024" /><testcase classname="tests.test_animal_manager" name="test_remove_animals_from_herd[info_dict2]" time="0.021" /><testcase classname="tests.test_animal_manager" name="test_track_former_pen_population[info_dict0]" time="0.017" /><testcase classname="tests.test_animal_manager" name="test_track_former_pen_population[info_dict1]" time="0.019" /><testcase classname="tests.test_animal_manager" name="test_track_former_pen_population[info_dict2]" time="0.018" /><testcase classname="tests.test_animal_manager" name="test_calculate_pen_rations[info_dict0]" time="0.018" /><testcase classname="tests.test_animal_manager" name="test_calculate_pen_rations[info_dict1]" time="0.297" /><testcase classname="tests.test_animal_manager" name="test_calculate_pen_rations[info_dict2]" time="0.018" /><testcase classname="tests.test_animal_manager" name="test_daily_update_id_map[info_dict0]" time="0.020" /><testcase classname="tests.test_animal_manager" name="test_daily_update_id_map[info_dict1]" time="0.022" /><testcase classname="tests.test_animal_manager" name="test_daily_update_id_map[info_dict2]" time="0.020" /><testcase classname="tests.test_animal_manager" name="test_allocate_all_pens" time="0.001" /><testcase classname="tests.test_animal_manager" name="test_clear_pens" time="0.018" /><testcase classname="tests.test_animal_manager" name="test_calc_avg_nutrient_rqmts" time="0.001" /><testcase classname="tests.test_animal_manager" name="test_calc_ration" time="0.001" /><testcase classname="tests.test_animal_manager" name="test_calc_manure_excretion" time="0.001" /><testcase classname="tests.test_animal_manager" name="test_calc_avg_growth" time="0.018" /><testcase classname="tests.test_animal_manager" name="test_record_pen_history" time="0.001" /><testcase classname="tests.test_animal_manager" name="test_calc_p_conc" time="0.002" /><testcase classname="tests.test_animal_manager" name="test_calc_all_p_conc" time="0.001" /><testcase classname="tests.test_animal_manager" name="test_calc_p_rqmts" time="0.001" /><testcase classname="tests.test_animal_manager" name="test_daily_p_update" time="0.001" /><testcase classname="tests.test_animal_manager" name="test_reset_milk_production_reduction" time="0.004" /><testcase classname="tests.test_animal_manager" name="test_daily_updates" time="0.001" /><testcase classname="tests.test_animal_manager" name="test_end_ration_interval" time="0.001" /><testcase classname="tests.test_animal_manager" name="test_annual_reset" time="0.001" /><testcase classname="tests.test_animal_manager" name="test_generate_animal_output" time="0.001" /><testcase classname="tests.test_animal_manager" name="test_get_life_cycle_output" time="0.001" /><testcase classname="tests.test_animal_manager" name="test_get_initialize_db_summary" time="0.001" /><testcase classname="tests.test_animal_manager" name="test_sum_daily_milk" time="0.015" /><testcase classname="tests.test_animal_manager" name="test_get_animals_snapshot" time="0.036" /><testcase classname="tests.test_animal_manager" name="test_handle_removed_animals_after_update" time="0.136" /><testcase classname="tests.test_animal_manager" name="test_handle_animals_with_unchanged_class_and_changed_combination" time="0.289" /><testcase classname="tests.test_animal_manager" name="test_handle_graduated_animals" time="0.147" /><testcase classname="tests.test_animal_manager" name="test_handle_newly_added_animals" time="0.006" /><testcase classname="tests.test_animal_manager" name="test_remove_animal_from_pen_and_id_map" time="0.005" /><testcase classname="tests.test_animal_manager" name="test_add_animal_to_pen_and_id_map" time="0.006" /><testcase classname="tests.test_feed" name="test_update_all" time="0.001" /><testcase classname="tests.test_feed" name="test_harvest_loss" time="0.001" /><testcase classname="tests.test_feed" name="test_storage_loss" time="0.001" /><testcase classname="tests.test_feed" name="test_feed_out_loss" time="0.001" /><testcase classname="tests.test_feed" name="test_update_carbon" time="0.001" /><testcase classname="tests.test_feed" name="test_daily_feed_routine" time="0.001" /><testcase classname="tests.test_feed" name="test_annual_feed_routine" time="0.001" /><testcase classname="tests.test_feed" name="test_summarize_feed_storage" time="0.001" /><testcase classname="tests.test_feed" name="test_calibrate_storage" time="0.001" /><testcase classname="tests.test_feed" name="test_forage_quality_assessment" time="0.001" /><testcase classname="tests.test_feed" name="test_store_crop" time="0.001" /><testcase classname="tests.test_feed" name="test_calculate_losses" time="0.001" /><testcase classname="tests.test_feed" name="test_reset_storage" time="0.001" /><testcase classname="tests.test_feed" name="test_required_inventory" time="0.001" /><testcase classname="tests.test_feed" name="test_forage_inventory_plan" time="0.001" /><testcase classname="tests.test_feed" name="test_daily_feed_storage" time="0.001" /><testcase classname="tests.test_feed" name="test_daily_feed_management" time="0.001" /><testcase classname="tests.test_feed" name="test_reset_feed_data" time="0.001" /><testcase classname="tests.test_feed" name="test_get_feeds_split_by_maturity" time="0.001" /><testcase classname="tests.test_feed" name="test_get_all_feed_units" time="0.001" /><testcase classname="tests.test_feed" name="test_get_purchased_feed_ids" time="0.001" /><testcase classname="tests.test_feed" name="test_get_feed_id" time="0.001" /><testcase classname="tests.test_feed" name="test_get_feed_quality" time="0.001" /><testcase classname="tests.test_feed" name="test_add_to_available_feeds" time="0.001" /><testcase classname="tests.test_feed" name="test_update_available_feed" time="0.001" /><testcase classname="tests.test_feed" name="test_remove_from_available_feeds" time="0.001" /><testcase classname="tests.test_feed" name="test_get_nutrient_vals" time="0.001" /><testcase classname="tests.test_feed" name="test_get_calf_feeds" time="0.001" /><testcase classname="tests.test_feed" name="test_CP_loss" time="0.001" /><testcase classname="tests.test_feed" name="test_NPN_loss" time="0.001" /><testcase classname="tests.test_feed" name="test_update_CP" time="0.001" /><testcase classname="tests.test_feed" name="test_degrade_protein" time="0.001" /><testcase classname="tests.test_feed" name="test_get_quality_specific_feed_costs" time="0.002" /><testcase classname="tests.test_field" name="test_daily_fields_routine" time="0.001" /><testcase classname="tests.test_field" name="test_annual_fields_routine" time="0.001" /><testcase classname="tests.test_field" name="test_summarize_fields" time="0.001" /><testcase classname="tests.test_field" name="test_summarize_annual_variables" time="0.001" /><testcase classname="tests.test_field" name="test_annual_reset" time="0.001" /><testcase classname="tests.test_field" name="test_update_all" time="0.001" /><testcase classname="tests.test_field" name="test_calc_act_biomass" time="0.001" /><testcase classname="tests.test_field" name="test_calc_intercepted_radiation" time="0.001" /><testcase classname="tests.test_field" name="test_calc_bio_AG" time="0.001" /><testcase classname="tests.test_field" name="test_calc_gamma_wu" time="0.001" /><testcase classname="tests.test_field" name="test_daily_crop_routine" time="0.001" /><testcase classname="tests.test_field" name="test_daily_reset" time="0.001" /><testcase classname="tests.test_field" name="test_annual_variable_update" time="0.001" /><testcase classname="tests.test_field" name="test_annual_crop_routine" time="0.001" /><testcase classname="tests.test_field" name="test_dormancy_routine" time="0.001" /><testcase classname="tests.test_field" name="test_is_kill_year" time="0.001" /><testcase classname="tests.test_field" name="test_set_grow_regimen" time="0.001" /><testcase classname="tests.test_field" name="test_iterate_planting_day" time="0.001" /><testcase classname="tests.test_field" name="test_calculate_start" time="0.001" /><testcase classname="tests.test_field" name="test_calculate_minimum_day_length" time="0.001" /><testcase classname="tests.test_field" name="test_calculate_t_dorm" time="0.001" /><testcase classname="tests.test_field" name="test_in_dormancy" time="0.001" /><testcase classname="tests.test_field" name="test_get_year_length" time="0.001" /><testcase classname="tests.test_field" name="test_check_conditions_plant" time="0.001" /><testcase classname="tests.test_field" name="test_calc_gamma_reg" time="0.001" /><testcase classname="tests.test_field" name="test_calc_w_stress" time="0.001" /><testcase classname="tests.test_field" name="test_calc_t_stress" time="0.001" /><testcase classname="tests.test_field" name="test_calc_n_stress" time="0.001" /><testcase classname="tests.test_field" name="test_calc_phi_N" time="0.001" /><testcase classname="tests.test_field" name="test_calc_p_stress" time="0.001" /><testcase classname="tests.test_field" name="test_calc_phi_P" time="0.001" /><testcase classname="tests.test_field" name="test_calculate_fr_PHU" time="0.001" /><testcase classname="tests.test_field" name="test_calc_T_HU_min" time="0.001" /><testcase classname="tests.test_field" name="test_calc_T_HU_max" time="0.001" /><testcase classname="tests.test_field" name="test_calc_HU" time="0.001" /><testcase classname="tests.test_field" name="test_calculate_shape_coefficients" time="0.001" /><testcase classname="tests.test_field" name="test_calc_fr_LAI_max" time="0.001" /><testcase classname="tests.test_field" name="test_calculate_LAI_actual" time="0.001" /><testcase classname="tests.test_field" name="test_calculate_d_LAI_actual" time="0.001" /><testcase classname="tests.test_field" name="test_calc_N_fixation" time="0.001" /><testcase classname="tests.test_field" name="test_get_root_accessible_layers" time="0.001" /><testcase classname="tests.test_field" name="test_calc_f_gr" time="0.001" /><testcase classname="tests.test_field" name="test_calc_f_NO3" time="0.001" /><testcase classname="tests.test_field" name="test_calc_f_sw" time="0.001" /><testcase classname="tests.test_field" name="test_calc_N_demand" time="0.001" /><testcase classname="tests.test_field" name="test_calc_fr_N" time="0.001" /><testcase classname="tests.test_field" name="test_calc_n2" time="0.001" /><testcase classname="tests.test_field" name="test_calc_n1" time="0.001" /><testcase classname="tests.test_field" name="test_calc_log_term_of_shape_coefficient" time="0.001" /><testcase classname="tests.test_field" name="test_calc_bio_N_opt" time="0.001" /><testcase classname="tests.test_field" name="test_calc_N_up" time="0.001" /><testcase classname="tests.test_field" name="test_calc_act_N_up_each_layer" time="0.001" /><testcase classname="tests.test_field" name="test_N_uptake" time="0.001" /><testcase classname="tests.test_field" name="test_calc_N_up_each_layer" time="0.001" /><testcase classname="tests.test_field" name="test_calc_N_up_z" time="0.001" /><testcase classname="tests.test_field" name="test_calc_bio_N" time="0.001" /><testcase classname="tests.test_field" name="test_calc_fr_P" time="0.001" /><testcase classname="tests.test_field" name="test_calc_p2" time="0.001" /><testcase classname="tests.test_field" name="test_calc_p1" time="0.001" /><testcase classname="tests.test_field" name="test_calc_bio_P_opt" time="0.001" /><testcase classname="tests.test_field" name="test_calc_P_up" time="0.001" /><testcase classname="tests.test_field" name="test_calc_act_P_up_each_layer" time="0.001" /><testcase classname="tests.test_field" name="test_calc_P_up_each_layer" time="0.001" /><testcase classname="tests.test_field" name="test_calc_P_up_z" time="0.001" /><testcase classname="tests.test_field" name="test_calc_bio_P" time="0.001" /><testcase classname="tests.test_field" name="test_P_uptake" time="0.001" /><testcase classname="tests.test_field" name="test_calc_daily_root_biomass" time="0.001" /><testcase classname="tests.test_field" name="test_calc_z_root" time="0.001" /><testcase classname="tests.test_field" name="test_calc_max_water_uptake_each_layer" time="0.001" /><testcase classname="tests.test_field" name="test_calc_max_water_uptake_z" time="0.001" /><testcase classname="tests.test_field" name="test_inc_lower_layer_uptake" time="0.001" /><testcase classname="tests.test_field" name="test_decrease_efficiency_of_uptake" time="0.001" /><testcase classname="tests.test_field" name="test_calc_act_water_uptake" time="0.001" /><testcase classname="tests.test_field" name="test_calc_HI_max" time="0.001" /><testcase classname="tests.test_field" name="test_calc_HI_act" time="0.001" /><testcase classname="tests.test_field" name="test_calc_dry_down" time="0.001" /><testcase classname="tests.test_field" name="test_calc_yield_max" time="0.001" /><testcase classname="tests.test_field" name="test_calc_yield_act" time="0.001" /><testcase classname="tests.test_field" name="test_calc_quality_assessment" time="0.001" /><testcase classname="tests.test_field" name="test_calc_nutrient_removal" time="0.001" /><testcase classname="tests.test_field" name="test_calc_residue" time="0.001" /><testcase classname="tests.test_field" name="test_calc_harvest_quality" time="0.001" /><testcase classname="tests.test_field" name="test_kill" time="0.001" /><testcase classname="tests.test_field" name="test_cut" time="0.001" /><testcase classname="tests.test_field" name="test_formulate_fert_app" time="0.001" /><testcase classname="tests.test_field" name="test_fertilizer_P" time="0.001" /><testcase classname="tests.test_field" name="test_fertilizer_N" time="0.001" /><testcase classname="tests.test_field" name="test_fertilizer_K" time="0.001" /><testcase classname="tests.test_field" name="test_daily_field_management_routine" time="0.001" /><testcase classname="tests.test_field" name="test_daily_field_management_reset" time="0.001" /><testcase classname="tests.test_field" name="test_check_conditions" time="0.001" /><testcase classname="tests.test_field" name="test_update_annual_variables" time="0.001" /><testcase classname="tests.test_field" name="test_populate_scheduled_applications" time="0.001" /><testcase classname="tests.test_field" name="test_populate_rotations" time="0.001" /><testcase classname="tests.test_field" name="test_schedule_application" time="0.001" /><testcase classname="tests.test_field" name="test_iterate_application" time="0.001" /><testcase classname="tests.test_field" name="test_formulate_manure_application" time="0.001" /><testcase classname="tests.test_field" name="test_added_manure_P" time="0.001" /><testcase classname="tests.test_field" name="test_added_manure_N" time="0.001" /><testcase classname="tests.test_field" name="test_calc_potential_evap" time="0.001" /><testcase classname="tests.test_field" name="test_calc_LHV" time="0.001" /><testcase classname="tests.test_field" name="test_calc_crop_transpiration" time="0.001" /><testcase classname="tests.test_field" name="test_calc_soil_evap" time="0.001" /><testcase classname="tests.test_field" name="test_calc_soil_cov" time="0.001" /><testcase classname="tests.test_field" name="test_update_evap_z" time="0.001" /><testcase classname="tests.test_field" name="test_calc_runoff" time="0.001" /><testcase classname="tests.test_field" name="test_calc_S" time="0.001" /><testcase classname="tests.test_field" name="test_calc_CN1" time="0.001" /><testcase classname="tests.test_field" name="test_calc_CN3" time="0.001" /><testcase classname="tests.test_field" name="test_calc_S_max" time="0.001" /><testcase classname="tests.test_field" name="test_calc_w1" time="0.001" /><testcase classname="tests.test_field" name="test_calc_w2" time="0.001" /><testcase classname="tests.test_field" name="test_calc_S3" time="0.001" /><testcase classname="tests.test_field" name="test_sum_SW" time="0.001" /><testcase classname="tests.test_field" name="test_sum_WW" time="0.001" /><testcase classname="tests.test_field" name="test_calc_daily_infiltration" time="0.002" /><testcase classname="tests.test_field" name="test_calc_daily_percolation" time="0.001" /><testcase classname="tests.test_field" name="test_daily_soil_routine" time="0.001" /><testcase classname="tests.test_field" name="test_daily_soil_reset" time="0.001" /><testcase classname="tests.test_field" name="test_initialize_profile_characteristics" time="0.001" /><testcase classname="tests.test_field" name="test_annual_mass_balance" time="0.001" /><testcase classname="tests.test_field" name="test_annual_water_balance" time="0.001" /><testcase classname="tests.test_field" name="test_annual_phosphorus_balance" time="0.001" /><testcase classname="tests.test_field" name="test_annual_nitrogen_balance" time="0.001" /><testcase classname="tests.test_field" name="test_calc_sed" time="0.001" /><testcase classname="tests.test_field" name="test_calc_peak_runoff" time="0.001" /><testcase classname="tests.test_field" name="test_calc_I" time="0.001" /><testcase classname="tests.test_field" name="test_calc_T_conc" time="0.001" /><testcase classname="tests.test_field" name="test_calc_Rtc" time="0.001" /><testcase classname="tests.test_field" name="test_calc_alpha" time="0.001" /><testcase classname="tests.test_field" name="test_calc_alpha_05" time="0.001" /><testcase classname="tests.test_field" name="test_calc_K" time="0.001" /><testcase classname="tests.test_field" name="test_calc_Fc_sand" time="0.001" /><testcase classname="tests.test_field" name="test_calc_Fcl_si" time="0.001" /><testcase classname="tests.test_field" name="test_calc_F_org_C" time="0.001" /><testcase classname="tests.test_field" name="test_calc_F_sand" time="0.001" /><testcase classname="tests.test_field" name="test_calc_C" time="0.001" /><testcase classname="tests.test_field" name="test_calc_LS" time="0.001" /><testcase classname="tests.test_field" name="test_calc_m" time="0.001" /><testcase classname="tests.test_field" name="test_calc_T_soil" time="0.001" /><testcase classname="tests.test_field" name="test_calc_dd" time="0.001" /><testcase classname="tests.test_field" name="test_calc_scale" time="0.105" /><testcase classname="tests.test_field" name="test_calc_dd_max" time="0.001" /><testcase classname="tests.test_field" name="test_sum_soil_water" time="0.001" /><testcase classname="tests.test_field" name="test_calc_T_surf" time="0.001" /><testcase classname="tests.test_field" name="test_calc_T_bare" time="0.001" /><testcase classname="tests.test_field" name="test_calc_radiate" time="0.001" /><testcase classname="tests.test_field" name="test_calc_albedo" time="0.001" /><testcase classname="tests.test_field" name="test_calc_bcv" time="0.001" /><testcase classname="tests.test_field" name="test_update_profile_SW" time="0.001" /><testcase classname="tests.test_field" name="test_update_annual_SW" time="0.001" /><testcase classname="tests.test_field" name="test_soil_carbon_aggregation" time="0.001" /><testcase classname="tests.test_field" name="test_temp_factor" time="0.001" /><testcase classname="tests.test_field" name="test_moisture_factor" time="0.001" /><testcase classname="tests.test_field" name="test_residue_partitioning" time="0.001" /><testcase classname="tests.test_field" name="test_denitrification" time="0.001" /><testcase classname="tests.test_field" name="test_humus_mineralization" time="0.001" /><testcase classname="tests.test_field" name="test_leaching_runoff_erosion" time="0.001" /><testcase classname="tests.test_field" name="test_mineralization_decomp" time="0.001" /><testcase classname="tests.test_field" name="test_nitrification_volatilization" time="0.001" /><testcase classname="tests.test_field" name="test_calc_temp_factors" time="0.001" /><testcase classname="tests.test_field" name="test_calc_water_factors" time="0.001" /><testcase classname="tests.test_field" name="test_update_profile_N" time="0.001" /><testcase classname="tests.test_field" name="test_update_annual_N" time="0.001" /><testcase classname="tests.test_field" name="test_update_profile_P" time="0.001" /><testcase classname="tests.test_field" name="test_update_annual_P" time="0.001" /><testcase classname="tests.test_input_manager" name="test_input_manager_singleton" time="0.001" /><testcase classname="tests.test_input_manager" name="test_load_metadata" time="0.004" /><testcase classname="tests.test_input_manager" name="test_load_metadata_raises_exception" time="0.001" /><testcase classname="tests.test_input_manager" name="test_load_data_json" time="0.003" /><testcase classname="tests.test_input_manager" name="test_load_data_csv" time="0.006" /><testcase classname="tests.test_input_manager" name="test_load_data_wont_add_non_csv_non_json_file_data_to_pool" time="0.003" /><testcase classname="tests.test_input_manager" name="test_load_data_raises_exception" time="0.001" /><testcase classname="tests.test_manure_storage" name="test_update_all" time="0.001" /><testcase classname="tests.test_manure_storage" name="test_methane" time="0.001" /><testcase classname="tests.test_manure_storage" name="test_WIP_WOP_frac" time="0.001" /><testcase classname="tests.test_manure_storage" name="test_flush_water" time="0.001" /><testcase classname="tests.test_manure_storage" name="test_N_loss" time="0.001" /><testcase classname="tests.test_manure_storage" name="test_P_loss" time="0.001" /><testcase classname="tests.test_manure_storage" name="test_K_loss" time="0.001" /><testcase classname="tests.test_manure_storage" name="test_solids" time="0.001" /><testcase classname="tests.test_manure_storage" name="test_CH4" time="0.001" /><testcase classname="tests.test_manure_storage" name="test_WIP_WOP" time="0.001" /><testcase classname="tests.test_manure_storage" name="test_effluent_liquid" time="0.001" /><testcase classname="tests.test_manure_storage" name="test_effluent_solid" time="0.001" /><testcase classname="tests.test_manure_storage" name="test_update_storage" time="0.001" /><testcase classname="tests.test_manure_storage" name="test_daily_manure_storage_routine" time="0.001" /><testcase classname="tests.test_manure_storage" name="test_initialize_pens" time="0.001" /><testcase classname="tests.test_manure_storage" name="test_initialize_separators" time="0.001" /><testcase classname="tests.test_manure_storage" name="test_initialize_storage" time="0.001" /><testcase classname="tests.test_manure_storage" name="test_summarize_manure_storage" time="0.001" /><testcase classname="tests.test_manure_storage" name="test_reset_daily_variables" time="0.001" /><testcase classname="tests.test_manure_storage" name="test_summarize_annual_variables" time="0.001" /><testcase classname="tests.test_manure_storage" name="test_annual_mass_balance" time="0.002" /><testcase classname="tests.test_manure_storage" name="test_update_pen" time="0.001" /><testcase classname="tests.test_manure_storage" name="test_calibrate_water_use" time="0.001" /><testcase classname="tests.test_manure_storage" name="test_calibrate_bedding" time="0.001" /><testcase classname="tests.test_manure_storage" name="test_calibrate_separator" time="0.001" /><testcase classname="tests.test_manure_storage" name="test_annual_reset" time="0.001" /><testcase classname="tests.test_misc" name="test_annual_reset" time="0.001" /><testcase classname="tests.test_misc" name="test_annual_mass_balance" time="0.001" /><testcase classname="tests.test_misc" name="test_calc_sim_length" time="0.001" /><testcase classname="tests.test_misc" name="test_to_str" time="0.001" /><testcase classname="tests.test_misc" name="test_advance" time="0.001" /><testcase classname="tests.test_misc" name="test_end_year" time="0.001" /><testcase classname="tests.test_misc" name="test_end_simulation" time="0.001" /><testcase classname="tests.test_misc" name="test_general_constants" time="0.001" /><testcase classname="tests.test_misc" name="test_is_leap_year" time="0.001" /><testcase classname="tests.test_misc" name="test_init_simulation_engine" time="0.003" /><testcase classname="tests.test_misc" name="test_simulate" time="0.006" /><testcase classname="tests.test_misc" name="test_show_final_messages" time="0.004" /><testcase classname="tests.test_misc" name="test_daily_simulation" time="0.010" /><testcase classname="tests.test_misc" name="test_advance_time" time="0.005" /><testcase classname="tests.test_misc" name="test_input_prompt" time="0.001" /><testcase classname="tests.test_misc" name="test_query" time="0.001" /><testcase classname="tests.test_misc" name="test_get_base_dir" time="0.001" /><testcase classname="tests.test_misc" name="test_read_json_file" time="0.001" /><testcase classname="tests.test_misc" name="test_LP_solve" time="0.001" /><testcase classname="tests.test_misc" name="test_create_LP_problem" time="0.001" /><testcase classname="tests.test_misc" name="test_is_correct_structure" time="0.001" /><testcase classname="tests.test_misc" name="test_generate_LP_vars" time="0.001" /><testcase classname="tests.test_misc" name="test_add_LP_constraints" time="0.001" /><testcase classname="tests.test_misc" name="test_solve_with_fastest_solver" time="0.001" /><testcase classname="tests.test_misc" name="test_organize_results" time="0.001" /><testcase classname="tests.test_misc" name="test_LP_print" time="0.001" /><testcase classname="tests.test_misc" name="test_calc_average" time="0.001" /><testcase classname="tests.test_misc" name="test_remove_items_from_list_by_indices" time="0.001" /><testcase classname="tests.test_misc" name="test_percent_calculator" time="0.001" /><testcase classname="tests.test_misc" name="test_get_prefix" time="0.001" /><testcase classname="tests.test_misc" name="test_generate_key" time="0.001" /><testcase classname="tests.test_misc" name="test_get_timestamp" time="0.002" /><testcase classname="tests.test_misc" name="test_add_error" time="0.003" /><testcase classname="tests.test_misc" name="test_add_warning" time="0.002" /><testcase classname="tests.test_misc" name="test_add_log" time="0.002" /><testcase classname="tests.test_misc" name="test_add_variable" time="0.002" /><testcase classname="tests.test_misc" name="test_add_to_pool" time="0.001" /><testcase classname="tests.test_misc" name="test_output_manager_singleton" time="0.002" /><testcase classname="tests.test_misc" name="test_flush_pools" time="0.001" /><testcase classname="tests.test_misc" name="test_dump_all_pools" time="0.003" /><testcase classname="tests.test_misc" name="test_generate_file_name" time="0.001" /><testcase classname="tests.test_misc" name="test_dump_variables" time="0.002" /><testcase classname="tests.test_misc" name="test_dump_logs" time="0.002" /><testcase classname="tests.test_misc" name="test_dump_warnings" time="0.002" /><testcase classname="tests.test_misc" name="test_dump_errors" time="0.002" /><testcase classname="tests.test_misc" name="test_dump_variable_names_and_contexts" time="0.002" /><testcase classname="tests.test_misc" name="test_list_to_file_txt" time="0.004" /><testcase classname="tests.test_misc" name="test_exclude_info_maps" time="0.001" /><testcase classname="tests.test_misc" name="test_load_txt_file_to_list" time="0.005" /><testcase classname="tests.test_misc" name="test_list_txt_file_names_in_dir" time="0.002" /><testcase classname="tests.test_misc" name="test_filter_variables_pool_include_empty_filter_pattern_pool" time="0.001" /><testcase classname="tests.test_misc" name="test_filter_variables_pool_exclude_empty_filter_pattern_pool" time="0.001" /><testcase classname="tests.test_misc" name="test_filter_variables_pool_with_matching_filters_in_pattern_pool" time="0.001" /><testcase classname="tests.test_misc" name="test_filter_variables_pool_exclude_matching_filters_in_pattern_pool" time="0.001" /><testcase classname="tests.test_misc" name="test_filter_variables_pool_non_matching_pattern" time="0.001" /><testcase classname="tests.test_misc" name="test_filter_variables_pool_exclude_non_matching_pattern" time="0.001" /><testcase classname="tests.test_misc" name="test_filter_variables_pool_duplicate_patterns" time="0.001" /><testcase classname="tests.test_misc" name="test_filter_variables_pool_exclude_duplicate_patterns" time="0.001" /><testcase classname="tests.test_misc" name="test_filter_variables_pool_regex_patterns" time="0.002" /><testcase classname="tests.test_misc" name="test_filter_variables_pool_exclude_regex_patterns" time="0.002" /><testcase classname="tests.test_misc" name="test_save_variables" time="0.004" /><testcase classname="tests.test_misc" name="test_make_serializable_recursive[42-0-1-42]" time="0.002" /><testcase classname="tests.test_misc" name="test_make_serializable_recursive[3.14-0-1-3.14]" time="0.002" /><testcase classname="tests.test_misc" name="test_make_serializable_recursive[test-0-1-test]" time="0.002" /><testcase classname="tests.test_misc" name="test_make_serializable_recursive[True-0-1-True]" time="0.002" /><testcase classname="tests.test_misc" name="test_make_serializable_recursive[False-0-1-False]" time="0.002" /><testcase classname="tests.test_misc" name="test_make_serializable_recursive[None-0-1-None]" time="0.002" /><testcase classname="tests.test_misc" name="test_make_serializable_recursive[input_obj6-0-1-expected_output6]" time="0.002" /><testcase classname="tests.test_misc" name="test_make_serializable_recursive[input_obj7-0-1-expected_output7]" time="0.002" /><testcase classname="tests.test_misc" name="test_make_serializable_recursive[input_obj8-0-1-expected_output8]" time="0.002" /><testcase classname="tests.test_misc" name="test_make_serializable_recursive[input_obj9-0-1-expected_output9]" time="0.002" /><testcase classname="tests.test_misc" name="test_make_serializable_recursive[input_obj10-0-1-expected_output10]" time="0.002" /><testcase classname="tests.test_misc" name="test_make_serializable_recursive[input_obj11-0-1-expected_output11]" time="0.002" /><testcase classname="tests.test_misc" name="test_make_serializable_recursive[input_obj12-0-1-expected_output12]" time="0.002" /><testcase classname="tests.test_misc" name="test_make_serializable_recursive[input_obj13-0-1-expected_output13]" time="0.002" /><testcase classname="tests.test_misc" name="test_make_serializable_recursive[input_obj14-0-3-expected_output14]" time="0.003" /><testcase classname="tests.test_misc" name="test_make_serializable_recursive[input_obj15-0-2-expected_output15]" time="0.002" /><testcase classname="tests.test_misc" name="test_make_serializable_recursive[input_obj16-0-2-expected_output16]" time="0.002" /><testcase classname="tests.test_misc" name="test_make_serializable_recursive[input_obj17-0-2-expected_output17]" time="0.002" /><testcase classname="tests.test_misc" name="test_make_serializable_recursive[input_obj18-0-1-expected_output18]" time="0.002" /><testcase classname="tests.test_misc" name="test_make_serializable_recursive[input_obj19-0-2-expected_output19]" time="0.002" /><testcase classname="tests.test_misc" name="test_make_serializable_recursive[input_obj20-0-3-expected_output20]" time="0.002" /><testcase classname="tests.test_misc" name="test_make_serializable_recursive[input_obj21-0-2-expected_output21]" time="0.002" /><testcase classname="tests.test_output_handler" name="test_read_data" time="0.001" /><testcase classname="tests.test_output_handler" name="test_ration_graphics" time="0.001" /><testcase classname="tests.test_output_handler" name="test_annual_mass_balance_graphics" time="0.001" /><testcase classname="tests.test_output_handler" name="test_individual_animal_graphics" time="0.001" /><testcase classname="tests.test_output_handler" name="test_daily_graphics" time="0.001" /><testcase classname="tests.test_output_handler" name="test_annual_graphics" time="0.001" /><testcase classname="tests.test_output_handler" name="test_initialize_dir" time="0.001" /><testcase classname="tests.test_output_handler" name="test_initialize_reports" time="0.001" /><testcase classname="tests.test_output_handler" name="test_daily_update" time="0.001" /><testcase classname="tests.test_output_handler" name="test_annual_updates" time="0.001" /><testcase classname="tests.test_output_handler" name="test_write_annual_reports" time="0.001" /><testcase classname="tests.test_output_handler" name="test_annual_flushes" time="0.001" /><testcase classname="tests.test_output_handler" name="test_produce_graphics" time="0.001" /><testcase classname="tests.test_output_handler" name="test_finalize" time="0.001" /><testcase classname="tests.test_output_handler" name="test_write_headers" time="0.001" /><testcase classname="tests.test_output_handler" name="test_initialize" time="0.001" /><testcase classname="tests.test_output_handler" name="test_annual_update" time="0.001" /><testcase classname="tests.test_output_handler" name="test_write_annual_report" time="0.001" /><testcase classname="tests.test_output_handler" name="test_annual_flush" time="0.001" /><testcase classname="tests.test_output_handler" name="test_produce_report_graphics" time="0.001" /><testcase classname="tests.test_pen" name="test_set_avg_nutrient_rqmts" time="0.001" /><testcase classname="tests.test_pen" name="test_set_milk_avgs" time="0.001" /><testcase classname="tests.test_pen" name="test_add_new_animals[pen-mock_animal_list-mock_animal_list]" time="0.003" /><testcase classname="tests.test_pen" name="test_add_new_animals[pen_with_animals-mock_animal_list_ii-mock_animal_list_combined]" time="0.004" /><testcase classname="tests.test_pen" name="test_update_pen_populated[pen-False]" time="0.001" /><testcase classname="tests.test_pen" name="test_update_pen_populated[pen_with_animals-True]" time="0.003" /><testcase classname="tests.test_pen" name="test_update_stocking_density[pen-0]" time="0.001" /><testcase classname="tests.test_pen" name="test_update_stocking_density[pen_with_animals-0.03]" time="0.003" /><testcase classname="tests.test_pen" name="test_update_animal_combination[AnimalCombination.CALF]" time="0.001" /><testcase classname="tests.test_pen" name="test_update_animal_combination[AnimalCombination.GROWING]" time="0.001" /><testcase classname="tests.test_pen" name="test_update_animal_combination[AnimalCombination.LAC_COW]" time="0.001" /><testcase classname="tests.test_pen" name="test_update_animal_combination[AnimalCombination.CLOSE_UP]" time="0.001" /><testcase classname="tests.test_pen" name="test_update_animal_combination[AnimalCombination.GROWING_AND_CLOSE_UP]" time="0.001" /><testcase classname="tests.test_pen" name="test_update_animals" time="0.008" /><testcase classname="tests.test_pen" name="test_call_animal_nutrient_rqmts" time="0.001" /><testcase classname="tests.test_pen" name="test_calc_avg_nutrient_rqmts" time="0.001" /><testcase classname="tests.test_pen" name="test_calc_avg_stats" time="0.001" /><testcase classname="tests.test_pen" name="test_calc_ration" time="0.001" /><testcase classname="tests.test_pen" name="test_calc_manure" time="0.001" /><testcase classname="tests.test_pen" name="test_reset_manure" time="0.001" /><testcase classname="tests.test_pen" name="test_calc_avg_growth[mock_calves_with_daily_growth-True-avg_calf_daily_growth_values]" time="0.003" /><testcase classname="tests.test_pen" name="test_calc_avg_growth[pen_animals1-False-0]" time="0.001" /><testcase classname="tests.test_pen" name="test_calc_daily_walking_dist" time="0.001" /><testcase classname="tests.test_pen" name="test_call_p_rqmts" time="0.001" /><testcase classname="tests.test_pen" name="test_daily_p_update" time="0.001" /><testcase classname="tests.test_pen" name="test_set_up_new_animal" time="0.001" /><testcase classname="tests.test_pen" name="test_clear" time="0.001" /><testcase classname="tests.test_pen" name="test_subset_class_feeds[AnimalCombination.CALF-expected_feed_allocation0]" time="0.002" /><testcase classname="tests.test_pen" name="test_subset_class_feeds[AnimalCombination.GROWING-expected_feed_allocation1]" time="0.002" /><testcase classname="tests.test_pen" name="test_subset_class_feeds[AnimalCombination.CLOSE_UP-expected_feed_allocation2]" time="0.002" /><testcase classname="tests.test_pen" name="test_subset_class_feeds[AnimalCombination.GROWING_AND_CLOSE_UP-expected_feed_allocation3]" time="0.002" /><testcase classname="tests.test_pen" name="test_subset_class_feeds[AnimalCombination.LAC_COW-expected_feed_allocation4]" time="0.002" /><testcase classname="tests.test_user_prompt" name="test_obtain_file_list[/home/runner/work/MASM/MASM/input/input/ARL.json]" time="0.003" /><testcase classname="tests.test_user_prompt" name="test_obtain_file_list[None]" time="0.003" /><testcase classname="tests.test_user_prompt" name="test_convert_path_string_to_list[dummy_json.json-True-False]" time="0.006" /><testcase classname="tests.test_user_prompt" name="test_convert_path_string_to_list[dummy_dir-False-True]" time="0.007" /><testcase classname="tests.test_user_prompt" name="test_convert_path_string_to_list[valid_dummy_txt_file.txt-True-False]" time="0.007" /><testcase classname="tests.test_user_prompt" name="test_convert_path_string_to_list[invalid_dummy_txt_file.txt-False-False]" time="0.007" /><testcase classname="tests.test_user_prompt" name="test_convert_path_string_to_list[invalid_file_path-False-False]" time="0.008" /><testcase classname="tests.test_user_prompt" name="test_user_prompt[/home/runner/work/MASM/MASM/input/input/ARL.json]" time="0.003" /><testcase classname="tests.test_user_prompt" name="test_user_prompt[/home/runner/work/MASM/MASM/input]" time="0.003" /><testcase classname="tests.test_user_prompt" name="test_get_json_list_from_dir" time="0.004" /><testcase classname="tests.test_user_prompt" name="test_convert_json_path_to_list" time="0.003" /><testcase classname="tests.test_user_prompt" name="test_prompt_user_for_input[Q]" time="0.004" /><testcase classname="tests.test_user_prompt" name="test_prompt_user_for_input[q]" time="0.004" /><testcase classname="tests.test_user_prompt" name="test_prompt_user_for_input[/home/runner/work/MASM/MASM/input/input/ARL.json]" time="0.004" /><testcase classname="tests.test_user_prompt" name="test_prompt_user_for_input[/home/runner/work/MASM/MASM/input]" time="0.005" /><testcase classname="tests.test_user_prompt" name="test_prompt_user_for_input[dir]" time="0.004" /><testcase classname="tests.test_user_prompt" name="test_prompt_user_for_input[error]" time="0.004" /><testcase classname="tests.test_user_prompt" name="test_run_rufas[dummy_path-True-True-True-True]" time="0.005" /><testcase classname="tests.test_user_prompt" name="test_run_rufas[dummy_path-False-True-True-True]" time="0.005" /><testcase classname="tests.test_user_prompt" name="test_run_rufas[dummy_path-True-False-True-True]" time="0.005" /><testcase classname="tests.test_user_prompt" name="test_run_rufas[dummy_path-False-False-True-True]" time="0.006" /><testcase classname="tests.test_user_prompt" name="test_run_rufas[dummy_path-False-False-False-True]" time="0.005" /><testcase classname="tests.test_user_prompt" name="test_run_rufas[dummy_path-False-False-True-False]" time="0.005" /><testcase classname="tests.test_user_prompt" name="test_run_rufas[dummy_path-False-False-False-False]" time="0.005" /><testcase classname="tests.test_user_prompt" name="test_run_rufas[dummy_path-True-True-False-False]" time="0.006" /><testcase classname="tests.test_user_prompt" name="test_set_global_variables[True-True]" time="0.001" /><testcase classname="tests.test_user_prompt" name="test_set_global_variables[False-True]" time="0.001" /><testcase classname="tests.test_user_prompt" name="test_set_global_variables[True-False]" time="0.001" /><testcase classname="tests.test_user_prompt" name="test_set_global_variables[False-False]" time="0.001" /><testcase classname="tests.test_user_prompt" name="test_execute_simulations_from_files" time="0.005" /><testcase classname="tests.test_user_prompt" name="test_parse_gnu_args" time="0.004" /><testcase classname="tests.test_manure_module.test_bedding_classes" name="test_bedding_type[sawdust-BeddingType.SAWDUST]" time="0.001" /><testcase classname="tests.test_manure_module.test_bedding_classes" name="test_bedding_type[manure solids-BeddingType.MANURE_SOLIDS]" time="0.001" /><testcase classname="tests.test_manure_module.test_bedding_classes" name="test_bedding_type[sand-BeddingType.SAND]" time="0.001" /><testcase classname="tests.test_manure_module.test_bedding_classes" name="test_bedding_type[dummy-BeddingType.SAND0]" time="0.001" /><testcase classname="tests.test_manure_module.test_bedding_classes" name="test_bedding_type[dummy-BeddingType.SAND1]" time="0.001" /><testcase classname="tests.test_manure_module.test_bedding_classes" name="test_bedding_type[default-BeddingType.SAND]" time="0.001" /><testcase classname="tests.test_manure_module.test_bedding_classes" name="test_bedding_config_init" time="0.001" /><testcase classname="tests.test_manure_module.test_bedding_classes" name="test_default_bedding_config_values[bedding_config0-1.97-250.0-0.9-1.0-BeddingType.SAWDUST-0.0]" time="0.002" /><testcase classname="tests.test_manure_module.test_bedding_classes" name="test_default_bedding_config_values[bedding_config1-2.5-400.0-0.9-1.0-BeddingType.MANURE_SOLIDS-0.0]" time="0.001" /><testcase classname="tests.test_manure_module.test_bedding_classes" name="test_default_bedding_config_values[bedding_config2-25.0-1500.0-0.9-1.0-BeddingType.SAND-1.0]" time="0.001" /><testcase classname="tests.test_manure_module.test_bedding_classes" name="test_default_bedding_config_factory_get_instance[BeddingType.SAWDUST-expected_default_bedding_config0]" time="0.001" /><testcase classname="tests.test_manure_module.test_bedding_classes" name="test_default_bedding_config_factory_get_instance[BeddingType.MANURE_SOLIDS-expected_default_bedding_config1]" time="0.001" /><testcase classname="tests.test_manure_module.test_bedding_classes" name="test_default_bedding_config_factory_get_instance[BeddingType.SAND-expected_default_bedding_config2]" time="0.001" /><testcase classname="tests.test_manure_module.test_bedding_classes" name="test_bedding_factory_get_instance[sawdust-SawdustBedding]" time="0.001" /><testcase classname="tests.test_manure_module.test_bedding_classes" name="test_bedding_factory_get_instance[manure solids-ManureSolidsBedding]" time="0.001" /><testcase classname="tests.test_manure_module.test_bedding_classes" name="test_bedding_factory_get_instance[sand-SandBedding]" time="0.001" /><testcase classname="tests.test_manure_module.test_bedding_classes" name="test_bedding_public_methods[sawdust-bedding_config0]" time="0.001" /><testcase classname="tests.test_manure_module.test_bedding_classes" name="test_bedding_public_methods[manure solids-bedding_config1]" time="0.001" /><testcase classname="tests.test_manure_module.test_bedding_classes" name="test_bedding_public_methods[sand-bedding_config2]" time="0.001" /><testcase classname="tests.test_manure_module.test_default_enum" name="test_get_default_type[DummyDefaultEnumWithDefault-DummyDefaultEnumWithDefault.SUCCESS]" time="0.001" /><testcase classname="tests.test_manure_module.test_default_enum" name="test_get_default_type[DummyDefaultEnumNoDefault-DummyDefaultEnumNoDefault.SUCCESS]" time="0.001" /><testcase classname="tests.test_manure_module.test_default_enum" name="test_get_type[DummyDefaultEnumWithDefault-success-DummyDefaultEnumWithDefault.SUCCESS]" time="0.001" /><testcase classname="tests.test_manure_module.test_default_enum" name="test_get_type[DummyDefaultEnumWithDefault-failed-DummyDefaultEnumWithDefault.FAILED]" time="0.001" /><testcase classname="tests.test_manure_module.test_default_enum" name="test_get_type[DummyDefaultEnumWithDefault-dummy-DummyDefaultEnumWithDefault.SUCCESS]" time="0.001" /><testcase classname="tests.test_manure_module.test_default_enum" name="test_get_type[DummyDefaultEnumNoDefault-success-DummyDefaultEnumNoDefault.SUCCESS]" time="0.001" /><testcase classname="tests.test_manure_module.test_default_enum" name="test_get_type[DummyDefaultEnumNoDefault-failed-DummyDefaultEnumNoDefault.FAILED]" time="0.001" /><testcase classname="tests.test_manure_module.test_default_enum" name="test_get_type[DummyDefaultEnumNoDefault-dummy-DummyDefaultEnumNoDefault.SUCCESS]" time="0.001" /><testcase classname="tests.test_manure_module.test_default_enum" name="test_get_type_no_members" time="0.001" /><testcase classname="tests.test_manure_module.test_gas_emissions" name="test_calc_E_CH4_slurry_storage[True]" time="0.002" /><testcase classname="tests.test_manure_module.test_gas_emissions" name="test_calc_E_CH4_slurry_storage[False]" time="0.002" /><testcase classname="tests.test_manure_module.test_gas_emissions" name="test_calc_modified_hours[0]" time="0.001" /><testcase classname="tests.test_manure_module.test_gas_emissions" name="test_calc_modified_hours[1]" time="0.001" /><testcase classname="tests.test_manure_module.test_gas_emissions" name="test_calc_modified_hours[2]" time="0.001" /><testcase classname="tests.test_manure_module.test_gas_emissions" name="test_calc_modified_hours[3]" time="0.001" /><testcase classname="tests.test_manure_module.test_gas_emissions" name="test_calc_modified_hours[4]" time="0.001" /><testcase classname="tests.test_manure_module.test_gas_emissions" name="test_calc_modified_hours[5]" time="0.001" /><testcase classname="tests.test_manure_module.test_gas_emissions" name="test_calc_modified_hours[6]" time="0.001" /><testcase classname="tests.test_manure_module.test_gas_emissions" name="test_calc_modified_hours[7]" time="0.001" /><testcase classname="tests.test_manure_module.test_gas_emissions" name="test_calc_modified_hours[8]" time="0.001" /><testcase classname="tests.test_manure_module.test_gas_emissions" name="test_calc_modified_hours[9]" time="0.001" /><testcase classname="tests.test_manure_module.test_gas_emissions" name="test_calc_modified_hours[10]" time="0.001" /><testcase classname="tests.test_manure_module.test_gas_emissions" name="test_calc_modified_hours[11]" time="0.001" /><testcase classname="tests.test_manure_module.test_gas_emissions" name="test_calc_modified_hours[12]" time="0.001" /><testcase classname="tests.test_manure_module.test_gas_emissions" name="test_calc_modified_hours[13]" time="0.001" /><testcase classname="tests.test_manure_module.test_gas_emissions" name="test_calc_modified_hours[14]" time="0.001" /><testcase classname="tests.test_manure_module.test_gas_emissions" name="test_calc_modified_hours[15]" time="0.001" /><testcase classname="tests.test_manure_module.test_gas_emissions" name="test_calc_modified_hours[16]" time="0.001" /><testcase classname="tests.test_manure_module.test_gas_emissions" name="test_calc_modified_hours[17]" time="0.001" /><testcase classname="tests.test_manure_module.test_gas_emissions" name="test_calc_modified_hours[18]" time="0.001" /><testcase classname="tests.test_manure_module.test_gas_emissions" name="test_calc_modified_hours[19]" time="0.001" /><testcase classname="tests.test_manure_module.test_gas_emissions" name="test_calc_modified_hours[20]" time="0.001" /><testcase classname="tests.test_manure_module.test_gas_emissions" name="test_calc_modified_hours[21]" time="0.001" /><testcase classname="tests.test_manure_module.test_gas_emissions" name="test_calc_modified_hours[22]" time="0.001" /><testcase classname="tests.test_manure_module.test_gas_emissions" name="test_calc_modified_hours[23]" time="0.001" /><testcase classname="tests.test_manure_module.test_gas_emissions" name="test_calc_ambient_temp" time="0.002" /><testcase classname="tests.test_manure_module.test_gas_emissions" name="test_calc_housing_carbon_dioxide_emission[10-100.0-25.0-0.4865-None]" time="0.001" /><testcase classname="tests.test_manure_module.test_gas_emissions" name="test_calc_housing_carbon_dioxide_emission[0-100.0-25.0-0-None]" time="0.001" /><testcase classname="tests.test_manure_module.test_gas_emissions" name="test_calc_housing_carbon_dioxide_emission[10-0.0-25.0-0-None]" time="0.001" /><testcase classname="tests.test_manure_module.test_gas_emissions" name="test_calc_housing_carbon_dioxide_emission[10-100.0--20.0-0-None]" time="0.001" /><testcase classname="tests.test_manure_module.test_gas_emissions" name="test_calc_housing_carbon_dioxide_emission[-1-100.0-25.0-ValueError-Number of animals must be greater than or equal to 0.]" time="0.002" /><testcase classname="tests.test_manure_module.test_gas_emissions" name="test_calc_housing_carbon_dioxide_emission[10--100.0-25.0-ValueError-Barn area must be greater than or equal to 0.]" time="0.002" /><testcase classname="tests.test_manure_module.test_gas_emissions" name="test_calc_ammonia_emission[-1]" time="0.003" /><testcase classname="tests.test_manure_module.test_gas_emissions" name="test_calc_ammonia_emission[1]" time="0.005" /><testcase classname="tests.test_manure_module.test_gas_emissions" name="test_calc_barn_resistance" time="0.001" /><testcase classname="tests.test_manure_module.test_gas_emissions" name="test_calc_Kh" time="0.001" /><testcase classname="tests.test_manure_module.test_gas_emissions" name="test_calc_Ka" time="0.001" /><testcase classname="tests.test_manure_module.test_gas_emissions" name="test_calc_Q" time="0.002" /><testcase classname="tests.test_manure_module.test_gas_emissions" name="test_convert_tempC_to_tempK" time="0.001" /><testcase classname="tests.test_manure_module.test_gas_emissions" name="test_calc_methane_volume_via_Chen_equation" time="0.001" /><testcase classname="tests.test_manure_module.test_gas_emissions" name="test_calc_biogas_energy_content" time="0.001" /><testcase classname="tests.test_manure_module.test_gas_emissions" name="test_calc_methane_emission_for_anaerobic_lagoon" time="0.001" /><testcase classname="tests.test_manure_module.test_gas_emissions" name="test_calc_housing_methane_emission[10-100.0-30.0-3.9-None]" time="0.001" /><testcase classname="tests.test_manure_module.test_gas_emissions" name="test_calc_housing_methane_emission[0-100.0-30.0-0-None]" time="0.001" /><testcase classname="tests.test_manure_module.test_gas_emissions" name="test_calc_housing_methane_emission[10-0.0-30.0-0-None]" time="0.001" /><testcase classname="tests.test_manure_module.test_gas_emissions" name="test_calc_housing_methane_emission[10-100.0--20.0-0-None]" time="0.001" /><testcase classname="tests.test_manure_module.test_gas_emissions" name="test_calc_housing_methane_emission[-1-100.0-30.0-ValueError-Number of animals must be greater than or equal to 0.]" time="0.001" /><testcase classname="tests.test_manure_module.test_gas_emissions" name="test_calc_housing_methane_emission[10--100.0-30.0-ValueError-Barn area must be greater than or equal to 0.]" time="0.001" /><testcase classname="tests.test_manure_module.test_gas_emissions" name="test_calc_housing_ammonia_emission[10-100.0-25.0-30.0-20.0-7.7-260.0-2372.453635832584-None]" time="0.002" /><testcase classname="tests.test_manure_module.test_gas_emissions" name="test_calc_housing_ammonia_emission[0-100.0-25.0-30.0-20.0-7.7-260.0-0.0-None]" time="0.002" /><testcase classname="tests.test_manure_module.test_gas_emissions" name="test_calc_housing_ammonia_emission[10-0.0-25.0-30.0-20.0-7.7-260.0-0.0-None]" time="0.002" /><testcase classname="tests.test_manure_module.test_gas_emissions" name="test_calc_housing_ammonia_emission[10-100.0-0.0-30.0-20.0-7.7-260.0-0.0-None]" time="0.002" /><testcase classname="tests.test_manure_module.test_gas_emissions" name="test_calc_housing_ammonia_emission[10-100.0-25.0-0.0-20.0-7.7-260.0-0.0-None]" time="0.002" /><testcase classname="tests.test_manure_module.test_gas_emissions" name="test_calc_housing_ammonia_emission[-1-100.0-25.0-30.0-20.0-7.7-260.0-ValueError-Number of animals must be greater than or equal to 0.]" time="0.002" /><testcase classname="tests.test_manure_module.test_gas_emissions" name="test_calc_housing_ammonia_emission[10--100.0-25.0-30.0-20.0-7.7-260.0-ValueError-Barn area must be greater than or equal to 0.]" time="0.002" /><testcase classname="tests.test_manure_module.test_gas_emissions" name="test_calc_housing_ammonia_emission[10-100.0--25.0-30.0-20.0-7.7-260.0-ValueError-Urine total ammoniacal nitrogen must be greater than or equal to 0.]" time="0.002" /><testcase classname="tests.test_manure_module.test_gas_emissions" name="test_calc_housing_ammonia_emission[10-100.0-25.0--30.0-20.0-7.7-260.0-ValueError-Urine must be greater than or equal to 0.]" time="0.002" /><testcase classname="tests.test_manure_module.test_manure_handlers" name="test_manure_handler_daily_output" time="0.001" /><testcase classname="tests.test_manure_module.test_manure_handlers" name="test_manure_handler_config" time="0.001" /><testcase classname="tests.test_manure_module.test_manure_handlers" name="test_default_manure_handler_config_factory_get_instance[ManureHandlerType.FLUSH_SYSTEM-757.0-8-2]" time="0.001" /><testcase classname="tests.test_manure_module.test_manure_handlers" name="test_default_manure_handler_config_factory_get_instance[ManureHandlerType.MANUAL_SCRAPING-10.0-8-2]" time="0.001" /><testcase classname="tests.test_manure_module.test_manure_handlers" name="test_default_manure_handler_config_factory_get_instance[ManureHandlerType.ALLEY_SCRAPER-10.0-8-2]" time="0.001" /><testcase classname="tests.test_manure_module.test_manure_handlers" name="test_manure_handler_type_enum" time="0.001" /><testcase classname="tests.test_manure_module.test_manure_handlers" name="test_manure_handler_factory_get_instance[flush system-None-FlushSystem-expected_manure_handler_config0]" time="0.004" /><testcase classname="tests.test_manure_module.test_manure_handlers" name="test_manure_handler_factory_get_instance[manual scraping-None-ManualScraping-expected_manure_handler_config1]" time="0.004" /><testcase classname="tests.test_manure_module.test_manure_handlers" name="test_manure_handler_factory_get_instance[alley scraper-None-AlleyScraper-expected_manure_handler_config2]" time="0.004" /><testcase classname="tests.test_manure_module.test_manure_handlers" name="test_manure_handler_factory_get_instance[dummy-None-FlushSystem-expected_manure_handler_config3]" time="0.004" /><testcase classname="tests.test_manure_module.test_manure_hand
[...]
ts.test_manure_module.test_manure_treatments" name="test_bound_sludge_accumulation_volume" time="0.003" /><testcase classname="tests.test_manure_module.test_manure_treatments" name="test_daily_update_helper" time="0.006" /><testcase classname="tests.test_manure_module.test_manure_treatments" name="test_calc_anaerobic_digestion_daily_output" time="0.007" /><testcase classname="tests.test_manure_module.test_manure_treatments" name="test_calc_moisture_content[-1.0]" time="0.001" /><testcase classname="tests.test_manure_module.test_manure_treatments" name="test_calc_moisture_content[0.0]" time="0.001" /><testcase classname="tests.test_manure_module.test_manure_treatments" name="test_calc_moisture_content[0.5]" time="0.001" /><testcase classname="tests.test_manure_module.test_manure_treatments" name="test_calc_moisture_content[1.0]" time="0.001" /><testcase classname="tests.test_manure_module.test_manure_treatments" name="test_calc_moisture_content[100.0]" time="0.001" /><testcase classname="tests.test_manure_module.test_manure_treatments" name="test_calc_specific_input_energy" time="0.003" /><testcase classname="tests.test_manure_module.test_manure_treatments" name="test_bound_influent_temperature[3.9]" time="0.001" /><testcase classname="tests.test_manure_module.test_manure_treatments" name="test_bound_influent_temperature[4.0]" time="0.001" /><testcase classname="tests.test_manure_module.test_manure_treatments" name="test_bound_influent_temperature[4.1]" time="0.001" /><testcase classname="tests.test_manure_module.test_manure_treatments" name="test_calc_manure_heat_capacity" time="0.001" /><testcase classname="tests.test_manure_module.test_manure_treatments" name="test_anaerobic_digestion_and_lagoon_init" time="0.004" /><testcase classname="tests.test_manure_module.test_manure_treatments" name="test_create_anaerobic_digestion_daily_output" time="0.005" /><testcase classname="tests.test_manure_module.test_manure_treatments" name="test_anaerobic_digestion_and_lagoon_daily_update_helper[True]" time="0.009" /><testcase classname="tests.test_manure_module.test_manure_treatments" name="test_anaerobic_digestion_and_lagoon_daily_update_helper[False]" time="0.006" /><testcase classname="tests.test_manure_module.test_milking_parlor" name="test_milking_parlor_init" time="0.001" /><testcase classname="tests.test_manure_module.test_milking_parlor" name="test_total_minutes_spent_in_holding_area" time="0.001" /><testcase classname="tests.test_manure_module.test_milking_parlor" name="test_fraction_of_day_spent_in_holding_area" time="0.002" /><testcase classname="tests.test_manure_module.test_milking_parlor" name="test_calc_wash_water_volume_used_in_holding_area" time="0.001" /><testcase classname="tests.test_manure_module.test_milking_parlor" name="test_total_minutes_spent_milking" time="0.001" /><testcase classname="tests.test_manure_module.test_milking_parlor" name="test_fraction_of_day_spent_milking" time="0.002" /><testcase classname="tests.test_manure_module.test_milking_parlor" name="test_calc_fresh_water_volume_used_for_milking" time="0.001" /><testcase classname="tests.test_manure_module.test_milking_parlor" name="test_total_minutes_spent_in_milking_parlor" time="0.001" /><testcase classname="tests.test_manure_module.test_milking_parlor" name="test_total_fraction_of_day_spent_in_milking_parlor" time="0.001" /><testcase classname="tests.test_manure_module.test_milking_parlor" name="test_calc_total_water_volume_used_in_milking_parlor" time="0.003" /><testcase classname="tests.test_manure_module.test_milking_parlor" name="test_calc_manure_mass_deposited_in_milking_parlor[10]" time="0.001" /><testcase classname="tests.test_manure_module.test_milking_parlor" name="test_calc_manure_mass_deposited_in_milking_parlor[0]" time="0.001" /><testcase classname="tests.test_manure_module.test_milking_parlor" name="test_calc_manure_volume_deposited_in_milking_parlor" time="0.002" /><testcase classname="tests.test_manure_module.test_milking_parlor" name="test_calc_fraction_of_day_from_minutes" time="0.001" /><testcase classname="tests.test_manure_module.test_pen_manure" name="test_pen_manure_init" time="0.001" /><testcase classname="tests.test_manure_module.test_reception_pits" name="test_reception_pit_daily_output" time="0.001" /><testcase classname="tests.test_manure_module.test_reception_pits" name="test_daily_update" time="0.004" /><testcase classname="tests.test_manure_module.manure_nutrients.test_manure_nutrient_manager" name="test_add_nutrients" time="0.001" /><testcase classname="tests.test_manure_module.manure_nutrients.test_manure_nutrient_manager" name="test_request_nutrients[eval_return0-expected_result0-True]" time="0.004" /><testcase classname="tests.test_manure_module.manure_nutrients.test_manure_nutrient_manager" name="test_request_nutrients[None-None-False]" time="0.003" /><testcase classname="tests.test_manure_module.manure_nutrients.test_manure_nutrient_manager" name="test_evaluate_nutrient_request[0-current_nutrient_values0-True]" time="0.004" /><testcase classname="tests.test_manure_module.manure_nutrients.test_manure_nutrient_manager" name="test_evaluate_nutrient_request[10-current_nutrient_values1-False]" time="0.005" /><testcase classname="tests.test_manure_module.manure_nutrients.test_manure_nutrient_manager" name="test_evaluate_nutrient_request[2-current_nutrient_values2-False]" time="0.005" /><testcase classname="tests.test_manure_module.manure_nutrients.test_manure_nutrient_manager" name="test_evaluate_nutrient_request[5-current_nutrient_values3-False]" time="0.006" /><testcase classname="tests.test_manure_module.manure_nutrients.test_manure_nutrient_manager" name="test_calculate_projected_manure_mass[2.0-0.5-4.0]" time="0.001" /><testcase classname="tests.test_manure_module.manure_nutrients.test_manure_nutrient_manager" name="test_calculate_projected_manure_mass[0-0.5-0]" time="0.001" /><testcase classname="tests.test_manure_module.manure_nutrients.test_manure_nutrient_manager" name="test_calculate_projected_manure_mass[2.0-0-0]" time="0.001" /><testcase classname="tests.test_manure_module.manure_nutrients.test_manure_nutrient_manager" name="test_calculate_projected_manure_mass_exceptions[-2.0-0.5-ValueError-Request for nutrient cannot be negative: -2.0]" time="0.002" /><testcase classname="tests.test_manure_module.manure_nutrients.test_manure_nutrient_manager" name="test_calculate_projected_manure_mass_exceptions[2.0--1.0-ValueError-Nutrient composition must be between 0 and 1 (inclusive): -1.0]" time="0.002" /><testcase classname="tests.test_manure_module.manure_nutrients.test_manure_nutrient_manager" name="test_calculate_projected_manure_mass_exceptions[-2.0--1.0-ValueError-Request for nutrient cannot be negative: -2.0]" time="0.001" /><testcase classname="tests.test_manure_module.manure_nutrients.test_manure_nutrient_manager" name="test_calculate_projected_manure_mass_exceptions[2.0-1.5-ValueError-Nutrient composition must be between 0 and 1 (inclusive): 1.5]" time="0.002" /><testcase classname="tests.test_manure_module.manure_nutrients.test_manure_nutrient_manager" name="test_select_projected_manure_mass[projected_manure_masses0-300]" time="0.001" /><testcase classname="tests.test_manure_module.manure_nutrients.test_manure_nutrient_manager" name="test_select_projected_manure_mass[projected_manure_masses1-315]" time="0.001" /><testcase classname="tests.test_manure_module.manure_nutrients.test_manure_nutrient_manager" name="test_select_projected_manure_mass[projected_manure_masses2-0]" time="0.001" /><testcase classname="tests.test_manure_module.manure_nutrients.test_manure_nutrient_manager" name="test_select_projected_manure_mass_exceptions[projected_manure_masses0-ValueError-Projected manure mass cannot be negative: -300]" time="0.001" /><testcase classname="tests.test_manure_module.manure_nutrients.test_manure_nutrient_manager" name="test_create_nutrient_request_results[0.0-nutrients0]" time="0.001" /><testcase classname="tests.test_manure_module.manure_nutrients.test_manure_nutrient_manager" name="test_create_nutrient_request_results[1e-08-nutrients1]" time="0.001" /><testcase classname="tests.test_manure_module.manure_nutrients.test_manure_nutrient_manager" name="test_create_nutrient_request_results[1000000.0-nutrients2]" time="0.001" /><testcase classname="tests.test_manure_module.manure_nutrients.test_manure_nutrient_manager" name="test_create_nutrient_request_results[2.0-nutrients3]" time="0.001" /><testcase classname="tests.test_manure_module.manure_nutrients.test_manure_nutrient_manager" name="test_create_nutrient_request_results[2.0-nutrients4]" time="0.001" /><testcase classname="tests.test_manure_module.manure_nutrients.test_manure_nutrient_manager" name="test_create_nutrient_request_results[2.0-nutrients5]" time="0.001" /><testcase classname="tests.test_manure_module.manure_nutrients.test_manure_nutrient_manager" name="test_create_nutrient_request_results_exceptions[-2.0-nutrients0-ValueError-Projected manure mass cannot be negative: -2.0]" time="0.002" /><testcase classname="tests.test_manure_module.manure_nutrients.test_manure_nutrient_manager" name="test_remove_nutrients[initial_nutrients0-nutrients_to_remove0-expected_nutrients0]" time="0.001" /><testcase classname="tests.test_manure_module.manure_nutrients.test_manure_nutrient_manager" name="test_remove_nutrients[initial_nutrients1-nutrients_to_remove1-expected_nutrients1]" time="0.001" /><testcase classname="tests.test_manure_module.manure_nutrients.test_manure_nutrient_manager" name="test_remove_nutrients[initial_nutrients2-nutrients_to_remove2-expected_nutrients2]" time="0.001" /><testcase classname="tests.test_manure_module.manure_nutrients.test_manure_nutrient_manager" name="test_remove_nutrients_exceptions[initial_nutrients0-nutrients_to_remove0-nitrogen]" time="0.001" /><testcase classname="tests.test_manure_module.manure_nutrients.test_manure_nutrient_manager" name="test_remove_nutrients_exceptions[initial_nutrients1-nutrients_to_remove1-phosphorus]" time="0.001" /><testcase classname="tests.test_manure_module.manure_nutrients.test_manure_nutrient_manager" name="test_remove_nutrients_exceptions[initial_nutrients2-nutrients_to_remove2-total_manure_mass]" time="0.001" /><testcase classname="tests.test_manure_module.manure_nutrients.test_manure_nutrient_manager" name="test_remove_nutrients_exceptions[initial_nutrients3-nutrients_to_remove3-dry_matter]" time="0.001" /><testcase classname="tests.test_manure_module.manure_nutrients.test_manure_nutrients" name="test_manure_nutrients_init[0.0-0.0-0.0-0.0-0.0-0.0-0.0-0.0]" time="0.002" /><testcase classname="tests.test_manure_module.manure_nutrients.test_manure_nutrients" name="test_manure_nutrients_init[1.0-2.0-3.0-4.0-5.0-0.8-0.2-0.4]" time="0.002" /><testcase classname="tests.test_manure_module.manure_nutrients.test_manure_nutrients" name="test_manure_nutrients_invalid_init[nutrient_values0]" time="0.001" /><testcase classname="tests.test_manure_module.manure_nutrients.test_manure_nutrients" name="test_manure_nutrients_invalid_init[nutrient_values1]" time="0.001" /><testcase classname="tests.test_manure_module.manure_nutrients.test_manure_nutrients" name="test_manure_nutrients_invalid_init[nutrient_values2]" time="0.001" /><testcase classname="tests.test_manure_module.manure_nutrients.test_manure_nutrients" name="test_manure_nutrients_invalid_init[nutrient_values3]" time="0.001" /><testcase classname="tests.test_manure_module.manure_nutrients.test_manure_nutrients" name="test_manure_nutrients_invalid_init[nutrient_values4]" time="0.001" /><testcase classname="tests.test_manure_module.manure_nutrients.test_manure_nutrients" name="test_manure_nutrients_add_subtract" time="0.001" /><testcase classname="tests.test_manure_module.manure_nutrients.test_manure_nutrients" name="test_manure_nutrients_multiplication[0]" time="0.001" /><testcase classname="tests.test_manure_module.manure_nutrients.test_manure_nutrients" name="test_manure_nutrients_multiplication[2]" time="0.001" /><testcase classname="tests.test_manure_module.manure_nutrients.test_manure_nutrients" name="test_manure_nutrients_multiplication[3.5]" time="0.001" /><testcase classname="tests.test_manure_module.manure_nutrients.test_manure_nutrients" name="test_manure_nutrients_multiplication[10000000000.0]" time="0.001" /><testcase classname="tests.test_manure_module.manure_nutrients.test_manure_nutrients" name="test_manure_nutrients_multiplication[-1]" time="0.002" /><testcase classname="tests.test_manure_module.manure_nutrients.test_manure_nutrients" name="test_manure_nutrients_multiplication[None]" time="0.002" /><testcase classname="tests.test_manure_module.manure_nutrients.test_nutrient_request" name="test_nutrient_request_invalid_init[0.0-0.0]" time="0.001" /><testcase classname="tests.test_manure_module.manure_nutrients.test_nutrient_request" name="test_nutrient_request_invalid_init[-1.0-0.0]" time="0.001" /><testcase classname="tests.test_manure_module.manure_nutrients.test_nutrient_request" name="test_nutrient_request_invalid_init[1.0--2.0]" time="0.001" /><testcase classname="tests.test_manure_module.manure_nutrients.test_nutrient_request" name="test_nutrient_request_valid_init[0.0-1.0]" time="0.001" /><testcase classname="tests.test_manure_module.manure_nutrients.test_nutrient_request" name="test_nutrient_request_valid_init[1.0-0.0]" time="0.001" /><testcase classname="tests.test_manure_module.manure_nutrients.test_nutrient_request" name="test_nutrient_request_valid_init[1.0-2.0]" time="0.001" /><testcase classname="tests.test_manure_module.manure_nutrients.test_nutrient_request_results" name="test_nutrient_request_results_default_init" time="0.001" /><testcase classname="tests.test_manure_module.manure_nutrients.test_nutrient_request_results" name="test_nutrient_request_results_init[1.0-2.0-3.0-0.4-0.6-0.7-0.3-0.7-4.0-0.5]" time="0.002" /><testcase classname="tests.test_manure_module.manure_nutrients.test_nutrient_request_results" name="test_nutrient_request_results_init[1.0-2.0-3.0-0.6-0.4-0.7-0.4-0.6-4.0-0.5]" time="0.002" /><testcase classname="tests.test_manure_module.manure_nutrients.test_nutrient_request_results" name="test_nutrient_request_results_init[1.0-2.0-3.0-0.5-0.5-0.5-0.5-0.5-4.0-0.5]" time="0.002" /><testcase classname="tests.test_manure_module.manure_nutrients.test_nutrient_request_results" name="test_nutrient_request_results_init[1.0-2.0-3.0-1.0-0.0-0.0-1.0-0.0-4.0-0.1]" time="0.002" /><testcase classname="tests.test_manure_module.manure_nutrients.test_nutrient_request_results" name="test_nutrient_request_results_init[1.0-2.0-3.0-0.0-1.0-1.0-0.0-1.0-4.0-0.9]" time="0.002" /><testcase classname="tests.test_manure_module.manure_nutrients.test_nutrient_request_results" name="test_nutrient_request_results_init_with_negative_non_fractional_fields[nitrogen]" time="0.001" /><testcase classname="tests.test_manure_module.manure_nutrients.test_nutrient_request_results" name="test_nutrient_request_results_init_with_negative_non_fractional_fields[phosphorus]" time="0.001" /><testcase classname="tests.test_manure_module.manure_nutrients.test_nutrient_request_results" name="test_nutrient_request_results_init_with_negative_non_fractional_fields[total_manure_mass]" time="0.001" /><testcase classname="tests.test_manure_module.manure_nutrients.test_nutrient_request_results" name="test_nutrient_request_results_init_with_negative_non_fractional_fields[dry_matter]" time="0.001" /><testcase classname="tests.test_manure_module.manure_nutrients.test_nutrient_request_results" name="test_nutrient_request_results_init_with_out_of_range_fractional_fields[organic_nitrogen_fraction]" time="0.002" /><testcase classname="tests.test_manure_module.manure_nutrients.test_nutrient_request_results" name="test_nutrient_request_results_init_with_out_of_range_fractional_fields[inorganic_nitrogen_fraction]" time="0.002" /><testcase classname="tests.test_manure_module.manure_nutrients.test_nutrient_request_results" name="test_nutrient_request_results_init_with_out_of_range_fractional_fields[ammonium_nitrogen_fraction]" time="0.002" /><testcase classname="tests.test_manure_module.manure_nutrients.test_nutrient_request_results" name="test_nutrient_request_results_init_with_out_of_range_fractional_fields[organic_phosphorus_fraction]" time="0.002" /><testcase classname="tests.test_manure_module.manure_nutrients.test_nutrient_request_results" name="test_nutrient_request_results_init_with_out_of_range_fractional_fields[inorganic_phosphorus_fraction]" time="0.002" /><testcase classname="tests.test_manure_module.manure_nutrients.test_nutrient_request_results" name="test_nutrient_request_results_init_with_out_of_range_fractional_fields[dry_matter_fraction]" time="0.002" /><testcase classname="tests.test_manure_module.manure_nutrients.test_nutrient_request_results" name="test_nutrient_request_results_init_with_unequal_fractions[fraction_values0-nitrogen]" time="0.001" /><testcase classname="tests.test_manure_module.manure_nutrients.test_nutrient_request_results" name="test_nutrient_request_results_init_with_unequal_fractions[fraction_values1-nitrogen]" time="0.001" /><testcase classname="tests.test_manure_module.manure_nutrients.test_nutrient_request_results" name="test_nutrient_request_results_init_with_unequal_fractions[fraction_values2-nitrogen]" time="0.001" /><testcase classname="tests.test_manure_module.manure_nutrients.test_nutrient_request_results" name="test_nutrient_request_results_init_with_unequal_fractions[fraction_values3-phosphorus]" time="0.001" /><testcase classname="tests.test_manure_module.manure_nutrients.test_nutrient_request_results" name="test_nutrient_request_results_init_with_unequal_fractions[fraction_values4-phosphorus]" time="0.001" /><testcase classname="tests.test_manure_module.manure_nutrients.test_nutrient_request_results" name="test_nutrient_request_results_init_with_unequal_fractions[fraction_values5-phosphorus]" time="0.001" /><testcase classname="tests.test_manure_module.manure_treatments.test_manure_types" name="test_enum_ManureType" time="0.001" /><testcase classname="tests.test_manure_module.test_animal_manure_excretions.test_calf_manure_excretion" name="test_calf_manure_excretions[None]" time="0.004" /><testcase classname="tests.test_manure_module.test_animal_manure_excretions.test_calf_manure_excretion" name="test_calf_manure_excretions[dummy]" time="0.004" /><testcase classname="tests.test_manure_module.test_animal_manure_excretions.test_dry_cow_manure_excretion" name="test_dry_cow_manure_calculations[Mills]" time="0.004" /><testcase classname="tests.test_manure_module.test_animal_manure_excretions.test_dry_cow_manure_excretion" name="test_dry_cow_manure_calculations[IPCC]" time="0.004" /><testcase classname="tests.test_manure_module.test_animal_manure_excretions.test_general_manure" name="test_animal_manure_excretion_typed_dict" time="0.001" /><testcase classname="tests.test_manure_module.test_animal_manure_excretions.test_general_manure" name="test_calculate_phosphorus_excretion_values" time="0.001" /><testcase classname="tests.test_manure_module.test_animal_manure_excretions.test_growing_heifer_manure_excretion" name="test_growing_heifer_manure_calculations[Boadi]" time="0.005" /><testcase classname="tests.test_manure_module.test_animal_manure_excretions.test_growing_heifer_manure_excretion" name="test_growing_heifer_manure_calculations[IPCC]" time="0.004" /><testcase classname="tests.test_manure_module.test_animal_manure_excretions.test_lactating_cow_manure_excretion" name="test_lactating_cow_manure_calculations[Mutian]" time="0.004" /><testcase classname="tests.test_manure_module.test_animal_manure_excretions.test_lactating_cow_manure_excretion" name="test_lactating_cow_manure_calculations[Mills]" time="0.004" /><testcase classname="tests.test_manure_module.test_animal_manure_excretions.test_lactating_cow_manure_excretion" name="test_lactating_cow_manure_calculations[IPCC]" time="0.018" /></testsuite></testsuites>